{"uid":"6236642cff82fda1","name":"The DrillDown test","fullName":"application.Samples.Form.InputOnFormTest.drillDown","historyId":"df7a4ba0c8f57e76d091a3afce88e4aa","time":{"start":1741582864931,"stop":1741582886530,"duration":21599},"description":"Checking the url before the transition and after the transition/click on a special element","descriptionHtml":"<p>Checking the url before the transition and after the transition/click on a special element</p>\n","status":"failed","statusMessage":"Element not found {div[data-test='WIDGET'][data-test-widget-type='Form'][data-test-widget-title='Form']/div[data-test-field-type='input'][data-test-field-title='customField2'][0]/i[class=\"anticon anticon-link\"]}\nExpected: clickable: interactable and enabled\nScreenshot: file:/home/runner/work/cxbox-code-samples/cxbox-code-samples/build/reports/tests/1741582884314.26.png\nPage source: file:/home/runner/work/cxbox-code-samples/cxbox-code-samples/build/reports/tests/1741582884314.26.html\nTimeout: 10 s.\nCaused by: NoSuchElementException: no such element: Unable to locate element: {\"method\":\"css selector\",\"selector\":\"i[class=\"anticon anticon-link\"]\"}","statusTrace":"Element not found {div[data-test='WIDGET'][data-test-widget-type='Form'][data-test-widget-title='Form']/div[data-test-field-type='input'][data-test-field-title='customField2'][0]/i[class=\"anticon anticon-link\"]}\nExpected: clickable: interactable and enabled\nScreenshot: file:/home/runner/work/cxbox-code-samples/cxbox-code-samples/build/reports/tests/1741582884314.26.png\nPage source: file:/home/runner/work/cxbox-code-samples/cxbox-code-samples/build/reports/tests/1741582884314.26.html\nTimeout: 10 s.\nCaused by: NoSuchElementException: no such element: Unable to locate element: {\"method\":\"css selector\",\"selector\":\"i[class=\"anticon anticon-link\"]\"}\n\tat com.codeborne.selenide.impl.WebElementSource.createElementNotFoundError(WebElementSource.java:68)\n\tat com.codeborne.selenide.impl.ElementFinder.createElementNotFoundError(ElementFinder.java:117)\n\tat com.codeborne.selenide.impl.WebElementSource.handleError(WebElementSource.java:119)\n\tat com.codeborne.selenide.impl.WebElementSource.checkConditionAndReturnElement(WebElementSource.java:102)\n\tat com.codeborne.selenide.impl.WebElementSource.findAndAssertElementIsClickable(WebElementSource.java:148)\n\tat com.codeborne.selenide.commands.Click.findElement(Click.java:42)\n\tat com.codeborne.selenide.commands.Click.execute(Click.java:28)\n\tat com.codeborne.selenide.FluentCommand.execute(FluentCommand.java:27)\n\tat com.codeborne.selenide.FluentCommand.execute(FluentCommand.java:19)\n\tat com.codeborne.selenide.commands.Commands.execute(Commands.java:160)\n\tat com.codeborne.selenide.impl.SelenideElementProxy.dispatchAndRetry(SelenideElementProxy.java:131)\n\tat com.codeborne.selenide.impl.SelenideElementProxy.invoke(SelenideElementProxy.java:83)\n\tat jdk.proxy2/jdk.proxy2.$Proxy25.click(Unknown Source)\n\tat core.widget.form.field.input.Input.lambda$drillDown$4(Input.java:139)\n\tat io.qameta.allure.Allure.lambda$step$4(Allure.java:166)\n\tat io.qameta.allure.Allure.step(Allure.java:181)\n\tat io.qameta.allure.Allure.step(Allure.java:164)\n\tat core.widget.form.field.input.Input.drillDown(Input.java:132)\n\tat application.Samples.Form.InputOnFormTest.drillDown(InputOnFormTest.java:103)\n\tat java.base/java.lang.reflect.Method.invoke(Method.java:569)\n\tat java.base/java.util.ArrayList.forEach(ArrayList.java:1511)\n\tat java.base/java.util.ArrayList.forEach(ArrayList.java:1511)\nCaused by: org.openqa.selenium.NoSuchElementException: no such element: Unable to locate element: {\"method\":\"css selector\",\"selector\":\"i[class=\"anticon anticon-link\"]\"}\n  (Session info: chrome=133.0.6943.141)\nFor documentation on this error, please visit: https://www.selenium.dev/documentation/webdriver/troubleshooting/errors#no-such-element-exception\nBuild info: version: '4.19.1', revision: 'abe0ee07dc'\nSystem info: os.name: 'Linux', os.arch: 'amd64', os.version: '6.8.0-1021-azure', java.version: '17.0.14'\nDriver info: org.openqa.selenium.chrome.ChromeDriver\nCommand: [1175c494db917011dd2ffd12f8888abd, findChildElement {id=f.9F456B3965AA7527476B4361F8F1B0EB.d.7FECCEEE14542D2D9512F28AFB1DA9E1.e.474, value=i[class=\"anticon anticon-link\"], using=css selector}]\nCapabilities {acceptInsecureCerts: true, browserName: chrome, browserVersion: 133.0.6943.141, chrome: {chromedriverVersion: 133.0.6943.141 (2a5d6da0d61..., userDataDir: /tmp/.org.chromium.Chromium...}, fedcm:accounts: true, goog:chromeOptions: {debuggerAddress: localhost:9222}, networkConnectionEnabled: false, pageLoadStrategy: normal, platformName: linux, proxy: Proxy(manual, http=10.1.0.1..., se:cdp: ws://localhost:9222/devtool..., se:cdpVersion: 133.0.6943.141, setWindowRect: true, strictFileInteractability: false, timeouts: {implicit: 0, pageLoad: 300000, script: 30000}, unhandledPromptBehavior: accept, webauthn:extension:credBlob: true, webauthn:extension:largeBlob: true, webauthn:extension:minPinLength: true, webauthn:extension:prf: true, webauthn:virtualAuthenticators: true}\nSession ID: 1175c494db917011dd2ffd12f8888abd\n\tat jdk.internal.reflect.GeneratedConstructorAccessor33.newInstance(Unknown Source)\n\tat java.base/jdk.internal.reflect.DelegatingConstructorAccessorImpl.newInstance(DelegatingConstructorAccessorImpl.java:45)\n\tat java.base/java.lang.reflect.Constructor.newInstanceWithCaller(Constructor.java:500)\n\tat java.base/java.lang.reflect.Constructor.newInstance(Constructor.java:481)\n\tat org.openqa.selenium.remote.ErrorCodec.decode(ErrorCodec.java:167)\n\tat org.openqa.selenium.remote.codec.w3c.W3CHttpResponseCodec.decode(W3CHttpResponseCodec.java:138)\n\tat org.openqa.selenium.remote.codec.w3c.W3CHttpResponseCodec.decode(W3CHttpResponseCodec.java:50)\n\tat org.openqa.selenium.remote.HttpCommandExecutor.execute(HttpCommandExecutor.java:190)\n\tat org.openqa.selenium.remote.service.DriverCommandExecutor.invokeExecute(DriverCommandExecutor.java:216)\n\tat org.openqa.selenium.remote.service.DriverCommandExecutor.execute(DriverCommandExecutor.java:174)\n\tat org.openqa.selenium.remote.RemoteWebDriver.execute(RemoteWebDriver.java:518)\n\tat org.openqa.selenium.remote.ElementLocation$ElementFinder$2.findElement(ElementLocation.java:165)\n\tat org.openqa.selenium.remote.ElementLocation.findElement(ElementLocation.java:59)\n\tat org.openqa.selenium.remote.RemoteWebDriver.findElement(RemoteWebDriver.java:355)\n\tat org.openqa.selenium.remote.RemoteWebElement.findElement(RemoteWebElement.java:211)\n\tat com.codeborne.selenide.impl.WebElementSelector.findElement(WebElementSelector.java:64)\n\tat com.codeborne.selenide.impl.WebElementSelector.findElement(WebElementSelector.java:39)\n\tat com.codeborne.selenide.impl.WebElementSelector.findElement(WebElementSelector.java:30)\n\tat com.codeborne.selenide.impl.ElementFinder.getWebElement(ElementFinder.java:101)\n\tat com.codeborne.selenide.impl.WebElementSource.checkConditionAndReturnElement(WebElementSource.java:91)\n\t... 18 more\n","flaky":false,"newFailed":false,"newBroken":false,"newPassed":false,"retriesCount":3,"retriesStatusChange":false,"beforeStages":[{"name":"setUpAllure","time":{"start":1741582831204,"stop":1741582831204,"duration":0},"status":"passed","steps":[],"attachments":[],"parameters":[],"hasContent":false,"shouldDisplayMessage":false,"stepsCount":0,"attachmentsCount":0},{"name":"setUp","time":{"start":1741582864931,"stop":1741582871110,"duration":6179},"status":"passed","steps":[{"name":"Launching the browser...","time":{"start":1741582864931,"stop":1741582871110,"duration":6179},"status":"passed","steps":[{"name":"Authorization via KeyCloak with login: demo and password","time":{"start":1741582867456,"stop":1741582871110,"duration":3654},"status":"passed","steps":[{"name":"Entering a username: demo","time":{"start":1741582867456,"stop":1741582868931,"duration":1475},"status":"passed","steps":[],"attachments":[],"parameters":[{"name":"startTime","value":"05:01:07 10-03-2025"},{"name":"login","value":"demo"}],"hasContent":true,"shouldDisplayMessage":false,"stepsCount":0,"attachmentsCount":0},{"name":"Entering a password","time":{"start":1741582868931,"stop":1741582869010,"duration":79},"status":"passed","steps":[],"attachments":[],"parameters":[{"name":"startTime","value":"05:01:08 10-03-2025"}],"hasContent":true,"shouldDisplayMessage":false,"stepsCount":0,"attachmentsCount":0},{"name":"Clicking on the Login button","time":{"start":1741582869010,"stop":1741582870910,"duration":1900},"status":"passed","steps":[],"attachments":[],"parameters":[{"name":"startTime","value":"05:01:09 10-03-2025"}],"hasContent":true,"shouldDisplayMessage":false,"stepsCount":0,"attachmentsCount":0}],"attachments":[],"parameters":[{"name":"startTime","value":"05:01:07 10-03-2025"},{"name":"login","value":"demo"}],"hasContent":true,"shouldDisplayMessage":false,"stepsCount":3,"attachmentsCount":0}],"attachments":[],"parameters":[{"name":"startTime","value":"05:01:04 10-03-2025"}],"hasContent":true,"shouldDisplayMessage":false,"stepsCount":4,"attachmentsCount":0}],"attachments":[],"parameters":[],"hasContent":true,"shouldDisplayMessage":false,"stepsCount":5,"attachmentsCount":0}],"testStage":{"description":"Checking the url before the transition and after the transition/click on a special element","status":"failed","statusMessage":"Element not found {div[data-test='WIDGET'][data-test-widget-type='Form'][data-test-widget-title='Form']/div[data-test-field-type='input'][data-test-field-title='customField2'][0]/i[class=\"anticon anticon-link\"]}\nExpected: clickable: interactable and enabled\nScreenshot: file:/home/runner/work/cxbox-code-samples/cxbox-code-samples/build/reports/tests/1741582884314.26.png\nPage source: file:/home/runner/work/cxbox-code-samples/cxbox-code-samples/build/reports/tests/1741582884314.26.html\nTimeout: 10 s.\nCaused by: NoSuchElementException: no such element: Unable to locate element: {\"method\":\"css selector\",\"selector\":\"i[class=\"anticon anticon-link\"]\"}","statusTrace":"Element not found {div[data-test='WIDGET'][data-test-widget-type='Form'][data-test-widget-title='Form']/div[data-test-field-type='input'][data-test-field-title='customField2'][0]/i[class=\"anticon anticon-link\"]}\nExpected: clickable: interactable and enabled\nScreenshot: file:/home/runner/work/cxbox-code-samples/cxbox-code-samples/build/reports/tests/1741582884314.26.png\nPage source: file:/home/runner/work/cxbox-code-samples/cxbox-code-samples/build/reports/tests/1741582884314.26.html\nTimeout: 10 s.\nCaused by: NoSuchElementException: no such element: Unable to locate element: {\"method\":\"css selector\",\"selector\":\"i[class=\"anticon anticon-link\"]\"}\n\tat com.codeborne.selenide.impl.WebElementSource.createElementNotFoundError(WebElementSource.java:68)\n\tat com.codeborne.selenide.impl.ElementFinder.createElementNotFoundError(ElementFinder.java:117)\n\tat com.codeborne.selenide.impl.WebElementSource.handleError(WebElementSource.java:119)\n\tat com.codeborne.selenide.impl.WebElementSource.checkConditionAndReturnElement(WebElementSource.java:102)\n\tat com.codeborne.selenide.impl.WebElementSource.findAndAssertElementIsClickable(WebElementSource.java:148)\n\tat com.codeborne.selenide.commands.Click.findElement(Click.java:42)\n\tat com.codeborne.selenide.commands.Click.execute(Click.java:28)\n\tat com.codeborne.selenide.FluentCommand.execute(FluentCommand.java:27)\n\tat com.codeborne.selenide.FluentCommand.execute(FluentCommand.java:19)\n\tat com.codeborne.selenide.commands.Commands.execute(Commands.java:160)\n\tat com.codeborne.selenide.impl.SelenideElementProxy.dispatchAndRetry(SelenideElementProxy.java:131)\n\tat com.codeborne.selenide.impl.SelenideElementProxy.invoke(SelenideElementProxy.java:83)\n\tat jdk.proxy2/jdk.proxy2.$Proxy25.click(Unknown Source)\n\tat core.widget.form.field.input.Input.lambda$drillDown$4(Input.java:139)\n\tat io.qameta.allure.Allure.lambda$step$4(Allure.java:166)\n\tat io.qameta.allure.Allure.step(Allure.java:181)\n\tat io.qameta.allure.Allure.step(Allure.java:164)\n\tat core.widget.form.field.input.Input.drillDown(Input.java:132)\n\tat application.Samples.Form.InputOnFormTest.drillDown(InputOnFormTest.java:103)\n\tat java.base/java.lang.reflect.Method.invoke(Method.java:569)\n\tat java.base/java.util.ArrayList.forEach(ArrayList.java:1511)\n\tat java.base/java.util.ArrayList.forEach(ArrayList.java:1511)\nCaused by: org.openqa.selenium.NoSuchElementException: no such element: Unable to locate element: {\"method\":\"css selector\",\"selector\":\"i[class=\"anticon anticon-link\"]\"}\n  (Session info: chrome=133.0.6943.141)\nFor documentation on this error, please visit: https://www.selenium.dev/documentation/webdriver/troubleshooting/errors#no-such-element-exception\nBuild info: version: '4.19.1', revision: 'abe0ee07dc'\nSystem info: os.name: 'Linux', os.arch: 'amd64', os.version: '6.8.0-1021-azure', java.version: '17.0.14'\nDriver info: org.openqa.selenium.chrome.ChromeDriver\nCommand: [1175c494db917011dd2ffd12f8888abd, findChildElement {id=f.9F456B3965AA7527476B4361F8F1B0EB.d.7FECCEEE14542D2D9512F28AFB1DA9E1.e.474, value=i[class=\"anticon anticon-link\"], using=css selector}]\nCapabilities {acceptInsecureCerts: true, browserName: chrome, browserVersion: 133.0.6943.141, chrome: {chromedriverVersion: 133.0.6943.141 (2a5d6da0d61..., userDataDir: /tmp/.org.chromium.Chromium...}, fedcm:accounts: true, goog:chromeOptions: {debuggerAddress: localhost:9222}, networkConnectionEnabled: false, pageLoadStrategy: normal, platformName: linux, proxy: Proxy(manual, http=10.1.0.1..., se:cdp: ws://localhost:9222/devtool..., se:cdpVersion: 133.0.6943.141, setWindowRect: true, strictFileInteractability: false, timeouts: {implicit: 0, pageLoad: 300000, script: 30000}, unhandledPromptBehavior: accept, webauthn:extension:credBlob: true, webauthn:extension:largeBlob: true, webauthn:extension:minPinLength: true, webauthn:extension:prf: true, webauthn:virtualAuthenticators: true}\nSession ID: 1175c494db917011dd2ffd12f8888abd\n\tat jdk.internal.reflect.GeneratedConstructorAccessor33.newInstance(Unknown Source)\n\tat java.base/jdk.internal.reflect.DelegatingConstructorAccessorImpl.newInstance(DelegatingConstructorAccessorImpl.java:45)\n\tat java.base/java.lang.reflect.Constructor.newInstanceWithCaller(Constructor.java:500)\n\tat java.base/java.lang.reflect.Constructor.newInstance(Constructor.java:481)\n\tat org.openqa.selenium.remote.ErrorCodec.decode(ErrorCodec.java:167)\n\tat org.openqa.selenium.remote.codec.w3c.W3CHttpResponseCodec.decode(W3CHttpResponseCodec.java:138)\n\tat org.openqa.selenium.remote.codec.w3c.W3CHttpResponseCodec.decode(W3CHttpResponseCodec.java:50)\n\tat org.openqa.selenium.remote.HttpCommandExecutor.execute(HttpCommandExecutor.java:190)\n\tat org.openqa.selenium.remote.service.DriverCommandExecutor.invokeExecute(DriverCommandExecutor.java:216)\n\tat org.openqa.selenium.remote.service.DriverCommandExecutor.execute(DriverCommandExecutor.java:174)\n\tat org.openqa.selenium.remote.RemoteWebDriver.execute(RemoteWebDriver.java:518)\n\tat org.openqa.selenium.remote.ElementLocation$ElementFinder$2.findElement(ElementLocation.java:165)\n\tat org.openqa.selenium.remote.ElementLocation.findElement(ElementLocation.java:59)\n\tat org.openqa.selenium.remote.RemoteWebDriver.findElement(RemoteWebDriver.java:355)\n\tat org.openqa.selenium.remote.RemoteWebElement.findElement(RemoteWebElement.java:211)\n\tat com.codeborne.selenide.impl.WebElementSelector.findElement(WebElementSelector.java:64)\n\tat com.codeborne.selenide.impl.WebElementSelector.findElement(WebElementSelector.java:39)\n\tat com.codeborne.selenide.impl.WebElementSelector.findElement(WebElementSelector.java:30)\n\tat com.codeborne.selenide.impl.ElementFinder.getWebElement(ElementFinder.java:101)\n\tat com.codeborne.selenide.impl.WebElementSource.checkConditionAndReturnElement(WebElementSource.java:91)\n\t... 18 more\n","steps":[{"name":"Selecting the Input drilldown section in the left menu.","time":{"start":1741582871110,"stop":1741582874015,"duration":2905},"status":"passed","steps":[],"attachments":[],"parameters":[{"name":"sectionName","value":"Input drilldown"},{"name":"startTime","value":"05:01:11 10-03-2025"}],"hasContent":true,"shouldDisplayMessage":false,"stepsCount":0,"attachmentsCount":0},{"name":"Selecting a tab Form on a page","time":{"start":1741582874015,"stop":1741582874183,"duration":168},"status":"passed","steps":[],"attachments":[],"parameters":[{"name":"startTime","value":"05:01:14 10-03-2025"},{"name":"Name of tab","value":"Form"}],"hasContent":true,"shouldDisplayMessage":false,"stepsCount":0,"attachmentsCount":0},{"name":"Validation FormWidget by heading (Title) Form","time":{"start":1741582874183,"stop":1741582874203,"duration":20},"status":"passed","steps":[],"attachments":[],"parameters":[{"name":"startTime","value":"05:01:14 10-03-2025"},{"name":"Widget title","value":"Form"}],"hasContent":true,"shouldDisplayMessage":false,"stepsCount":0,"attachmentsCount":0},{"name":"Validation of a field with the Input by heading customField2","time":{"start":1741582874203,"stop":1741582874203,"duration":0},"status":"passed","steps":[],"attachments":[],"parameters":[{"name":"startTime","value":"05:01:14 10-03-2025"},{"name":"Field heading","value":"customField2"}],"hasContent":true,"shouldDisplayMessage":false,"stepsCount":0,"attachmentsCount":0},{"name":"Click-through when clicking on a hyperlink or a special element in a field","time":{"start":1741582874203,"stop":1741582884448,"duration":10245},"status":"failed","statusMessage":"Element not found {div[data-test='WIDGET'][data-test-widget-type='Form'][data-test-widget-title='Form']/div[data-test-field-type='input'][data-test-field-title='customField2'][0]/i[class=\"anticon anticon-link\"]}\nExpected: clickable: interactable and enabled\nScreenshot: file:/home/runner/work/cxbox-code-samples/cxbox-code-samples/build/reports/tests/1741582884314.26.png\nPage source: file:/home/runner/work/cxbox-code-samples/cxbox-code-samples/build/reports/tests/1741582884314.26.html\nTimeout: 10 s.\nCaused by: NoSuchElementException: no such element: Unable to locate element: {\"method\":\"css selector\",\"selector\":\"i[class=\"anticon anticon-link\"]\"}","statusTrace":"Element not found {div[data-test='WIDGET'][data-test-widget-type='Form'][data-test-widget-title='Form']/div[data-test-field-type='input'][data-test-field-title='customField2'][0]/i[class=\"anticon anticon-link\"]}\nExpected: clickable: interactable and enabled\nScreenshot: file:/home/runner/work/cxbox-code-samples/cxbox-code-samples/build/reports/tests/1741582884314.26.png\nPage source: file:/home/runner/work/cxbox-code-samples/cxbox-code-samples/build/reports/tests/1741582884314.26.html\nTimeout: 10 s.\nCaused by: NoSuchElementException: no such element: Unable to locate element: {\"method\":\"css selector\",\"selector\":\"i[class=\"anticon anticon-link\"]\"}\n\tat com.codeborne.selenide.impl.WebElementSource.createElementNotFoundError(WebElementSource.java:68)\n\tat com.codeborne.selenide.impl.ElementFinder.createElementNotFoundError(ElementFinder.java:117)\n\tat com.codeborne.selenide.impl.WebElementSource.handleError(WebElementSource.java:119)\n\tat com.codeborne.selenide.impl.WebElementSource.checkConditionAndReturnElement(WebElementSource.java:102)\n\tat com.codeborne.selenide.impl.WebElementSource.findAndAssertElementIsClickable(WebElementSource.java:148)\n\tat com.codeborne.selenide.commands.Click.findElement(Click.java:42)\n\tat com.codeborne.selenide.commands.Click.execute(Click.java:28)\n\tat com.codeborne.selenide.FluentCommand.execute(FluentCommand.java:27)\n\tat com.codeborne.selenide.FluentCommand.execute(FluentCommand.java:19)\n\tat com.codeborne.selenide.commands.Commands.execute(Commands.java:160)\n\tat com.codeborne.selenide.impl.SelenideElementProxy.dispatchAndRetry(SelenideElementProxy.java:131)\n\tat com.codeborne.selenide.impl.SelenideElementProxy.invoke(SelenideElementProxy.java:83)\n\tat jdk.proxy2/jdk.proxy2.$Proxy25.click(Unknown Source)\n\tat core.widget.form.field.input.Input.lambda$drillDown$4(Input.java:139)\n\tat io.qameta.allure.Allure.lambda$step$4(Allure.java:166)\n\tat io.qameta.allure.Allure.step(Allure.java:181)\n\tat io.qameta.allure.Allure.step(Allure.java:164)\n\tat core.widget.form.field.input.Input.drillDown(Input.java:132)\n\tat application.Samples.Form.InputOnFormTest.drillDown(InputOnFormTest.java:103)\n\tat java.base/jdk.internal.reflect.NativeMethodAccessorImpl.invoke0(Native Method)\n\tat java.base/jdk.internal.reflect.NativeMethodAccessorImpl.invoke(NativeMethodAccessorImpl.java:77)\n\tat java.base/jdk.internal.reflect.DelegatingMethodAccessorImpl.invoke(DelegatingMethodAccessorImpl.java:43)\n\tat java.base/java.lang.reflect.Method.invoke(Method.java:569)\n\tat org.junit.platform.commons.util.ReflectionUtils.invokeMethod(ReflectionUtils.java:728)\n\tat org.junit.jupiter.engine.execution.MethodInvocation.proceed(MethodInvocation.java:60)\n\tat org.junit.jupiter.engine.execution.InvocationInterceptorChain$ValidatingInvocation.proceed(InvocationInterceptorChain.java:131)\n\tat org.junit.jupiter.api.extension.InvocationInterceptor.interceptTestMethod(InvocationInterceptor.java:118)\n\tat org.junit.jupiter.engine.execution.InterceptingExecutableInvoker$ReflectiveInterceptorCall.lambda$ofVoidMethod$0(InterceptingExecutableInvoker.java:103)\n\tat org.junit.jupiter.engine.execution.InterceptingExecutableInvoker.lambda$invoke$0(InterceptingExecutableInvoker.java:93)\n\tat org.junit.jupiter.engine.execution.InvocationInterceptorChain$InterceptedInvocation.proceed(InvocationInterceptorChain.java:106)\n\tat org.junit.jupiter.engine.extension.TimeoutExtension.intercept(TimeoutExtension.java:156)\n\tat org.junit.jupiter.engine.extension.TimeoutExtension.interceptTestableMethod(TimeoutExtension.java:147)\n\tat org.junit.jupiter.engine.extension.TimeoutExtension.interceptTestMethod(TimeoutExtension.java:86)\n\tat org.junit.jupiter.engine.execution.InterceptingExecutableInvoker$ReflectiveInterceptorCall.lambda$ofVoidMethod$0(InterceptingExecutableInvoker.java:103)\n\tat org.junit.jupiter.engine.execution.InterceptingExecutableInvoker.lambda$invoke$0(InterceptingExecutableInvoker.java:93)\n\tat org.junit.jupiter.engine.execution.InvocationInterceptorChain$InterceptedInvocation.proceed(InvocationInterceptorChain.java:106)\n\tat org.junit.jupiter.engine.execution.InvocationInterceptorChain.proceed(InvocationInterceptorChain.java:64)\n\tat org.junit.jupiter.engine.execution.InvocationInterceptorChain.chainAndInvoke(InvocationInterceptorChain.java:45)\n\tat org.junit.jupiter.engine.execution.InvocationInterceptorChain.invoke(InvocationInterceptorChain.java:37)\n\tat org.junit.jupiter.engine.execution.InterceptingExecutableInvoker.invoke(InterceptingExecutableInvoker.java:92)\n\tat org.junit.jupiter.engine.execution.InterceptingExecutableInvoker.invoke(InterceptingExecutableInvoker.java:86)\n\tat org.junit.jupiter.engine.descriptor.TestMethodTestDescriptor.lambda$invokeTestMethod$7(TestMethodTestDescriptor.java:217)\n\tat org.junit.platform.engine.support.hierarchical.ThrowableCollector.execute(ThrowableCollector.java:73)\n\tat org.junit.jupiter.engine.descriptor.TestMethodTestDescriptor.invokeTestMethod(TestMethodTestDescriptor.java:213)\n\tat org.junit.jupiter.engine.descriptor.TestMethodTestDescriptor.execute(TestMethodTestDescriptor.java:138)\n\tat org.junit.jupiter.engine.descriptor.TestMethodTestDescriptor.execute(TestMethodTestDescriptor.java:68)\n\tat org.junit.platform.engine.support.hierarchical.NodeTestTask.lambda$executeRecursively$6(NodeTestTask.java:151)\n\tat org.junit.platform.engine.support.hierarchical.ThrowableCollector.execute(ThrowableCollector.java:73)\n\tat org.junit.platform.engine.support.hierarchical.NodeTestTask.lambda$executeRecursively$8(NodeTestTask.java:141)\n\tat org.junit.platform.engine.support.hierarchical.Node.around(Node.java:137)\n\tat org.junit.platform.engine.support.hierarchical.NodeTestTask.lambda$executeRecursively$9(NodeTestTask.java:139)\n\tat org.junit.platform.engine.support.hierarchical.ThrowableCollector.execute(ThrowableCollector.java:73)\n\tat org.junit.platform.engine.support.hierarchical.NodeTestTask.executeRecursively(NodeTestTask.java:138)\n\tat org.junit.platform.engine.support.hierarchical.NodeTestTask.execute(NodeTestTask.java:95)\n\tat java.base/java.util.ArrayList.forEach(ArrayList.java:1511)\n\tat org.junit.platform.engine.support.hierarchical.SameThreadHierarchicalTestExecutorService.invokeAll(SameThreadHierarchicalTestExecutorService.java:41)\n\tat org.junit.platform.engine.support.hierarchical.NodeTestTask.lambda$executeRecursively$6(NodeTestTask.java:155)\n\tat org.junit.platform.engine.support.hierarchical.ThrowableCollector.execute(ThrowableCollector.java:73)\n\tat org.junit.platform.engine.support.hierarchical.NodeTestTask.lambda$executeRecursively$8(NodeTestTask.java:141)\n\tat org.junit.platform.engine.support.hierarchical.Node.around(Node.java:137)\n\tat org.junit.platform.engine.support.hierarchical.NodeTestTask.lambda$executeRecursively$9(NodeTestTask.java:139)\n\tat org.junit.platform.engine.support.hierarchical.ThrowableCollector.execute(ThrowableCollector.java:73)\n\tat org.junit.platform.engine.support.hierarchical.NodeTestTask.executeRecursively(NodeTestTask.java:138)\n\tat org.junit.platform.engine.support.hierarchical.NodeTestTask.execute(NodeTestTask.java:95)\n\tat java.base/java.util.ArrayList.forEach(ArrayList.java:1511)\n\tat org.junit.platform.engine.support.hierarchical.SameThreadHierarchicalTestExecutorService.invokeAll(SameThreadHierarchicalTestExecutorService.java:41)\n\tat org.junit.platform.engine.support.hierarchical.NodeTestTask.lambda$executeRecursively$6(NodeTestTask.java:155)\n\tat org.junit.platform.engine.support.hierarchical.ThrowableCollector.execute(ThrowableCollector.java:73)\n\tat org.junit.platform.engine.support.hierarchical.NodeTestTask.lambda$executeRecursively$8(NodeTestTask.java:141)\n\tat org.junit.platform.engine.support.hierarchical.Node.around(Node.java:137)\n\tat org.junit.platform.engine.support.hierarchical.NodeTestTask.lambda$executeRecursively$9(NodeTestTask.java:139)\n\tat org.junit.platform.engine.support.hierarchical.ThrowableCollector.execute(ThrowableCollector.java:73)\n\tat org.junit.platform.engine.support.hierarchical.NodeTestTask.executeRecursively(NodeTestTask.java:138)\n\tat org.junit.platform.engine.support.hierarchical.NodeTestTask.execute(NodeTestTask.java:95)\n\tat org.junit.platform.engine.support.hierarchical.SameThreadHierarchicalTestExecutorService.submit(SameThreadHierarchicalTestExecutorService.java:35)\n\tat org.junit.platform.engine.support.hierarchical.HierarchicalTestExecutor.execute(HierarchicalTestExecutor.java:57)\n\tat org.junit.platform.engine.support.hierarchical.HierarchicalTestEngine.execute(HierarchicalTestEngine.java:54)\n\tat org.junit.platform.launcher.core.EngineExecutionOrchestrator.execute(EngineExecutionOrchestrator.java:198)\n\tat org.junit.platform.launcher.core.EngineExecutionOrchestrator.execute(EngineExecutionOrchestrator.java:169)\n\tat org.junit.platform.launcher.core.EngineExecutionOrchestrator.execute(EngineExecutionOrchestrator.java:93)\n\tat org.junit.platform.launcher.core.EngineExecutionOrchestrator.lambda$execute$0(EngineExecutionOrchestrator.java:58)\n\tat org.junit.platform.launcher.core.EngineExecutionOrchestrator.withInterceptedStreams(EngineExecutionOrchestrator.java:141)\n\tat org.junit.platform.launcher.core.EngineExecutionOrchestrator.execute(EngineExecutionOrchestrator.java:57)\n\tat org.junit.platform.launcher.core.DefaultLauncher.execute(DefaultLauncher.java:103)\n\tat org.junit.platform.launcher.core.DefaultLauncher.execute(DefaultLauncher.java:85)\n\tat org.junit.platform.launcher.core.DelegatingLauncher.execute(DelegatingLauncher.java:47)\n\tat org.apache.maven.surefire.junitplatform.LazyLauncher.execute(LazyLauncher.java:56)\n\tat org.apache.maven.surefire.junitplatform.JUnitPlatformProvider.invokeAllTests(JUnitPlatformProvider.java:162)\n\tat org.apache.maven.surefire.junitplatform.JUnitPlatformProvider.invoke(JUnitPlatformProvider.java:122)\n\tat org.apache.maven.surefire.booter.ForkedBooter.runSuitesInProcess(ForkedBooter.java:385)\n\tat org.apache.maven.surefire.booter.ForkedBooter.execute(ForkedBooter.java:162)\n\tat org.apache.maven.surefire.booter.ForkedBooter.run(ForkedBooter.java:507)\n\tat org.apache.maven.surefire.booter.ForkedBooter.main(ForkedBooter.java:495)\nCaused by: org.openqa.selenium.NoSuchElementException: no such element: Unable to locate element: {\"method\":\"css selector\",\"selector\":\"i[class=\"anticon anticon-link\"]\"}\n  (Session info: chrome=133.0.6943.141)\nFor documentation on this error, please visit: https://www.selenium.dev/documentation/webdriver/troubleshooting/errors#no-such-element-exception\nBuild info: version: '4.19.1', revision: 'abe0ee07dc'\nSystem info: os.name: 'Linux', os.arch: 'amd64', os.version: '6.8.0-1021-azure', java.version: '17.0.14'\nDriver info: org.openqa.selenium.chrome.ChromeDriver\nCommand: [1175c494db917011dd2ffd12f8888abd, findChildElement {id=f.9F456B3965AA7527476B4361F8F1B0EB.d.7FECCEEE14542D2D9512F28AFB1DA9E1.e.474, value=i[class=\"anticon anticon-link\"], using=css selector}]\nCapabilities {acceptInsecureCerts: true, browserName: chrome, browserVersion: 133.0.6943.141, chrome: {chromedriverVersion: 133.0.6943.141 (2a5d6da0d61..., userDataDir: /tmp/.org.chromium.Chromium...}, fedcm:accounts: true, goog:chromeOptions: {debuggerAddress: localhost:9222}, networkConnectionEnabled: false, pageLoadStrategy: normal, platformName: linux, proxy: Proxy(manual, http=10.1.0.1..., se:cdp: ws://localhost:9222/devtool..., se:cdpVersion: 133.0.6943.141, setWindowRect: true, strictFileInteractability: false, timeouts: {implicit: 0, pageLoad: 300000, script: 30000}, unhandledPromptBehavior: accept, webauthn:extension:credBlob: true, webauthn:extension:largeBlob: true, webauthn:extension:minPinLength: true, webauthn:extension:prf: true, webauthn:virtualAuthenticators: true}\nSession ID: 1175c494db917011dd2ffd12f8888abd\n\tat jdk.internal.reflect.GeneratedConstructorAccessor33.newInstance(Unknown Source)\n\tat java.base/jdk.internal.reflect.DelegatingConstructorAccessorImpl.newInstance(DelegatingConstructorAccessorImpl.java:45)\n\tat java.base/java.lang.reflect.Constructor.newInstanceWithCaller(Constructor.java:500)\n\tat java.base/java.lang.reflect.Constructor.newInstance(Constructor.java:481)\n\tat org.openqa.selenium.remote.ErrorCodec.decode(ErrorCodec.java:167)\n\tat org.openqa.selenium.remote.codec.w3c.W3CHttpResponseCodec.decode(W3CHttpResponseCodec.java:138)\n\tat org.openqa.selenium.remote.codec.w3c.W3CHttpResponseCodec.decode(W3CHttpResponseCodec.java:50)\n\tat org.openqa.selenium.remote.HttpCommandExecutor.execute(HttpCommandExecutor.java:190)\n\tat org.openqa.selenium.remote.service.DriverCommandExecutor.invokeExecute(DriverCommandExecutor.java:216)\n\tat org.openqa.selenium.remote.service.DriverCommandExecutor.execute(DriverCommandExecutor.java:174)\n\tat org.openqa.selenium.remote.RemoteWebDriver.execute(RemoteWebDriver.java:518)\n\tat org.openqa.selenium.remote.ElementLocation$ElementFinder$2.findElement(ElementLocation.java:165)\n\tat org.openqa.selenium.remote.ElementLocation.findElement(ElementLocation.java:59)\n\tat org.openqa.selenium.remote.RemoteWebDriver.findElement(RemoteWebDriver.java:355)\n\tat org.openqa.selenium.remote.RemoteWebElement.findElement(RemoteWebElement.java:211)\n\tat com.codeborne.selenide.impl.WebElementSelector.findElement(WebElementSelector.java:64)\n\tat com.codeborne.selenide.impl.WebElementSelector.findElement(WebElementSelector.java:39)\n\tat com.codeborne.selenide.impl.WebElementSelector.findElement(WebElementSelector.java:30)\n\tat com.codeborne.selenide.impl.ElementFinder.getWebElement(ElementFinder.java:101)\n\tat com.codeborne.selenide.impl.WebElementSource.checkConditionAndReturnElement(WebElementSource.java:91)\n\t... 89 more\n","steps":[],"attachments":[{"uid":"5321b2243a21cbfd","name":"Screenshot","source":"5321b2243a21cbfd.png","type":"image/png","size":39826}],"parameters":[{"name":"startTime","value":"05:01:14 10-03-2025"}],"hasContent":true,"shouldDisplayMessage":true,"stepsCount":0,"attachmentsCount":1}],"attachments":[],"parameters":[],"hasContent":true,"shouldDisplayMessage":false,"stepsCount":5,"attachmentsCount":1},"afterStages":[{"name":"printLogs","time":{"start":1741582884449,"stop":1741582884449,"duration":0},"status":"passed","steps":[{"name":"Print browser logs and response...","time":{"start":1741582884449,"stop":1741582884449,"duration":0},"status":"passed","steps":[],"attachments":[{"uid":"e92dbaa802dd9887","name":"Browser network","source":"e92dbaa802dd9887.txt","type":"text/plain","size":5759}],"parameters":[{"name":"startTime","value":"05:01:24 10-03-2025"}],"hasContent":true,"shouldDisplayMessage":false,"stepsCount":0,"attachmentsCount":1}],"attachments":[],"parameters":[],"hasContent":true,"shouldDisplayMessage":false,"stepsCount":1,"attachmentsCount":1},{"name":"tearDown","time":{"start":1741582884450,"stop":1741582886529,"duration":2079},"status":"passed","steps":[{"name":"Closing the browser window","time":{"start":1741582884450,"stop":1741582886529,"duration":2079},"status":"passed","steps":[],"attachments":[],"parameters":[{"name":"startTime","value":"05:01:24 10-03-2025"}],"hasContent":true,"shouldDisplayMessage":false,"stepsCount":0,"attachmentsCount":0}],"attachments":[],"parameters":[],"hasContent":true,"shouldDisplayMessage":false,"stepsCount":1,"attachmentsCount":0},{"name":"createZipLog","time":{"start":1741583018606,"stop":1741583020247,"duration":1641},"status":"passed","steps":[],"attachments":[{"uid":"de55e7d5e7bc3af6","name":"Login network logs","source":"de55e7d5e7bc3af6.zip","type":"application/zip","size":5993199}],"parameters":[],"hasContent":true,"shouldDisplayMessage":false,"stepsCount":0,"attachmentsCount":1}],"labels":[{"name":"tag","value":"Positive"},{"name":"tag","value":"application/Samples"},{"name":"tag","value":"Form"},{"name":"junit.platform.uniqueid","value":"[engine:junit-jupiter]/[class:application.Samples.Form.InputOnFormTest]/[method:drillDown()]"},{"name":"epic","value":"application/Samples"},{"name":"host","value":"fv-az1940-808"},{"name":"thread","value":"2250@fv-az1940-808.main(1)"},{"name":"framework","value":"junit-platform"},{"name":"language","value":"java"},{"name":"package","value":"application.Samples.Form.InputOnFormTest"},{"name":"testClass","value":"application.Samples.Form.InputOnFormTest"},{"name":"testMethod","value":"drillDown"},{"name":"suite","value":"Form. Checking the basic functions for the Input in the widget Form"},{"name":"resultFormat","value":"allure2"}],"parameters":[],"links":[],"hidden":false,"retry":false,"extra":{"severity":"normal","retries":[{"uid":"b4a49ec57903a7dd","status":"failed","statusDetails":"Element not found {div[data-test='WIDGET'][data-test-widget-type='Form'][data-test-widget-title='Form']/div[data-test-field-type='input'][data-test-field-title='customField2'][0]/i[class=\"anticon anticon-link\"]}\nExpected: clickable: interactable and enabled\nScreenshot: file:/home/runner/work/cxbox-code-samples/cxbox-code-samples/build/reports/tests/1741582693265.18.png\nPage source: file:/home/runner/work/cxbox-code-samples/cxbox-code-samples/build/reports/tests/1741582693265.18.html\nTimeout: 10 s.\nCaused by: NoSuchElementException: no such element: Unable to locate element: {\"method\":\"css selector\",\"selector\":\"i[class=\"anticon anticon-link\"]\"}","time":{"start":1741582674021,"stop":1741582695470,"duration":21449}},{"uid":"e890e25678fb1446","status":"failed","statusDetails":"Element not found {div[data-test='WIDGET'][data-test-widget-type='Form'][data-test-widget-title='Form']/div[data-test-field-type='input'][data-test-field-title='customField2'][0]/i[class=\"anticon anticon-link\"]}\nExpected: clickable: interactable and enabled\nScreenshot: file:/home/runner/work/cxbox-code-samples/cxbox-code-samples/build/reports/tests/1741582493139.10.png\nPage source: file:/home/runner/work/cxbox-code-samples/cxbox-code-samples/build/reports/tests/1741582493139.10.html\nTimeout: 10 s.\nCaused by: NoSuchElementException: no such element: Unable to locate element: {\"method\":\"css selector\",\"selector\":\"i[class=\"anticon anticon-link\"]\"}","time":{"start":1741582474096,"stop":1741582495343,"duration":21247}},{"uid":"886f1f2e832f8134","status":"failed","statusDetails":"Element not found {div[data-test='WIDGET'][data-test-widget-type='Form'][data-test-widget-title='Form']/div[data-test-field-type='input'][data-test-field-title='customField2'][0]/i[class=\"anticon anticon-link\"]}\nExpected: clickable: interactable and enabled\nScreenshot: file:/home/runner/work/cxbox-code-samples/cxbox-code-samples/build/reports/tests/1741582201036.0.png\nPage source: file:/home/runner/work/cxbox-code-samples/cxbox-code-samples/build/reports/tests/1741582201036.0.html\nTimeout: 10 s.\nCaused by: NoSuchElementException: no such element: Unable to locate element: {\"method\":\"css selector\",\"selector\":\"i[class=\"anticon anticon-link\"]\"}","time":{"start":1741582180776,"stop":1741582203327,"duration":22551}}],"categories":[{"name":"Product defects","matchedStatuses":[],"flaky":false}],"tags":["application/Samples","Positive","Form"]},"source":"6236642cff82fda1.json","parameterValues":[]}