{"uid":"23aa4c4e9f26cab6","name":"The test for getting the value from the field","fullName":"application.Samples.Info.DictionaryOnInfoTest.read","historyId":"a78b6256df11a975956f4f6998a17b88","time":{"start":1742921945595,"stop":1742921968940,"duration":23345},"description":"","status":"failed","statusMessage":"Element not found {div[data-test='WIDGET'][data-test-widget-type='Info'][data-test-widget-title='Info title']/div[data-test-field-type='dictionary'][data-test-field-title=\"Custom Field\"][0]/div[class*=\"Dictionary_coloredValue\"]}\nExpected: exist\nScreenshot: file:/home/runner/work/cxbox-code-samples/cxbox-code-samples/target/videos/1742921968702.453.png\nPage source: file:/home/runner/work/cxbox-code-samples/cxbox-code-samples/target/videos/1742921968702.453.html\nTimeout: 10 s.\nCaused by: NoSuchElementException: no such element: Unable to locate element: {\"method\":\"css selector\",\"selector\":\"div[class*=\"Dictionary_coloredValue\"]\"}","statusTrace":"Element not found {div[data-test='WIDGET'][data-test-widget-type='Info'][data-test-widget-title='Info title']/div[data-test-field-type='dictionary'][data-test-field-title=\"Custom Field\"][0]/div[class*=\"Dictionary_coloredValue\"]}\nExpected: exist\nScreenshot: file:/home/runner/work/cxbox-code-samples/cxbox-code-samples/target/videos/1742921968702.453.png\nPage source: file:/home/runner/work/cxbox-code-samples/cxbox-code-samples/target/videos/1742921968702.453.html\nTimeout: 10 s.\nCaused by: NoSuchElementException: no such element: Unable to locate element: {\"method\":\"css selector\",\"selector\":\"div[class*=\"Dictionary_coloredValue\"]\"}\n\tat com.codeborne.selenide.impl.WebElementSource.createElementNotFoundError(WebElementSource.java:68)\n\tat com.codeborne.selenide.impl.ElementFinder.createElementNotFoundError(ElementFinder.java:117)\n\tat com.codeborne.selenide.impl.WebElementSource.handleError(WebElementSource.java:119)\n\tat com.codeborne.selenide.impl.WebElementSource.checkConditionAndReturnElement(WebElementSource.java:102)\n\tat com.codeborne.selenide.impl.WebElementSource.checkCondition(WebElementSource.java:78)\n\tat com.codeborne.selenide.commands.Should.execute(Should.java:24)\n\tat com.codeborne.selenide.FluentCommand.execute(FluentCommand.java:27)\n\tat com.codeborne.selenide.FluentCommand.execute(FluentCommand.java:19)\n\tat com.codeborne.selenide.commands.Commands.execute(Commands.java:160)\n\tat com.codeborne.selenide.impl.SelenideElementProxy.dispatchAndRetry(SelenideElementProxy.java:131)\n\tat com.codeborne.selenide.impl.SelenideElementProxy.invoke(SelenideElementProxy.java:83)\n\tat jdk.proxy2/jdk.proxy2.$Proxy23.shouldBe(Unknown Source)\n\tat core.widget.info.field.dictionary.Dictionary.lambda$getValue$0(Dictionary.java:37)\n\tat io.qameta.allure.Allure.lambda$step$4(Allure.java:166)\n\tat io.qameta.allure.Allure.step(Allure.java:181)\n\tat io.qameta.allure.Allure.step(Allure.java:164)\n\tat core.widget.info.field.dictionary.Dictionary.getValue(Dictionary.java:32)\n\tat application.Samples.Info.DictionaryOnInfoTest.read(DictionaryOnInfoTest.java:68)\n\tat java.base/java.lang.reflect.Method.invoke(Method.java:569)\n\tat java.base/java.util.ArrayList.forEach(ArrayList.java:1511)\n\tat java.base/java.util.ArrayList.forEach(ArrayList.java:1511)\nCaused by: org.openqa.selenium.NoSuchElementException: no such element: Unable to locate element: {\"method\":\"css selector\",\"selector\":\"div[class*=\"Dictionary_coloredValue\"]\"}\n  (Session info: chrome=134.0.6998.88)\nFor documentation on this error, please visit: https://www.selenium.dev/documentation/webdriver/troubleshooting/errors#no-such-element-exception\nBuild info: version: '4.19.1', revision: 'abe0ee07dc'\nSystem info: os.name: 'Linux', os.arch: 'amd64', os.version: '6.8.0-1021-azure', java.version: '17.0.14'\nDriver info: org.openqa.selenium.chrome.ChromeDriver\nCommand: [ef183da50df8c2cedc005fd76f5c376c, findChildElement {value=div[class*=\"Dictionary_coloredValue\"], id=f.D7BB613216062CFB7F4E966471882E9C.d.78E32CA649B6714EAC7E6177A932EA61.e.478, using=css selector}]\nCapabilities {acceptInsecureCerts: true, browserName: chrome, browserVersion: 134.0.6998.88, chrome: {chromedriverVersion: 134.0.6998.88 (7e3d5c978c6d..., userDataDir: /tmp/.org.chromium.Chromium...}, fedcm:accounts: true, goog:chromeOptions: {debuggerAddress: localhost:38477}, networkConnectionEnabled: false, pageLoadStrategy: normal, platformName: linux, proxy: Proxy(), se:cdp: ws://localhost:38477/devtoo..., se:cdpVersion: 134.0.6998.88, setWindowRect: true, strictFileInteractability: false, timeouts: {implicit: 0, pageLoad: 300000, script: 30000}, unhandledPromptBehavior: accept, webauthn:extension:credBlob: true, webauthn:extension:largeBlob: true, webauthn:extension:minPinLength: true, webauthn:extension:prf: true, webauthn:virtualAuthenticators: true}\nSession ID: ef183da50df8c2cedc005fd76f5c376c\n\tat jdk.internal.reflect.GeneratedConstructorAccessor21.newInstance(Unknown Source)\n\tat java.base/jdk.internal.reflect.DelegatingConstructorAccessorImpl.newInstance(DelegatingConstructorAccessorImpl.java:45)\n\tat java.base/java.lang.reflect.Constructor.newInstanceWithCaller(Constructor.java:500)\n\tat java.base/java.lang.reflect.Constructor.newInstance(Constructor.java:481)\n\tat org.openqa.selenium.remote.ErrorCodec.decode(ErrorCodec.java:167)\n\tat org.openqa.selenium.remote.codec.w3c.W3CHttpResponseCodec.decode(W3CHttpResponseCodec.java:138)\n\tat org.openqa.selenium.remote.codec.w3c.W3CHttpResponseCodec.decode(W3CHttpResponseCodec.java:50)\n\tat org.openqa.selenium.remote.HttpCommandExecutor.execute(HttpCommandExecutor.java:190)\n\tat org.openqa.selenium.remote.service.DriverCommandExecutor.invokeExecute(DriverCommandExecutor.java:216)\n\tat org.openqa.selenium.remote.service.DriverCommandExecutor.execute(DriverCommandExecutor.java:174)\n\tat org.openqa.selenium.remote.RemoteWebDriver.execute(RemoteWebDriver.java:518)\n\tat org.openqa.selenium.remote.ElementLocation$ElementFinder$2.findElement(ElementLocation.java:165)\n\tat org.openqa.selenium.remote.ElementLocation.findElement(ElementLocation.java:59)\n\tat org.openqa.selenium.remote.RemoteWebDriver.findElement(RemoteWebDriver.java:355)\n\tat org.openqa.selenium.remote.RemoteWebElement.findElement(RemoteWebElement.java:211)\n\tat com.codeborne.selenide.impl.WebElementSelector.findElement(WebElementSelector.java:64)\n\tat com.codeborne.selenide.impl.WebElementSelector.findElement(WebElementSelector.java:39)\n\tat com.codeborne.selenide.impl.WebElementSelector.findElement(WebElementSelector.java:30)\n\tat com.codeborne.selenide.impl.ElementFinder.getWebElement(ElementFinder.java:101)\n\tat com.codeborne.selenide.impl.WebElementSource.checkConditionAndReturnElement(WebElementSource.java:91)\n\t... 17 more\n","flaky":false,"newFailed":false,"newBroken":false,"newPassed":false,"retriesCount":3,"retriesStatusChange":false,"beforeStages":[{"name":"setUpAllure","time":{"start":1742921945594,"stop":1742921945594,"duration":0},"status":"passed","steps":[],"attachments":[],"parameters":[],"shouldDisplayMessage":false,"stepsCount":0,"attachmentsCount":0,"hasContent":false},{"name":"setUp","time":{"start":1742921945595,"stop":1742921949849,"duration":4254},"status":"passed","steps":[{"name":"Launching the browser...","time":{"start":1742921945595,"stop":1742921949849,"duration":4254},"status":"passed","steps":[{"name":"Authorization via KeyCloak with login: demo and password","time":{"start":1742921948036,"stop":1742921949849,"duration":1813},"status":"passed","steps":[{"name":"Entering a username: demo","time":{"start":1742921948036,"stop":1742921949478,"duration":1442},"status":"passed","steps":[],"attachments":[],"parameters":[{"name":"startTime","value":"16:59:08 25-03-2025"},{"name":"login","value":"demo"}],"shouldDisplayMessage":false,"stepsCount":0,"attachmentsCount":0,"hasContent":true},{"name":"Entering a password","time":{"start":1742921949478,"stop":1742921949559,"duration":81},"status":"passed","steps":[],"attachments":[],"parameters":[{"name":"startTime","value":"16:59:09 25-03-2025"}],"shouldDisplayMessage":false,"stepsCount":0,"attachmentsCount":0,"hasContent":true},{"name":"Clicking on the Login button","time":{"start":1742921949559,"stop":1742921949649,"duration":90},"status":"passed","steps":[],"attachments":[],"parameters":[{"name":"startTime","value":"16:59:09 25-03-2025"}],"shouldDisplayMessage":false,"stepsCount":0,"attachmentsCount":0,"hasContent":true}],"attachments":[],"parameters":[{"name":"startTime","value":"16:59:08 25-03-2025"},{"name":"login","value":"demo"}],"shouldDisplayMessage":false,"stepsCount":3,"attachmentsCount":0,"hasContent":true}],"attachments":[],"parameters":[{"name":"startTime","value":"16:59:05 25-03-2025"}],"shouldDisplayMessage":false,"stepsCount":4,"attachmentsCount":0,"hasContent":true}],"attachments":[],"parameters":[],"shouldDisplayMessage":false,"stepsCount":5,"attachmentsCount":0,"hasContent":true}],"testStage":{"description":"","status":"failed","statusMessage":"Element not found {div[data-test='WIDGET'][data-test-widget-type='Info'][data-test-widget-title='Info title']/div[data-test-field-type='dictionary'][data-test-field-title=\"Custom Field\"][0]/div[class*=\"Dictionary_coloredValue\"]}\nExpected: exist\nScreenshot: file:/home/runner/work/cxbox-code-samples/cxbox-code-samples/target/videos/1742921968702.453.png\nPage source: file:/home/runner/work/cxbox-code-samples/cxbox-code-samples/target/videos/1742921968702.453.html\nTimeout: 10 s.\nCaused by: NoSuchElementException: no such element: Unable to locate element: {\"method\":\"css selector\",\"selector\":\"div[class*=\"Dictionary_coloredValue\"]\"}","statusTrace":"Element not found {div[data-test='WIDGET'][data-test-widget-type='Info'][data-test-widget-title='Info title']/div[data-test-field-type='dictionary'][data-test-field-title=\"Custom Field\"][0]/div[class*=\"Dictionary_coloredValue\"]}\nExpected: exist\nScreenshot: file:/home/runner/work/cxbox-code-samples/cxbox-code-samples/target/videos/1742921968702.453.png\nPage source: file:/home/runner/work/cxbox-code-samples/cxbox-code-samples/target/videos/1742921968702.453.html\nTimeout: 10 s.\nCaused by: NoSuchElementException: no such element: Unable to locate element: {\"method\":\"css selector\",\"selector\":\"div[class*=\"Dictionary_coloredValue\"]\"}\n\tat com.codeborne.selenide.impl.WebElementSource.createElementNotFoundError(WebElementSource.java:68)\n\tat com.codeborne.selenide.impl.ElementFinder.createElementNotFoundError(ElementFinder.java:117)\n\tat com.codeborne.selenide.impl.WebElementSource.handleError(WebElementSource.java:119)\n\tat com.codeborne.selenide.impl.WebElementSource.checkConditionAndReturnElement(WebElementSource.java:102)\n\tat com.codeborne.selenide.impl.WebElementSource.checkCondition(WebElementSource.java:78)\n\tat com.codeborne.selenide.commands.Should.execute(Should.java:24)\n\tat com.codeborne.selenide.FluentCommand.execute(FluentCommand.java:27)\n\tat com.codeborne.selenide.FluentCommand.execute(FluentCommand.java:19)\n\tat com.codeborne.selenide.commands.Commands.execute(Commands.java:160)\n\tat com.codeborne.selenide.impl.SelenideElementProxy.dispatchAndRetry(SelenideElementProxy.java:131)\n\tat com.codeborne.selenide.impl.SelenideElementProxy.invoke(SelenideElementProxy.java:83)\n\tat jdk.proxy2/jdk.proxy2.$Proxy23.shouldBe(Unknown Source)\n\tat core.widget.info.field.dictionary.Dictionary.lambda$getValue$0(Dictionary.java:37)\n\tat io.qameta.allure.Allure.lambda$step$4(Allure.java:166)\n\tat io.qameta.allure.Allure.step(Allure.java:181)\n\tat io.qameta.allure.Allure.step(Allure.java:164)\n\tat core.widget.info.field.dictionary.Dictionary.getValue(Dictionary.java:32)\n\tat application.Samples.Info.DictionaryOnInfoTest.read(DictionaryOnInfoTest.java:68)\n\tat java.base/java.lang.reflect.Method.invoke(Method.java:569)\n\tat java.base/java.util.ArrayList.forEach(ArrayList.java:1511)\n\tat java.base/java.util.ArrayList.forEach(ArrayList.java:1511)\nCaused by: org.openqa.selenium.NoSuchElementException: no such element: Unable to locate element: {\"method\":\"css selector\",\"selector\":\"div[class*=\"Dictionary_coloredValue\"]\"}\n  (Session info: chrome=134.0.6998.88)\nFor documentation on this error, please visit: https://www.selenium.dev/documentation/webdriver/troubleshooting/errors#no-such-element-exception\nBuild info: version: '4.19.1', revision: 'abe0ee07dc'\nSystem info: os.name: 'Linux', os.arch: 'amd64', os.version: '6.8.0-1021-azure', java.version: '17.0.14'\nDriver info: org.openqa.selenium.chrome.ChromeDriver\nCommand: [ef183da50df8c2cedc005fd76f5c376c, findChildElement {value=div[class*=\"Dictionary_coloredValue\"], id=f.D7BB613216062CFB7F4E966471882E9C.d.78E32CA649B6714EAC7E6177A932EA61.e.478, using=css selector}]\nCapabilities {acceptInsecureCerts: true, browserName: chrome, browserVersion: 134.0.6998.88, chrome: {chromedriverVersion: 134.0.6998.88 (7e3d5c978c6d..., userDataDir: /tmp/.org.chromium.Chromium...}, fedcm:accounts: true, goog:chromeOptions: {debuggerAddress: localhost:38477}, networkConnectionEnabled: false, pageLoadStrategy: normal, platformName: linux, proxy: Proxy(), se:cdp: ws://localhost:38477/devtoo..., se:cdpVersion: 134.0.6998.88, setWindowRect: true, strictFileInteractability: false, timeouts: {implicit: 0, pageLoad: 300000, script: 30000}, unhandledPromptBehavior: accept, webauthn:extension:credBlob: true, webauthn:extension:largeBlob: true, webauthn:extension:minPinLength: true, webauthn:extension:prf: true, webauthn:virtualAuthenticators: true}\nSession ID: ef183da50df8c2cedc005fd76f5c376c\n\tat jdk.internal.reflect.GeneratedConstructorAccessor21.newInstance(Unknown Source)\n\tat java.base/jdk.internal.reflect.DelegatingConstructorAccessorImpl.newInstance(DelegatingConstructorAccessorImpl.java:45)\n\tat java.base/java.lang.reflect.Constructor.newInstanceWithCaller(Constructor.java:500)\n\tat java.base/java.lang.reflect.Constructor.newInstance(Constructor.java:481)\n\tat org.openqa.selenium.remote.ErrorCodec.decode(ErrorCodec.java:167)\n\tat org.openqa.selenium.remote.codec.w3c.W3CHttpResponseCodec.decode(W3CHttpResponseCodec.java:138)\n\tat org.openqa.selenium.remote.codec.w3c.W3CHttpResponseCodec.decode(W3CHttpResponseCodec.java:50)\n\tat org.openqa.selenium.remote.HttpCommandExecutor.execute(HttpCommandExecutor.java:190)\n\tat org.openqa.selenium.remote.service.DriverCommandExecutor.invokeExecute(DriverCommandExecutor.java:216)\n\tat org.openqa.selenium.remote.service.DriverCommandExecutor.execute(DriverCommandExecutor.java:174)\n\tat org.openqa.selenium.remote.RemoteWebDriver.execute(RemoteWebDriver.java:518)\n\tat org.openqa.selenium.remote.ElementLocation$ElementFinder$2.findElement(ElementLocation.java:165)\n\tat org.openqa.selenium.remote.ElementLocation.findElement(ElementLocation.java:59)\n\tat org.openqa.selenium.remote.RemoteWebDriver.findElement(RemoteWebDriver.java:355)\n\tat org.openqa.selenium.remote.RemoteWebElement.findElement(RemoteWebElement.java:211)\n\tat com.codeborne.selenide.impl.WebElementSelector.findElement(WebElementSelector.java:64)\n\tat com.codeborne.selenide.impl.WebElementSelector.findElement(WebElementSelector.java:39)\n\tat com.codeborne.selenide.impl.WebElementSelector.findElement(WebElementSelector.java:30)\n\tat com.codeborne.selenide.impl.ElementFinder.getWebElement(ElementFinder.java:101)\n\tat com.codeborne.selenide.impl.WebElementSource.checkConditionAndReturnElement(WebElementSource.java:91)\n\t... 17 more\n","steps":[{"name":"Selecting the Dictionary enum basic section in the left menu.","time":{"start":1742921949850,"stop":1742921958322,"duration":8472},"status":"passed","steps":[],"attachments":[],"parameters":[{"name":"sectionName","value":"Dictionary enum basic"},{"name":"startTime","value":"16:59:09 25-03-2025"}],"shouldDisplayMessage":false,"stepsCount":0,"attachmentsCount":0,"hasContent":true},{"name":"Selecting a tab Info on a page","time":{"start":1742921958322,"stop":1742921958529,"duration":207},"status":"passed","steps":[],"attachments":[],"parameters":[{"name":"startTime","value":"16:59:18 25-03-2025"},{"name":"Name of tab","value":"Info"}],"shouldDisplayMessage":false,"stepsCount":0,"attachmentsCount":0,"hasContent":true},{"name":"Validation InfoWidget by heading (Title) Info title","time":{"start":1742921958529,"stop":1742921958550,"duration":21},"status":"passed","steps":[],"attachments":[],"parameters":[{"name":"startTime","value":"16:59:18 25-03-2025"},{"name":"Widget title","value":"Info title"}],"shouldDisplayMessage":false,"stepsCount":0,"attachmentsCount":0,"hasContent":true},{"name":"Validation of a field with the Dictionary by heading Custom Field","time":{"start":1742921958550,"stop":1742921958550,"duration":0},"status":"passed","steps":[],"attachments":[],"parameters":[{"name":"startTime","value":"16:59:18 25-03-2025"},{"name":"Field header","value":"Custom Field"}],"shouldDisplayMessage":false,"stepsCount":0,"attachmentsCount":0,"hasContent":true},{"name":"Getting a value from a field","time":{"start":1742921958550,"stop":1742921968865,"duration":10315},"status":"failed","statusMessage":"Element not found {div[data-test='WIDGET'][data-test-widget-type='Info'][data-test-widget-title='Info title']/div[data-test-field-type='dictionary'][data-test-field-title=\"Custom Field\"][0]/div[class*=\"Dictionary_coloredValue\"]}\nExpected: exist\nScreenshot: file:/home/runner/work/cxbox-code-samples/cxbox-code-samples/target/videos/1742921968702.453.png\nPage source: file:/home/runner/work/cxbox-code-samples/cxbox-code-samples/target/videos/1742921968702.453.html\nTimeout: 10 s.\nCaused by: NoSuchElementException: no such element: Unable to locate element: {\"method\":\"css selector\",\"selector\":\"div[class*=\"Dictionary_coloredValue\"]\"}","statusTrace":"Element not found {div[data-test='WIDGET'][data-test-widget-type='Info'][data-test-widget-title='Info title']/div[data-test-field-type='dictionary'][data-test-field-title=\"Custom Field\"][0]/div[class*=\"Dictionary_coloredValue\"]}\nExpected: exist\nScreenshot: file:/home/runner/work/cxbox-code-samples/cxbox-code-samples/target/videos/1742921968702.453.png\nPage source: file:/home/runner/work/cxbox-code-samples/cxbox-code-samples/target/videos/1742921968702.453.html\nTimeout: 10 s.\nCaused by: NoSuchElementException: no such element: Unable to locate element: {\"method\":\"css selector\",\"selector\":\"div[class*=\"Dictionary_coloredValue\"]\"}\n\tat com.codeborne.selenide.impl.WebElementSource.createElementNotFoundError(WebElementSource.java:68)\n\tat com.codeborne.selenide.impl.ElementFinder.createElementNotFoundError(ElementFinder.java:117)\n\tat com.codeborne.selenide.impl.WebElementSource.handleError(WebElementSource.java:119)\n\tat com.codeborne.selenide.impl.WebElementSource.checkConditionAndReturnElement(WebElementSource.java:102)\n\tat com.codeborne.selenide.impl.WebElementSource.checkCondition(WebElementSource.java:78)\n\tat com.codeborne.selenide.commands.Should.execute(Should.java:24)\n\tat com.codeborne.selenide.FluentCommand.execute(FluentCommand.java:27)\n\tat com.codeborne.selenide.FluentCommand.execute(FluentCommand.java:19)\n\tat com.codeborne.selenide.commands.Commands.execute(Commands.java:160)\n\tat com.codeborne.selenide.impl.SelenideElementProxy.dispatchAndRetry(SelenideElementProxy.java:131)\n\tat com.codeborne.selenide.impl.SelenideElementProxy.invoke(SelenideElementProxy.java:83)\n\tat jdk.proxy2/jdk.proxy2.$Proxy23.shouldBe(Unknown Source)\n\tat core.widget.info.field.dictionary.Dictionary.lambda$getValue$0(Dictionary.java:37)\n\tat io.qameta.allure.Allure.lambda$step$4(Allure.java:166)\n\tat io.qameta.allure.Allure.step(Allure.java:181)\n\tat io.qameta.allure.Allure.step(Allure.java:164)\n\tat core.widget.info.field.dictionary.Dictionary.getValue(Dictionary.java:32)\n\tat application.Samples.Info.DictionaryOnInfoTest.read(DictionaryOnInfoTest.java:68)\n\tat java.base/jdk.internal.reflect.NativeMethodAccessorImpl.invoke0(Native Method)\n\tat java.base/jdk.internal.reflect.NativeMethodAccessorImpl.invoke(NativeMethodAccessorImpl.java:77)\n\tat java.base/jdk.internal.reflect.DelegatingMethodAccessorImpl.invoke(DelegatingMethodAccessorImpl.java:43)\n\tat java.base/java.lang.reflect.Method.invoke(Method.java:569)\n\tat org.junit.platform.commons.util.ReflectionUtils.invokeMethod(ReflectionUtils.java:728)\n\tat org.junit.jupiter.engine.execution.MethodInvocation.proceed(MethodInvocation.java:60)\n\tat org.junit.jupiter.engine.execution.InvocationInterceptorChain$ValidatingInvocation.proceed(InvocationInterceptorChain.java:131)\n\tat org.junit.jupiter.api.extension.InvocationInterceptor.interceptTestMethod(InvocationInterceptor.java:119)\n\tat org.junit.jupiter.engine.execution.InterceptingExecutableInvoker$ReflectiveInterceptorCall.lambda$ofVoidMethod$0(InterceptingExecutableInvoker.java:103)\n\tat org.junit.jupiter.engine.execution.InterceptingExecutableInvoker.lambda$invoke$0(InterceptingExecutableInvoker.java:93)\n\tat org.junit.jupiter.engine.execution.InvocationInterceptorChain$InterceptedInvocation.proceed(InvocationInterceptorChain.java:106)\n\tat org.junit.jupiter.engine.extension.TimeoutExtension.intercept(TimeoutExtension.java:156)\n\tat org.junit.jupiter.engine.extension.TimeoutExtension.interceptTestableMethod(TimeoutExtension.java:147)\n\tat org.junit.jupiter.engine.extension.TimeoutExtension.interceptTestMethod(TimeoutExtension.java:86)\n\tat org.junit.jupiter.engine.execution.InterceptingExecutableInvoker$ReflectiveInterceptorCall.lambda$ofVoidMethod$0(InterceptingExecutableInvoker.java:103)\n\tat org.junit.jupiter.engine.execution.InterceptingExecutableInvoker.lambda$invoke$0(InterceptingExecutableInvoker.java:93)\n\tat org.junit.jupiter.engine.execution.InvocationInterceptorChain$InterceptedInvocation.proceed(InvocationInterceptorChain.java:106)\n\tat org.junit.jupiter.engine.execution.InvocationInterceptorChain.proceed(InvocationInterceptorChain.java:64)\n\tat org.junit.jupiter.engine.execution.InvocationInterceptorChain.chainAndInvoke(InvocationInterceptorChain.java:45)\n\tat org.junit.jupiter.engine.execution.InvocationInterceptorChain.invoke(InvocationInterceptorChain.java:37)\n\tat org.junit.jupiter.engine.execution.InterceptingExecutableInvoker.invoke(InterceptingExecutableInvoker.java:92)\n\tat org.junit.jupiter.engine.execution.InterceptingExecutableInvoker.invoke(InterceptingExecutableInvoker.java:86)\n\tat org.junit.jupiter.engine.descriptor.TestMethodTestDescriptor.lambda$invokeTestMethod$7(TestMethodTestDescriptor.java:218)\n\tat org.junit.platform.engine.support.hierarchical.ThrowableCollector.execute(ThrowableCollector.java:73)\n\tat org.junit.jupiter.engine.descriptor.TestMethodTestDescriptor.invokeTestMethod(TestMethodTestDescriptor.java:214)\n\tat org.junit.jupiter.engine.descriptor.TestMethodTestDescriptor.execute(TestMethodTestDescriptor.java:139)\n\tat org.junit.jupiter.engine.descriptor.TestMethodTestDescriptor.execute(TestMethodTestDescriptor.java:69)\n\tat org.junit.platform.engine.support.hierarchical.NodeTestTask.lambda$executeRecursively$6(NodeTestTask.java:156)\n\tat org.junit.platform.engine.support.hierarchical.ThrowableCollector.execute(ThrowableCollector.java:73)\n\tat org.junit.platform.engine.support.hierarchical.NodeTestTask.lambda$executeRecursively$8(NodeTestTask.java:146)\n\tat org.junit.platform.engine.support.hierarchical.Node.around(Node.java:137)\n\tat org.junit.platform.engine.support.hierarchical.NodeTestTask.lambda$executeRecursively$9(NodeTestTask.java:144)\n\tat org.junit.platform.engine.support.hierarchical.ThrowableCollector.execute(ThrowableCollector.java:73)\n\tat org.junit.platform.engine.support.hierarchical.NodeTestTask.executeRecursively(NodeTestTask.java:143)\n\tat org.junit.platform.engine.support.hierarchical.NodeTestTask.execute(NodeTestTask.java:100)\n\tat java.base/java.util.ArrayList.forEach(ArrayList.java:1511)\n\tat org.junit.platform.engine.support.hierarchical.SameThreadHierarchicalTestExecutorService.invokeAll(SameThreadHierarchicalTestExecutorService.java:41)\n\tat org.junit.platform.engine.support.hierarchical.NodeTestTask.lambda$executeRecursively$6(NodeTestTask.java:160)\n\tat org.junit.platform.engine.support.hierarchical.ThrowableCollector.execute(ThrowableCollector.java:73)\n\tat org.junit.platform.engine.support.hierarchical.NodeTestTask.lambda$executeRecursively$8(NodeTestTask.java:146)\n\tat org.junit.platform.engine.support.hierarchical.Node.around(Node.java:137)\n\tat org.junit.platform.engine.support.hierarchical.NodeTestTask.lambda$executeRecursively$9(NodeTestTask.java:144)\n\tat org.junit.platform.engine.support.hierarchical.ThrowableCollector.execute(ThrowableCollector.java:73)\n\tat org.junit.platform.engine.support.hierarchical.NodeTestTask.executeRecursively(NodeTestTask.java:143)\n\tat org.junit.platform.engine.support.hierarchical.NodeTestTask.execute(NodeTestTask.java:100)\n\tat java.base/java.util.ArrayList.forEach(ArrayList.java:1511)\n\tat org.junit.platform.engine.support.hierarchical.SameThreadHierarchicalTestExecutorService.invokeAll(SameThreadHierarchicalTestExecutorService.java:41)\n\tat org.junit.platform.engine.support.hierarchical.NodeTestTask.lambda$executeRecursively$6(NodeTestTask.java:160)\n\tat org.junit.platform.engine.support.hierarchical.ThrowableCollector.execute(ThrowableCollector.java:73)\n\tat org.junit.platform.engine.support.hierarchical.NodeTestTask.lambda$executeRecursively$8(NodeTestTask.java:146)\n\tat org.junit.platform.engine.support.hierarchical.Node.around(Node.java:137)\n\tat org.junit.platform.engine.support.hierarchical.NodeTestTask.lambda$executeRecursively$9(NodeTestTask.java:144)\n\tat org.junit.platform.engine.support.hierarchical.ThrowableCollector.execute(ThrowableCollector.java:73)\n\tat org.junit.platform.engine.support.hierarchical.NodeTestTask.executeRecursively(NodeTestTask.java:143)\n\tat org.junit.platform.engine.support.hierarchical.NodeTestTask.execute(NodeTestTask.java:100)\n\tat org.junit.platform.engine.support.hierarchical.SameThreadHierarchicalTestExecutorService.submit(SameThreadHierarchicalTestExecutorService.java:35)\n\tat org.junit.platform.engine.support.hierarchical.HierarchicalTestExecutor.execute(HierarchicalTestExecutor.java:57)\n\tat org.junit.platform.engine.support.hierarchical.HierarchicalTestEngine.execute(HierarchicalTestEngine.java:54)\n\tat org.junit.platform.launcher.core.EngineExecutionOrchestrator.execute(EngineExecutionOrchestrator.java:198)\n\tat org.junit.platform.launcher.core.EngineExecutionOrchestrator.execute(EngineExecutionOrchestrator.java:169)\n\tat org.junit.platform.launcher.core.EngineExecutionOrchestrator.execute(EngineExecutionOrchestrator.java:93)\n\tat org.junit.platform.launcher.core.EngineExecutionOrchestrator.lambda$execute$0(EngineExecutionOrchestrator.java:58)\n\tat org.junit.platform.launcher.core.EngineExecutionOrchestrator.withInterceptedStreams(EngineExecutionOrchestrator.java:141)\n\tat org.junit.platform.launcher.core.EngineExecutionOrchestrator.execute(EngineExecutionOrchestrator.java:57)\n\tat org.junit.platform.launcher.core.DefaultLauncher.execute(DefaultLauncher.java:103)\n\tat org.junit.platform.launcher.core.DefaultLauncher.execute(DefaultLauncher.java:85)\n\tat org.junit.platform.launcher.core.DelegatingLauncher.execute(DelegatingLauncher.java:47)\n\tat org.apache.maven.surefire.junitplatform.LazyLauncher.execute(LazyLauncher.java:56)\n\tat org.apache.maven.surefire.junitplatform.JUnitPlatformProvider.invokeAllTests(JUnitPlatformProvider.java:162)\n\tat org.apache.maven.surefire.junitplatform.JUnitPlatformProvider.invoke(JUnitPlatformProvider.java:122)\n\tat org.apache.maven.surefire.booter.ForkedBooter.runSuitesInProcess(ForkedBooter.java:385)\n\tat org.apache.maven.surefire.booter.ForkedBooter.execute(ForkedBooter.java:162)\n\tat org.apache.maven.surefire.booter.ForkedBooter.run(ForkedBooter.java:507)\n\tat org.apache.maven.surefire.booter.ForkedBooter.main(ForkedBooter.java:495)\nCaused by: org.openqa.selenium.NoSuchElementException: no such element: Unable to locate element: {\"method\":\"css selector\",\"selector\":\"div[class*=\"Dictionary_coloredValue\"]\"}\n  (Session info: chrome=134.0.6998.88)\nFor documentation on this error, please visit: https://www.selenium.dev/documentation/webdriver/troubleshooting/errors#no-such-element-exception\nBuild info: version: '4.19.1', revision: 'abe0ee07dc'\nSystem info: os.name: 'Linux', os.arch: 'amd64', os.version: '6.8.0-1021-azure', java.version: '17.0.14'\nDriver info: org.openqa.selenium.chrome.ChromeDriver\nCommand: [ef183da50df8c2cedc005fd76f5c376c, findChildElement {value=div[class*=\"Dictionary_coloredValue\"], id=f.D7BB613216062CFB7F4E966471882E9C.d.78E32CA649B6714EAC7E6177A932EA61.e.478, using=css selector}]\nCapabilities {acceptInsecureCerts: true, browserName: chrome, browserVersion: 134.0.6998.88, chrome: {chromedriverVersion: 134.0.6998.88 (7e3d5c978c6d..., userDataDir: /tmp/.org.chromium.Chromium...}, fedcm:accounts: true, goog:chromeOptions: {debuggerAddress: localhost:38477}, networkConnectionEnabled: false, pageLoadStrategy: normal, platformName: linux, proxy: Proxy(), se:cdp: ws://localhost:38477/devtoo..., se:cdpVersion: 134.0.6998.88, setWindowRect: true, strictFileInteractability: false, timeouts: {implicit: 0, pageLoad: 300000, script: 30000}, unhandledPromptBehavior: accept, webauthn:extension:credBlob: true, webauthn:extension:largeBlob: true, webauthn:extension:minPinLength: true, webauthn:extension:prf: true, webauthn:virtualAuthenticators: true}\nSession ID: ef183da50df8c2cedc005fd76f5c376c\n\tat jdk.internal.reflect.GeneratedConstructorAccessor21.newInstance(Unknown Source)\n\tat java.base/jdk.internal.reflect.DelegatingConstructorAccessorImpl.newInstance(DelegatingConstructorAccessorImpl.java:45)\n\tat java.base/java.lang.reflect.Constructor.newInstanceWithCaller(Constructor.java:500)\n\tat java.base/java.lang.reflect.Constructor.newInstance(Constructor.java:481)\n\tat org.openqa.selenium.remote.ErrorCodec.decode(ErrorCodec.java:167)\n\tat org.openqa.selenium.remote.codec.w3c.W3CHttpResponseCodec.decode(W3CHttpResponseCodec.java:138)\n\tat org.openqa.selenium.remote.codec.w3c.W3CHttpResponseCodec.decode(W3CHttpResponseCodec.java:50)\n\tat org.openqa.selenium.remote.HttpCommandExecutor.execute(HttpCommandExecutor.java:190)\n\tat org.openqa.selenium.remote.service.DriverCommandExecutor.invokeExecute(DriverCommandExecutor.java:216)\n\tat org.openqa.selenium.remote.service.DriverCommandExecutor.execute(DriverCommandExecutor.java:174)\n\tat org.openqa.selenium.remote.RemoteWebDriver.execute(RemoteWebDriver.java:518)\n\tat org.openqa.selenium.remote.ElementLocation$ElementFinder$2.findElement(ElementLocation.java:165)\n\tat org.openqa.selenium.remote.ElementLocation.findElement(ElementLocation.java:59)\n\tat org.openqa.selenium.remote.RemoteWebDriver.findElement(RemoteWebDriver.java:355)\n\tat org.openqa.selenium.remote.RemoteWebElement.findElement(RemoteWebElement.java:211)\n\tat com.codeborne.selenide.impl.WebElementSelector.findElement(WebElementSelector.java:64)\n\tat com.codeborne.selenide.impl.WebElementSelector.findElement(WebElementSelector.java:39)\n\tat com.codeborne.selenide.impl.WebElementSelector.findElement(WebElementSelector.java:30)\n\tat com.codeborne.selenide.impl.ElementFinder.getWebElement(ElementFinder.java:101)\n\tat com.codeborne.selenide.impl.WebElementSource.checkConditionAndReturnElement(WebElementSource.java:91)\n\t... 88 more\n","steps":[],"attachments":[{"uid":"68c0a2a4e8490392","name":"Screenshot","source":"68c0a2a4e8490392.png","type":"image/png","size":48247},{"uid":"900062ba5f857cbe","name":"Page source","source":"900062ba5f857cbe.html","type":"text/html","size":375294}],"parameters":[{"name":"startTime","value":"16:59:18 25-03-2025"}],"shouldDisplayMessage":true,"stepsCount":0,"attachmentsCount":2,"hasContent":true}],"attachments":[],"parameters":[],"shouldDisplayMessage":false,"stepsCount":5,"attachmentsCount":2,"hasContent":true},"afterStages":[{"name":"printLogs","time":{"start":1742921968865,"stop":1742921968865,"duration":0},"status":"passed","steps":[],"attachments":[],"parameters":[],"shouldDisplayMessage":false,"stepsCount":0,"attachmentsCount":0,"hasContent":false},{"name":"tearDown","time":{"start":1742921968865,"stop":1742921968940,"duration":75},"status":"passed","steps":[{"name":"Closing the browser window","time":{"start":1742921968865,"stop":1742921968940,"duration":75},"status":"passed","steps":[],"attachments":[],"parameters":[{"name":"startTime","value":"16:59:28 25-03-2025"}],"shouldDisplayMessage":false,"stepsCount":0,"attachmentsCount":0,"hasContent":true}],"attachments":[],"parameters":[],"shouldDisplayMessage":false,"stepsCount":1,"attachmentsCount":0,"hasContent":true},{"name":"createZipLog","time":{"start":1742921991174,"stop":1742921991174,"duration":0},"status":"passed","steps":[],"attachments":[],"parameters":[],"shouldDisplayMessage":false,"stepsCount":0,"attachmentsCount":0,"hasContent":false}],"labels":[{"name":"tag","value":"Positive"},{"name":"tag","value":"application/Samples"},{"name":"junit.platform.uniqueid","value":"[engine:junit-jupiter]/[class:application.Samples.Info.DictionaryOnInfoTest]/[method:read()]"},{"name":"epic","value":"application/Samples"},{"name":"host","value":"fv-az1674-423"},{"name":"thread","value":"2311@fv-az1674-423.main(1)"},{"name":"framework","value":"junit-platform"},{"name":"language","value":"java"},{"name":"package","value":"application.Samples.Info.DictionaryOnInfoTest"},{"name":"testClass","value":"application.Samples.Info.DictionaryOnInfoTest"},{"name":"testMethod","value":"read"},{"name":"suite","value":"Info. Checking the basic functions for the Dictionary"},{"name":"resultFormat","value":"allure2"}],"parameters":[],"links":[],"hidden":false,"retry":false,"extra":{"severity":"normal","retries":[{"uid":"191a40acaab093c8","status":"failed","statusDetails":"Element not found {div[data-test='WIDGET'][data-test-widget-type='Info'][data-test-widget-title='Info title']/div[data-test-field-type='dictionary'][data-test-field-title=\"Custom Field\"][0]/div[class*=\"Dictionary_coloredValue\"]}\nExpected: exist\nScreenshot: file:/home/runner/work/cxbox-code-samples/cxbox-code-samples/target/videos/1742919138351.331.png\nPage source: file:/home/runner/work/cxbox-code-samples/cxbox-code-samples/target/videos/1742919138351.331.html\nTimeout: 10 s.\nCaused by: NoSuchElementException: no such element: Unable to locate element: {\"method\":\"css selector\",\"selector\":\"div[class*=\"Dictionary_coloredValue\"]\"}","time":{"start":1742919115143,"stop":1742919138589,"duration":23446}},{"uid":"7a9bdf7faeede17a","status":"failed","statusDetails":"Element not found {div[data-test='WIDGET'][data-test-widget-type='Info'][data-test-widget-title='Info title']/div[data-test-field-type='dictionary'][data-test-field-title=\"Custom Field\"][0]/div[class*=\"Dictionary_coloredValue\"]}\nExpected: exist\nScreenshot: file:/home/runner/work/cxbox-code-samples/cxbox-code-samples/target/videos/1742916279758.211.png\nPage source: file:/home/runner/work/cxbox-code-samples/cxbox-code-samples/target/videos/1742916279758.211.html\nTimeout: 10 s.\nCaused by: NoSuchElementException: no such element: Unable to locate element: {\"method\":\"css selector\",\"selector\":\"div[class*=\"Dictionary_coloredValue\"]\"}","time":{"start":1742916257258,"stop":1742916280003,"duration":22745}},{"uid":"bc76f9ee7da62710","status":"failed","statusDetails":"Element not found {div[data-test='WIDGET'][data-test-widget-type='Info'][data-test-widget-title='Info title']/div[data-test-field-type='dictionary'][data-test-field-title=\"Custom Field\"][0]/div[class*=\"Dictionary_coloredValue\"]}\nExpected: exist\nScreenshot: file:/home/runner/work/cxbox-code-samples/cxbox-code-samples/target/videos/1742913870928.136.png\nPage source: file:/home/runner/work/cxbox-code-samples/cxbox-code-samples/target/videos/1742913870928.136.html\nTimeout: 10 s.\nCaused by: NoSuchElementException: no such element: Unable to locate element: {\"method\":\"css selector\",\"selector\":\"div[class*=\"Dictionary_coloredValue\"]\"}","time":{"start":1742913848415,"stop":1742913871166,"duration":22751}}],"categories":[{"name":"Product defects","matchedStatuses":[],"flaky":false}],"history":{"statistic":{"failed":3,"broken":0,"skipped":0,"passed":2,"unknown":0,"total":5},"items":[{"uid":"98675916bf89c8ab","reportUrl":"https://CX-Box.github.io/cxbox-code-samples/146//#testresult/98675916bf89c8ab","status":"failed","statusDetails":"Element not found {div[data-test='WIDGET'][data-test-widget-type='Info'][data-test-widget-title='Info title']/div[data-test-field-type='dictionary'][data-test-field-title=\"Custom Field\"][0]/div[class*=\"Dictionary_coloredValue\"]}\nExpected: exist\nScreenshot: file:/home/runner/work/cxbox-code-samples/cxbox-code-samples/target/videos/1742911172031.463.png\nPage source: file:/home/runner/work/cxbox-code-samples/cxbox-code-samples/target/videos/1742911172031.463.html\nTimeout: 10 s.\nCaused by: NoSuchElementException: no such element: Unable to locate element: {\"method\":\"css selector\",\"selector\":\"div[class*=\"Dictionary_coloredValue\"]\"}","time":{"start":1742911149486,"stop":1742911174283,"duration":24797}},{"uid":"c00d78f6f9ae3750","reportUrl":"https://CX-Box.github.io/cxbox-code-samples/143//#testresult/c00d78f6f9ae3750","status":"failed","statusDetails":"Element not found {div[data-test='WIDGET'][data-test-widget-type='Info'][data-test-widget-title='Info title']/div[data-test-field-type='dictionary'][data-test-field-title=\"Custom Field\"][0]/div[class*=\"Dictionary_coloredValue\"]}\nExpected: exist\nScreenshot: file:/home/runner/work/cxbox-code-samples/cxbox-code-samples/target/videos/1742895167777.148.png\nPage source: file:/home/runner/work/cxbox-code-samples/cxbox-code-samples/target/videos/1742895167777.148.html\nTimeout: 10 s.\nCaused by: NoSuchElementException: no such element: Unable to locate element: {\"method\":\"css selector\",\"selector\":\"div[class*=\"Dictionary_coloredValue\"]\"}","time":{"start":1742895145312,"stop":1742895170029,"duration":24717}},{"uid":"89bcbfedeaa3dc48","reportUrl":"https://CX-Box.github.io/cxbox-code-samples/142//#testresult/89bcbfedeaa3dc48","status":"passed","time":{"start":1742890114259,"stop":1742890126545,"duration":12286}},{"uid":"ef67ceff4c08c2ce","reportUrl":"https://CX-Box.github.io/cxbox-code-samples/141//#testresult/ef67ceff4c08c2ce","status":"passed","time":{"start":1742827542397,"stop":1742827554293,"duration":11896}}]},"tags":["application/Samples","Positive"]},"source":"23aa4c4e9f26cab6.json","parameterValues":[]}