{"uid":"712ad6cb156096f1","name":"A test for setting multiple values in a field","fullName":"application.Samples.Form.MultiValueOnFormTest.test_set","historyId":"debbe8247ba3c6318cd7e9a0ba85c47b","time":{"start":1742923163742,"stop":1742923185025,"duration":21283},"description":"The test sets several values in the field, then checks the list with the expected value.","descriptionHtml":"<p>The test sets several values in the field, then checks the list with the expected value.</p>\n","status":"failed","statusMessage":"Element not found {div[data-test-widget-type=\"AssocListPopup\"]}\nExpected: visible\nScreenshot: file:/home/runner/work/cxbox-code-samples/cxbox-code-samples/target/videos/1742923184782.505.png\nPage source: file:/home/runner/work/cxbox-code-samples/cxbox-code-samples/target/videos/1742923184782.505.html\nTimeout: 10 s.\nCaused by: NoSuchElementException: no such element: Unable to locate element: {\"method\":\"css selector\",\"selector\":\"div[data-test-widget-type=\"AssocListPopup\"]\"}","statusTrace":"Element not found {div[data-test-widget-type=\"AssocListPopup\"]}\nExpected: visible\nScreenshot: file:/home/runner/work/cxbox-code-samples/cxbox-code-samples/target/videos/1742923184782.505.png\nPage source: file:/home/runner/work/cxbox-code-samples/cxbox-code-samples/target/videos/1742923184782.505.html\nTimeout: 10 s.\nCaused by: NoSuchElementException: no such element: Unable to locate element: {\"method\":\"css selector\",\"selector\":\"div[data-test-widget-type=\"AssocListPopup\"]\"}\n\tat com.codeborne.selenide.impl.WebElementSource.createElementNotFoundError(WebElementSource.java:68)\n\tat com.codeborne.selenide.impl.ElementFinder.createElementNotFoundError(ElementFinder.java:117)\n\tat com.codeborne.selenide.impl.WebElementSource.handleError(WebElementSource.java:119)\n\tat com.codeborne.selenide.impl.WebElementSource.checkConditionAndReturnElement(WebElementSource.java:102)\n\tat com.codeborne.selenide.impl.WebElementSource.checkCondition(WebElementSource.java:78)\n\tat com.codeborne.selenide.commands.Should.execute(Should.java:24)\n\tat com.codeborne.selenide.FluentCommand.execute(FluentCommand.java:27)\n\tat com.codeborne.selenide.FluentCommand.execute(FluentCommand.java:19)\n\tat com.codeborne.selenide.commands.Commands.execute(Commands.java:160)\n\tat com.codeborne.selenide.impl.SelenideElementProxy.dispatchAndRetry(SelenideElementProxy.java:131)\n\tat com.codeborne.selenide.impl.SelenideElementProxy.invoke(SelenideElementProxy.java:83)\n\tat jdk.proxy2/jdk.proxy2.$Proxy23.shouldBe(Unknown Source)\n\tat core.widget.form.field.multivalue.MultiValue.lambda$findPopup$3(MultiValue.java:120)\n\tat io.qameta.allure.Allure.lambda$step$4(Allure.java:166)\n\tat io.qameta.allure.Allure.step(Allure.java:181)\n\tat io.qameta.allure.Allure.step(Allure.java:164)\n\tat core.widget.form.field.multivalue.MultiValue.findPopup(MultiValue.java:117)\n\tat application.Samples.Form.MultiValueOnFormTest.test_set(MultiValueOnFormTest.java:290)\n\tat java.base/java.lang.reflect.Method.invoke(Method.java:569)\n\tat java.base/java.util.ArrayList.forEach(ArrayList.java:1511)\n\tat java.base/java.util.ArrayList.forEach(ArrayList.java:1511)\nCaused by: org.openqa.selenium.NoSuchElementException: no such element: Unable to locate element: {\"method\":\"css selector\",\"selector\":\"div[data-test-widget-type=\"AssocListPopup\"]\"}\n  (Session info: chrome=134.0.6998.88)\nFor documentation on this error, please visit: https://www.selenium.dev/documentation/webdriver/troubleshooting/errors#no-such-element-exception\nBuild info: version: '4.19.1', revision: 'abe0ee07dc'\nSystem info: os.name: 'Linux', os.arch: 'amd64', os.version: '6.8.0-1021-azure', java.version: '17.0.14'\nDriver info: org.openqa.selenium.chrome.ChromeDriver\nCommand: [0b4f4ae258cfa4b8cc20b2f5c0abdc12, findElement {value=div[data-test-widget-type=\"AssocListPopup\"], using=css selector}]\nCapabilities {acceptInsecureCerts: true, browserName: chrome, browserVersion: 134.0.6998.88, chrome: {chromedriverVersion: 134.0.6998.88 (7e3d5c978c6d..., userDataDir: /tmp/.org.chromium.Chromium...}, fedcm:accounts: true, goog:chromeOptions: {debuggerAddress: localhost:42669}, networkConnectionEnabled: false, pageLoadStrategy: normal, platformName: linux, proxy: Proxy(), se:cdp: ws://localhost:42669/devtoo..., se:cdpVersion: 134.0.6998.88, setWindowRect: true, strictFileInteractability: false, timeouts: {implicit: 0, pageLoad: 300000, script: 30000}, unhandledPromptBehavior: accept, webauthn:extension:credBlob: true, webauthn:extension:largeBlob: true, webauthn:extension:minPinLength: true, webauthn:extension:prf: true, webauthn:virtualAuthenticators: true}\nSession ID: 0b4f4ae258cfa4b8cc20b2f5c0abdc12\n\tat jdk.internal.reflect.GeneratedConstructorAccessor21.newInstance(Unknown Source)\n\tat java.base/jdk.internal.reflect.DelegatingConstructorAccessorImpl.newInstance(DelegatingConstructorAccessorImpl.java:45)\n\tat java.base/java.lang.reflect.Constructor.newInstanceWithCaller(Constructor.java:500)\n\tat java.base/java.lang.reflect.Constructor.newInstance(Constructor.java:481)\n\tat org.openqa.selenium.remote.ErrorCodec.decode(ErrorCodec.java:167)\n\tat org.openqa.selenium.remote.codec.w3c.W3CHttpResponseCodec.decode(W3CHttpResponseCodec.java:138)\n\tat org.openqa.selenium.remote.codec.w3c.W3CHttpResponseCodec.decode(W3CHttpResponseCodec.java:50)\n\tat org.openqa.selenium.remote.HttpCommandExecutor.execute(HttpCommandExecutor.java:190)\n\tat org.openqa.selenium.remote.service.DriverCommandExecutor.invokeExecute(DriverCommandExecutor.java:216)\n\tat org.openqa.selenium.remote.service.DriverCommandExecutor.execute(DriverCommandExecutor.java:174)\n\tat org.openqa.selenium.remote.RemoteWebDriver.execute(RemoteWebDriver.java:518)\n\tat org.openqa.selenium.remote.ElementLocation$ElementFinder$2.findElement(ElementLocation.java:165)\n\tat org.openqa.selenium.remote.ElementLocation.findElement(ElementLocation.java:59)\n\tat org.openqa.selenium.remote.RemoteWebDriver.findElement(RemoteWebDriver.java:355)\n\tat org.openqa.selenium.remote.RemoteWebDriver.findElement(RemoteWebDriver.java:349)\n\tat com.codeborne.selenide.impl.WebElementSelector.findElement(WebElementSelector.java:64)\n\tat com.codeborne.selenide.impl.WebElementSelector.findElement(WebElementSelector.java:39)\n\tat com.codeborne.selenide.impl.WebElementSelector.findElement(WebElementSelector.java:30)\n\tat com.codeborne.selenide.impl.ElementFinder.getWebElement(ElementFinder.java:101)\n\tat com.codeborne.selenide.impl.WebElementSource.checkConditionAndReturnElement(WebElementSource.java:91)\n\t... 17 more\n","flaky":false,"newFailed":false,"newBroken":false,"newPassed":false,"retriesCount":3,"retriesStatusChange":false,"beforeStages":[{"name":"setUpAllure","time":{"start":1742922993337,"stop":1742922993337,"duration":0},"status":"passed","steps":[],"attachments":[],"parameters":[],"shouldDisplayMessage":false,"stepsCount":0,"attachmentsCount":0,"hasContent":false},{"name":"setUp","time":{"start":1742923163744,"stop":1742923167979,"duration":4235},"status":"passed","steps":[{"name":"Launching the browser...","time":{"start":1742923163744,"stop":1742923167979,"duration":4235},"status":"passed","steps":[{"name":"Authorization via KeyCloak with login: demo and password","time":{"start":1742923166180,"stop":1742923167979,"duration":1799},"status":"passed","steps":[{"name":"Entering a username: demo","time":{"start":1742923166180,"stop":1742923167608,"duration":1428},"status":"passed","steps":[],"attachments":[],"parameters":[{"name":"startTime","value":"17:19:26 25-03-2025"},{"name":"login","value":"demo"}],"shouldDisplayMessage":false,"stepsCount":0,"attachmentsCount":0,"hasContent":true},{"name":"Entering a password","time":{"start":1742923167608,"stop":1742923167686,"duration":78},"status":"passed","steps":[],"attachments":[],"parameters":[{"name":"startTime","value":"17:19:27 25-03-2025"}],"shouldDisplayMessage":false,"stepsCount":0,"attachmentsCount":0,"hasContent":true},{"name":"Clicking on the Login button","time":{"start":1742923167686,"stop":1742923167779,"duration":93},"status":"passed","steps":[],"attachments":[],"parameters":[{"name":"startTime","value":"17:19:27 25-03-2025"}],"shouldDisplayMessage":false,"stepsCount":0,"attachmentsCount":0,"hasContent":true}],"attachments":[],"parameters":[{"name":"startTime","value":"17:19:26 25-03-2025"},{"name":"login","value":"demo"}],"shouldDisplayMessage":false,"stepsCount":3,"attachmentsCount":0,"hasContent":true}],"attachments":[],"parameters":[{"name":"startTime","value":"17:19:23 25-03-2025"}],"shouldDisplayMessage":false,"stepsCount":4,"attachmentsCount":0,"hasContent":true}],"attachments":[],"parameters":[],"shouldDisplayMessage":false,"stepsCount":5,"attachmentsCount":0,"hasContent":true}],"testStage":{"description":"The test sets several values in the field, then checks the list with the expected value.","status":"failed","statusMessage":"Element not found {div[data-test-widget-type=\"AssocListPopup\"]}\nExpected: visible\nScreenshot: file:/home/runner/work/cxbox-code-samples/cxbox-code-samples/target/videos/1742923184782.505.png\nPage source: file:/home/runner/work/cxbox-code-samples/cxbox-code-samples/target/videos/1742923184782.505.html\nTimeout: 10 s.\nCaused by: NoSuchElementException: no such element: Unable to locate element: {\"method\":\"css selector\",\"selector\":\"div[data-test-widget-type=\"AssocListPopup\"]\"}","statusTrace":"Element not found {div[data-test-widget-type=\"AssocListPopup\"]}\nExpected: visible\nScreenshot: file:/home/runner/work/cxbox-code-samples/cxbox-code-samples/target/videos/1742923184782.505.png\nPage source: file:/home/runner/work/cxbox-code-samples/cxbox-code-samples/target/videos/1742923184782.505.html\nTimeout: 10 s.\nCaused by: NoSuchElementException: no such element: Unable to locate element: {\"method\":\"css selector\",\"selector\":\"div[data-test-widget-type=\"AssocListPopup\"]\"}\n\tat com.codeborne.selenide.impl.WebElementSource.createElementNotFoundError(WebElementSource.java:68)\n\tat com.codeborne.selenide.impl.ElementFinder.createElementNotFoundError(ElementFinder.java:117)\n\tat com.codeborne.selenide.impl.WebElementSource.handleError(WebElementSource.java:119)\n\tat com.codeborne.selenide.impl.WebElementSource.checkConditionAndReturnElement(WebElementSource.java:102)\n\tat com.codeborne.selenide.impl.WebElementSource.checkCondition(WebElementSource.java:78)\n\tat com.codeborne.selenide.commands.Should.execute(Should.java:24)\n\tat com.codeborne.selenide.FluentCommand.execute(FluentCommand.java:27)\n\tat com.codeborne.selenide.FluentCommand.execute(FluentCommand.java:19)\n\tat com.codeborne.selenide.commands.Commands.execute(Commands.java:160)\n\tat com.codeborne.selenide.impl.SelenideElementProxy.dispatchAndRetry(SelenideElementProxy.java:131)\n\tat com.codeborne.selenide.impl.SelenideElementProxy.invoke(SelenideElementProxy.java:83)\n\tat jdk.proxy2/jdk.proxy2.$Proxy23.shouldBe(Unknown Source)\n\tat core.widget.form.field.multivalue.MultiValue.lambda$findPopup$3(MultiValue.java:120)\n\tat io.qameta.allure.Allure.lambda$step$4(Allure.java:166)\n\tat io.qameta.allure.Allure.step(Allure.java:181)\n\tat io.qameta.allure.Allure.step(Allure.java:164)\n\tat core.widget.form.field.multivalue.MultiValue.findPopup(MultiValue.java:117)\n\tat application.Samples.Form.MultiValueOnFormTest.test_set(MultiValueOnFormTest.java:290)\n\tat java.base/java.lang.reflect.Method.invoke(Method.java:569)\n\tat java.base/java.util.ArrayList.forEach(ArrayList.java:1511)\n\tat java.base/java.util.ArrayList.forEach(ArrayList.java:1511)\nCaused by: org.openqa.selenium.NoSuchElementException: no such element: Unable to locate element: {\"method\":\"css selector\",\"selector\":\"div[data-test-widget-type=\"AssocListPopup\"]\"}\n  (Session info: chrome=134.0.6998.88)\nFor documentation on this error, please visit: https://www.selenium.dev/documentation/webdriver/troubleshooting/errors#no-such-element-exception\nBuild info: version: '4.19.1', revision: 'abe0ee07dc'\nSystem info: os.name: 'Linux', os.arch: 'amd64', os.version: '6.8.0-1021-azure', java.version: '17.0.14'\nDriver info: org.openqa.selenium.chrome.ChromeDriver\nCommand: [0b4f4ae258cfa4b8cc20b2f5c0abdc12, findElement {value=div[data-test-widget-type=\"AssocListPopup\"], using=css selector}]\nCapabilities {acceptInsecureCerts: true, browserName: chrome, browserVersion: 134.0.6998.88, chrome: {chromedriverVersion: 134.0.6998.88 (7e3d5c978c6d..., userDataDir: /tmp/.org.chromium.Chromium...}, fedcm:accounts: true, goog:chromeOptions: {debuggerAddress: localhost:42669}, networkConnectionEnabled: false, pageLoadStrategy: normal, platformName: linux, proxy: Proxy(), se:cdp: ws://localhost:42669/devtoo..., se:cdpVersion: 134.0.6998.88, setWindowRect: true, strictFileInteractability: false, timeouts: {implicit: 0, pageLoad: 300000, script: 30000}, unhandledPromptBehavior: accept, webauthn:extension:credBlob: true, webauthn:extension:largeBlob: true, webauthn:extension:minPinLength: true, webauthn:extension:prf: true, webauthn:virtualAuthenticators: true}\nSession ID: 0b4f4ae258cfa4b8cc20b2f5c0abdc12\n\tat jdk.internal.reflect.GeneratedConstructorAccessor21.newInstance(Unknown Source)\n\tat java.base/jdk.internal.reflect.DelegatingConstructorAccessorImpl.newInstance(DelegatingConstructorAccessorImpl.java:45)\n\tat java.base/java.lang.reflect.Constructor.newInstanceWithCaller(Constructor.java:500)\n\tat java.base/java.lang.reflect.Constructor.newInstance(Constructor.java:481)\n\tat org.openqa.selenium.remote.ErrorCodec.decode(ErrorCodec.java:167)\n\tat org.openqa.selenium.remote.codec.w3c.W3CHttpResponseCodec.decode(W3CHttpResponseCodec.java:138)\n\tat org.openqa.selenium.remote.codec.w3c.W3CHttpResponseCodec.decode(W3CHttpResponseCodec.java:50)\n\tat org.openqa.selenium.remote.HttpCommandExecutor.execute(HttpCommandExecutor.java:190)\n\tat org.openqa.selenium.remote.service.DriverCommandExecutor.invokeExecute(DriverCommandExecutor.java:216)\n\tat org.openqa.selenium.remote.service.DriverCommandExecutor.execute(DriverCommandExecutor.java:174)\n\tat org.openqa.selenium.remote.RemoteWebDriver.execute(RemoteWebDriver.java:518)\n\tat org.openqa.selenium.remote.ElementLocation$ElementFinder$2.findElement(ElementLocation.java:165)\n\tat org.openqa.selenium.remote.ElementLocation.findElement(ElementLocation.java:59)\n\tat org.openqa.selenium.remote.RemoteWebDriver.findElement(RemoteWebDriver.java:355)\n\tat org.openqa.selenium.remote.RemoteWebDriver.findElement(RemoteWebDriver.java:349)\n\tat com.codeborne.selenide.impl.WebElementSelector.findElement(WebElementSelector.java:64)\n\tat com.codeborne.selenide.impl.WebElementSelector.findElement(WebElementSelector.java:39)\n\tat com.codeborne.selenide.impl.WebElementSelector.findElement(WebElementSelector.java:30)\n\tat com.codeborne.selenide.impl.ElementFinder.getWebElement(ElementFinder.java:101)\n\tat com.codeborne.selenide.impl.WebElementSource.checkConditionAndReturnElement(WebElementSource.java:91)\n\t... 17 more\n","steps":[{"name":"Selecting the MultiValue basic section in the left menu.","time":{"start":1742923167979,"stop":1742923174032,"duration":6053},"status":"passed","steps":[],"attachments":[],"parameters":[{"name":"sectionName","value":"MultiValue basic"},{"name":"startTime","value":"17:19:27 25-03-2025"}],"shouldDisplayMessage":false,"stepsCount":0,"attachmentsCount":0,"hasContent":true},{"name":"Selecting a tab Form on a page","time":{"start":1742923174032,"stop":1742923174287,"duration":255},"status":"passed","steps":[],"attachments":[],"parameters":[{"name":"startTime","value":"17:19:34 25-03-2025"},{"name":"Name of tab","value":"Form"}],"shouldDisplayMessage":false,"stepsCount":0,"attachmentsCount":0,"hasContent":true},{"name":"Validation FormWidget by heading (Title) Form title","time":{"start":1742923174287,"stop":1742923174319,"duration":32},"status":"passed","steps":[],"attachments":[],"parameters":[{"name":"startTime","value":"17:19:34 25-03-2025"},{"name":"Widget title","value":"Form title"}],"shouldDisplayMessage":false,"stepsCount":0,"attachmentsCount":0,"hasContent":true},{"name":"Validation of a field with the MultiValue by heading Custom Field","time":{"start":1742923174319,"stop":1742923174319,"duration":0},"status":"passed","steps":[],"attachments":[],"parameters":[{"name":"startTime","value":"17:19:34 25-03-2025"},{"name":"Field heading","value":"Custom Field"}],"shouldDisplayMessage":false,"stepsCount":0,"attachmentsCount":0,"hasContent":true},{"name":"Clearing the field","time":{"start":1742923174319,"stop":1742923174511,"duration":192},"status":"passed","steps":[],"attachments":[],"parameters":[{"name":"startTime","value":"17:19:34 25-03-2025"}],"shouldDisplayMessage":false,"stepsCount":0,"attachmentsCount":0,"hasContent":true},{"name":"Opening a modal window","time":{"start":1742923174511,"stop":1742923174756,"duration":245},"status":"passed","steps":[],"attachments":[],"parameters":[{"name":"startTime","value":"17:19:34 25-03-2025"}],"shouldDisplayMessage":false,"stepsCount":0,"attachmentsCount":0,"hasContent":true},{"name":"Validation of the modal window","time":{"start":1742923174756,"stop":1742923184950,"duration":10194},"status":"failed","statusMessage":"Element not found {div[data-test-widget-type=\"AssocListPopup\"]}\nExpected: visible\nScreenshot: file:/home/runner/work/cxbox-code-samples/cxbox-code-samples/target/videos/1742923184782.505.png\nPage source: file:/home/runner/work/cxbox-code-samples/cxbox-code-samples/target/videos/1742923184782.505.html\nTimeout: 10 s.\nCaused by: NoSuchElementException: no such element: Unable to locate element: {\"method\":\"css selector\",\"selector\":\"div[data-test-widget-type=\"AssocListPopup\"]\"}","statusTrace":"Element not found {div[data-test-widget-type=\"AssocListPopup\"]}\nExpected: visible\nScreenshot: file:/home/runner/work/cxbox-code-samples/cxbox-code-samples/target/videos/1742923184782.505.png\nPage source: file:/home/runner/work/cxbox-code-samples/cxbox-code-samples/target/videos/1742923184782.505.html\nTimeout: 10 s.\nCaused by: NoSuchElementException: no such element: Unable to locate element: {\"method\":\"css selector\",\"selector\":\"div[data-test-widget-type=\"AssocListPopup\"]\"}\n\tat com.codeborne.selenide.impl.WebElementSource.createElementNotFoundError(WebElementSource.java:68)\n\tat com.codeborne.selenide.impl.ElementFinder.createElementNotFoundError(ElementFinder.java:117)\n\tat com.codeborne.selenide.impl.WebElementSource.handleError(WebElementSource.java:119)\n\tat com.codeborne.selenide.impl.WebElementSource.checkConditionAndReturnElement(WebElementSource.java:102)\n\tat com.codeborne.selenide.impl.WebElementSource.checkCondition(WebElementSource.java:78)\n\tat com.codeborne.selenide.commands.Should.execute(Should.java:24)\n\tat com.codeborne.selenide.FluentCommand.execute(FluentCommand.java:27)\n\tat com.codeborne.selenide.FluentCommand.execute(FluentCommand.java:19)\n\tat com.codeborne.selenide.commands.Commands.execute(Commands.java:160)\n\tat com.codeborne.selenide.impl.SelenideElementProxy.dispatchAndRetry(SelenideElementProxy.java:131)\n\tat com.codeborne.selenide.impl.SelenideElementProxy.invoke(SelenideElementProxy.java:83)\n\tat jdk.proxy2/jdk.proxy2.$Proxy23.shouldBe(Unknown Source)\n\tat core.widget.form.field.multivalue.MultiValue.lambda$findPopup$3(MultiValue.java:120)\n\tat io.qameta.allure.Allure.lambda$step$4(Allure.java:166)\n\tat io.qameta.allure.Allure.step(Allure.java:181)\n\tat io.qameta.allure.Allure.step(Allure.java:164)\n\tat core.widget.form.field.multivalue.MultiValue.findPopup(MultiValue.java:117)\n\tat application.Samples.Form.MultiValueOnFormTest.test_set(MultiValueOnFormTest.java:290)\n\tat java.base/jdk.internal.reflect.NativeMethodAccessorImpl.invoke0(Native Method)\n\tat java.base/jdk.internal.reflect.NativeMethodAccessorImpl.invoke(NativeMethodAccessorImpl.java:77)\n\tat java.base/jdk.internal.reflect.DelegatingMethodAccessorImpl.invoke(DelegatingMethodAccessorImpl.java:43)\n\tat java.base/java.lang.reflect.Method.invoke(Method.java:569)\n\tat org.junit.platform.commons.util.ReflectionUtils.invokeMethod(ReflectionUtils.java:728)\n\tat org.junit.jupiter.engine.execution.MethodInvocation.proceed(MethodInvocation.java:60)\n\tat org.junit.jupiter.engine.execution.InvocationInterceptorChain$ValidatingInvocation.proceed(InvocationInterceptorChain.java:131)\n\tat org.junit.jupiter.api.extension.InvocationInterceptor.interceptTestMethod(InvocationInterceptor.java:119)\n\tat org.junit.jupiter.engine.execution.InterceptingExecutableInvoker$ReflectiveInterceptorCall.lambda$ofVoidMethod$0(InterceptingExecutableInvoker.java:103)\n\tat org.junit.jupiter.engine.execution.InterceptingExecutableInvoker.lambda$invoke$0(InterceptingExecutableInvoker.java:93)\n\tat org.junit.jupiter.engine.execution.InvocationInterceptorChain$InterceptedInvocation.proceed(InvocationInterceptorChain.java:106)\n\tat org.junit.jupiter.engine.extension.TimeoutExtension.intercept(TimeoutExtension.java:156)\n\tat org.junit.jupiter.engine.extension.TimeoutExtension.interceptTestableMethod(TimeoutExtension.java:147)\n\tat org.junit.jupiter.engine.extension.TimeoutExtension.interceptTestMethod(TimeoutExtension.java:86)\n\tat org.junit.jupiter.engine.execution.InterceptingExecutableInvoker$ReflectiveInterceptorCall.lambda$ofVoidMethod$0(InterceptingExecutableInvoker.java:103)\n\tat org.junit.jupiter.engine.execution.InterceptingExecutableInvoker.lambda$invoke$0(InterceptingExecutableInvoker.java:93)\n\tat org.junit.jupiter.engine.execution.InvocationInterceptorChain$InterceptedInvocation.proceed(InvocationInterceptorChain.java:106)\n\tat org.junit.jupiter.engine.execution.InvocationInterceptorChain.proceed(InvocationInterceptorChain.java:64)\n\tat org.junit.jupiter.engine.execution.InvocationInterceptorChain.chainAndInvoke(InvocationInterceptorChain.java:45)\n\tat org.junit.jupiter.engine.execution.InvocationInterceptorChain.invoke(InvocationInterceptorChain.java:37)\n\tat org.junit.jupiter.engine.execution.InterceptingExecutableInvoker.invoke(InterceptingExecutableInvoker.java:92)\n\tat org.junit.jupiter.engine.execution.InterceptingExecutableInvoker.invoke(InterceptingExecutableInvoker.java:86)\n\tat org.junit.jupiter.engine.descriptor.TestMethodTestDescriptor.lambda$invokeTestMethod$7(TestMethodTestDescriptor.java:218)\n\tat org.junit.platform.engine.support.hierarchical.ThrowableCollector.execute(ThrowableCollector.java:73)\n\tat org.junit.jupiter.engine.descriptor.TestMethodTestDescriptor.invokeTestMethod(TestMethodTestDescriptor.java:214)\n\tat org.junit.jupiter.engine.descriptor.TestMethodTestDescriptor.execute(TestMethodTestDescriptor.java:139)\n\tat org.junit.jupiter.engine.descriptor.TestMethodTestDescriptor.execute(TestMethodTestDescriptor.java:69)\n\tat org.junit.platform.engine.support.hierarchical.NodeTestTask.lambda$executeRecursively$6(NodeTestTask.java:156)\n\tat org.junit.platform.engine.support.hierarchical.ThrowableCollector.execute(ThrowableCollector.java:73)\n\tat org.junit.platform.engine.support.hierarchical.NodeTestTask.lambda$executeRecursively$8(NodeTestTask.java:146)\n\tat org.junit.platform.engine.support.hierarchical.Node.around(Node.java:137)\n\tat org.junit.platform.engine.support.hierarchical.NodeTestTask.lambda$executeRecursively$9(NodeTestTask.java:144)\n\tat org.junit.platform.engine.support.hierarchical.ThrowableCollector.execute(ThrowableCollector.java:73)\n\tat org.junit.platform.engine.support.hierarchical.NodeTestTask.executeRecursively(NodeTestTask.java:143)\n\tat org.junit.platform.engine.support.hierarchical.NodeTestTask.execute(NodeTestTask.java:100)\n\tat java.base/java.util.ArrayList.forEach(ArrayList.java:1511)\n\tat org.junit.platform.engine.support.hierarchical.SameThreadHierarchicalTestExecutorService.invokeAll(SameThreadHierarchicalTestExecutorService.java:41)\n\tat org.junit.platform.engine.support.hierarchical.NodeTestTask.lambda$executeRecursively$6(NodeTestTask.java:160)\n\tat org.junit.platform.engine.support.hierarchical.ThrowableCollector.execute(ThrowableCollector.java:73)\n\tat org.junit.platform.engine.support.hierarchical.NodeTestTask.lambda$executeRecursively$8(NodeTestTask.java:146)\n\tat org.junit.platform.engine.support.hierarchical.Node.around(Node.java:137)\n\tat org.junit.platform.engine.support.hierarchical.NodeTestTask.lambda$executeRecursively$9(NodeTestTask.java:144)\n\tat org.junit.platform.engine.support.hierarchical.ThrowableCollector.execute(ThrowableCollector.java:73)\n\tat org.junit.platform.engine.support.hierarchical.NodeTestTask.executeRecursively(NodeTestTask.java:143)\n\tat org.junit.platform.engine.support.hierarchical.NodeTestTask.execute(NodeTestTask.java:100)\n\tat java.base/java.util.ArrayList.forEach(ArrayList.java:1511)\n\tat org.junit.platform.engine.support.hierarchical.SameThreadHierarchicalTestExecutorService.invokeAll(SameThreadHierarchicalTestExecutorService.java:41)\n\tat org.junit.platform.engine.support.hierarchical.NodeTestTask.lambda$executeRecursively$6(NodeTestTask.java:160)\n\tat org.junit.platform.engine.support.hierarchical.ThrowableCollector.execute(ThrowableCollector.java:73)\n\tat org.junit.platform.engine.support.hierarchical.NodeTestTask.lambda$executeRecursively$8(NodeTestTask.java:146)\n\tat org.junit.platform.engine.support.hierarchical.Node.around(Node.java:137)\n\tat org.junit.platform.engine.support.hierarchical.NodeTestTask.lambda$executeRecursively$9(NodeTestTask.java:144)\n\tat org.junit.platform.engine.support.hierarchical.ThrowableCollector.execute(ThrowableCollector.java:73)\n\tat org.junit.platform.engine.support.hierarchical.NodeTestTask.executeRecursively(NodeTestTask.java:143)\n\tat org.junit.platform.engine.support.hierarchical.NodeTestTask.execute(NodeTestTask.java:100)\n\tat org.junit.platform.engine.support.hierarchical.SameThreadHierarchicalTestExecutorService.submit(SameThreadHierarchicalTestExecutorService.java:35)\n\tat org.junit.platform.engine.support.hierarchical.HierarchicalTestExecutor.execute(HierarchicalTestExecutor.java:57)\n\tat org.junit.platform.engine.support.hierarchical.HierarchicalTestEngine.execute(HierarchicalTestEngine.java:54)\n\tat org.junit.platform.launcher.core.EngineExecutionOrchestrator.execute(EngineExecutionOrchestrator.java:198)\n\tat org.junit.platform.launcher.core.EngineExecutionOrchestrator.execute(EngineExecutionOrchestrator.java:169)\n\tat org.junit.platform.launcher.core.EngineExecutionOrchestrator.execute(EngineExecutionOrchestrator.java:93)\n\tat org.junit.platform.launcher.core.EngineExecutionOrchestrator.lambda$execute$0(EngineExecutionOrchestrator.java:58)\n\tat org.junit.platform.launcher.core.EngineExecutionOrchestrator.withInterceptedStreams(EngineExecutionOrchestrator.java:141)\n\tat org.junit.platform.launcher.core.EngineExecutionOrchestrator.execute(EngineExecutionOrchestrator.java:57)\n\tat org.junit.platform.launcher.core.DefaultLauncher.execute(DefaultLauncher.java:103)\n\tat org.junit.platform.launcher.core.DefaultLauncher.execute(DefaultLauncher.java:85)\n\tat org.junit.platform.launcher.core.DelegatingLauncher.execute(DelegatingLauncher.java:47)\n\tat org.apache.maven.surefire.junitplatform.LazyLauncher.execute(LazyLauncher.java:56)\n\tat org.apache.maven.surefire.junitplatform.JUnitPlatformProvider.invokeAllTests(JUnitPlatformProvider.java:162)\n\tat org.apache.maven.surefire.junitplatform.JUnitPlatformProvider.invoke(JUnitPlatformProvider.java:122)\n\tat org.apache.maven.surefire.booter.ForkedBooter.runSuitesInProcess(ForkedBooter.java:385)\n\tat org.apache.maven.surefire.booter.ForkedBooter.execute(ForkedBooter.java:162)\n\tat org.apache.maven.surefire.booter.ForkedBooter.run(ForkedBooter.java:507)\n\tat org.apache.maven.surefire.booter.ForkedBooter.main(ForkedBooter.java:495)\nCaused by: org.openqa.selenium.NoSuchElementException: no such element: Unable to locate element: {\"method\":\"css selector\",\"selector\":\"div[data-test-widget-type=\"AssocListPopup\"]\"}\n  (Session info: chrome=134.0.6998.88)\nFor documentation on this error, please visit: https://www.selenium.dev/documentation/webdriver/troubleshooting/errors#no-such-element-exception\nBuild info: version: '4.19.1', revision: 'abe0ee07dc'\nSystem info: os.name: 'Linux', os.arch: 'amd64', os.version: '6.8.0-1021-azure', java.version: '17.0.14'\nDriver info: org.openqa.selenium.chrome.ChromeDriver\nCommand: [0b4f4ae258cfa4b8cc20b2f5c0abdc12, findElement {value=div[data-test-widget-type=\"AssocListPopup\"], using=css selector}]\nCapabilities {acceptInsecureCerts: true, browserName: chrome, browserVersion: 134.0.6998.88, chrome: {chromedriverVersion: 134.0.6998.88 (7e3d5c978c6d..., userDataDir: /tmp/.org.chromium.Chromium...}, fedcm:accounts: true, goog:chromeOptions: {debuggerAddress: localhost:42669}, networkConnectionEnabled: false, pageLoadStrategy: normal, platformName: linux, proxy: Proxy(), se:cdp: ws://localhost:42669/devtoo..., se:cdpVersion: 134.0.6998.88, setWindowRect: true, strictFileInteractability: false, timeouts: {implicit: 0, pageLoad: 300000, script: 30000}, unhandledPromptBehavior: accept, webauthn:extension:credBlob: true, webauthn:extension:largeBlob: true, webauthn:extension:minPinLength: true, webauthn:extension:prf: true, webauthn:virtualAuthenticators: true}\nSession ID: 0b4f4ae258cfa4b8cc20b2f5c0abdc12\n\tat jdk.internal.reflect.GeneratedConstructorAccessor21.newInstance(Unknown Source)\n\tat java.base/jdk.internal.reflect.DelegatingConstructorAccessorImpl.newInstance(DelegatingConstructorAccessorImpl.java:45)\n\tat java.base/java.lang.reflect.Constructor.newInstanceWithCaller(Constructor.java:500)\n\tat java.base/java.lang.reflect.Constructor.newInstance(Constructor.java:481)\n\tat org.openqa.selenium.remote.ErrorCodec.decode(ErrorCodec.java:167)\n\tat org.openqa.selenium.remote.codec.w3c.W3CHttpResponseCodec.decode(W3CHttpResponseCodec.java:138)\n\tat org.openqa.selenium.remote.codec.w3c.W3CHttpResponseCodec.decode(W3CHttpResponseCodec.java:50)\n\tat org.openqa.selenium.remote.HttpCommandExecutor.execute(HttpCommandExecutor.java:190)\n\tat org.openqa.selenium.remote.service.DriverCommandExecutor.invokeExecute(DriverCommandExecutor.java:216)\n\tat org.openqa.selenium.remote.service.DriverCommandExecutor.execute(DriverCommandExecutor.java:174)\n\tat org.openqa.selenium.remote.RemoteWebDriver.execute(RemoteWebDriver.java:518)\n\tat org.openqa.selenium.remote.ElementLocation$ElementFinder$2.findElement(ElementLocation.java:165)\n\tat org.openqa.selenium.remote.ElementLocation.findElement(ElementLocation.java:59)\n\tat org.openqa.selenium.remote.RemoteWebDriver.findElement(RemoteWebDriver.java:355)\n\tat org.openqa.selenium.remote.RemoteWebDriver.findElement(RemoteWebDriver.java:349)\n\tat com.codeborne.selenide.impl.WebElementSelector.findElement(WebElementSelector.java:64)\n\tat com.codeborne.selenide.impl.WebElementSelector.findElement(WebElementSelector.java:39)\n\tat com.codeborne.selenide.impl.WebElementSelector.findElement(WebElementSelector.java:30)\n\tat com.codeborne.selenide.impl.ElementFinder.getWebElement(ElementFinder.java:101)\n\tat com.codeborne.selenide.impl.WebElementSource.checkConditionAndReturnElement(WebElementSource.java:91)\n\t... 88 more\n","steps":[],"attachments":[{"uid":"5e50b4a8420a388e","name":"Screenshot","source":"5e50b4a8420a388e.png","type":"image/png","size":57831},{"uid":"20466e6398ab1a39","name":"Page source","source":"20466e6398ab1a39.html","type":"text/html","size":377279}],"parameters":[{"name":"startTime","value":"17:19:34 25-03-2025"}],"shouldDisplayMessage":true,"stepsCount":0,"attachmentsCount":2,"hasContent":true}],"attachments":[],"parameters":[],"shouldDisplayMessage":false,"stepsCount":7,"attachmentsCount":2,"hasContent":true},"afterStages":[{"name":"printLogs","time":{"start":1742923184951,"stop":1742923184951,"duration":0},"status":"passed","steps":[],"attachments":[],"parameters":[],"shouldDisplayMessage":false,"stepsCount":0,"attachmentsCount":0,"hasContent":false},{"name":"tearDown","time":{"start":1742923184951,"stop":1742923185025,"duration":74},"status":"passed","steps":[{"name":"Closing the browser window","time":{"start":1742923184951,"stop":1742923185025,"duration":74},"status":"passed","steps":[],"attachments":[],"parameters":[{"name":"startTime","value":"17:19:44 25-03-2025"}],"shouldDisplayMessage":false,"stepsCount":0,"attachmentsCount":0,"hasContent":true}],"attachments":[],"parameters":[],"shouldDisplayMessage":false,"stepsCount":1,"attachmentsCount":0,"hasContent":true},{"name":"createZipLog","time":{"start":1742923227492,"stop":1742923227492,"duration":0},"status":"passed","steps":[],"attachments":[],"parameters":[],"shouldDisplayMessage":false,"stepsCount":0,"attachmentsCount":0,"hasContent":false}],"labels":[{"name":"tag","value":"Negative"},{"name":"tag","value":"Samples"},{"name":"tag","value":"Form"},{"name":"junit.platform.uniqueid","value":"[engine:junit-jupiter]/[class:application.Samples.Form.MultiValueOnFormTest]/[method:test_set()]"},{"name":"epic","value":"Samples"},{"name":"host","value":"fv-az1674-423"},{"name":"thread","value":"2311@fv-az1674-423.main(1)"},{"name":"framework","value":"junit-platform"},{"name":"language","value":"java"},{"name":"package","value":"application.Samples.Form.MultiValueOnFormTest"},{"name":"testClass","value":"application.Samples.Form.MultiValueOnFormTest"},{"name":"testMethod","value":"test_set"},{"name":"suite","value":"Form. Checking the basic functions for the MultiValue in the widget Form"},{"name":"severity","value":"critical"},{"name":"resultFormat","value":"allure2"}],"parameters":[],"links":[],"hidden":false,"retry":false,"extra":{"severity":"critical","retries":[{"uid":"3bd2a0b346154511","status":"failed","statusDetails":"Element not found {div[data-test-widget-type=\"AssocListPopup\"]}\nExpected: visible\nScreenshot: file:/home/runner/work/cxbox-code-samples/cxbox-code-samples/target/videos/1742920411345.385.png\nPage source: file:/home/runner/work/cxbox-code-samples/cxbox-code-samples/target/videos/1742920411345.385.html\nTimeout: 10 s.\nCaused by: NoSuchElementException: no such element: Unable to locate element: {\"method\":\"css selector\",\"selector\":\"div[data-test-widget-type=\"AssocListPopup\"]\"}","time":{"start":1742920389391,"stop":1742920411590,"duration":22199}},{"uid":"e4479242d62a80f5","status":"failed","statusDetails":"Element not found {div[data-test-widget-type=\"AssocListPopup\"]}\nExpected: visible\nScreenshot: file:/home/runner/work/cxbox-code-samples/cxbox-code-samples/target/videos/1742917511978.262.png\nPage source: file:/home/runner/work/cxbox-code-samples/cxbox-code-samples/target/videos/1742917511978.262.html\nTimeout: 10 s.\nCaused by: NoSuchElementException: no such element: Unable to locate element: {\"method\":\"css selector\",\"selector\":\"div[data-test-widget-type=\"AssocListPopup\"]\"}","time":{"start":1742917490957,"stop":1742917512219,"duration":21262}},{"uid":"3b8d5f8802acdf54","status":"failed","statusDetails":"Element not found {div[data-test-widget-type=\"AssocListPopup\"]}\nExpected: visible\nScreenshot: file:/home/runner/work/cxbox-code-samples/cxbox-code-samples/target/videos/1742912109077.99.png\nPage source: file:/home/runner/work/cxbox-code-samples/cxbox-code-samples/target/videos/1742912109077.99.html\nTimeout: 10 s.\nCaused by: NoSuchElementException: no such element: Unable to locate element: {\"method\":\"css selector\",\"selector\":\"div[data-test-widget-type=\"AssocListPopup\"]\"}","time":{"start":1742912087255,"stop":1742912109324,"duration":22069}}],"categories":[{"name":"Product defects","matchedStatuses":[],"flaky":false}],"history":{"statistic":{"failed":4,"broken":0,"skipped":0,"passed":1,"unknown":0,"total":5},"items":[{"uid":"641645b75fb4f1f7","reportUrl":"https://CX-Box.github.io/cxbox-code-samples/146//#testresult/641645b75fb4f1f7","status":"failed","statusDetails":"Element not found {div[data-test-widget-type=\"AssocListPopup\"]}\nExpected: visible\nScreenshot: file:/home/runner/work/cxbox-code-samples/cxbox-code-samples/target/videos/1742912496884.515.png\nPage source: file:/home/runner/work/cxbox-code-samples/cxbox-code-samples/target/videos/1742912496884.515.html\nTimeout: 10 s.\nCaused by: NoSuchElementException: no such element: Unable to locate element: {\"method\":\"css selector\",\"selector\":\"div[data-test-widget-type=\"AssocListPopup\"]\"}","time":{"start":1742912474651,"stop":1742912499131,"duration":24480}},{"uid":"77682f858ad84b2c","reportUrl":"https://CX-Box.github.io/cxbox-code-samples/143//#testresult/77682f858ad84b2c","status":"failed","statusDetails":"Element not found {div[data-test-widget-type=\"AssocListPopup\"]}\nExpected: visible\nScreenshot: file:/home/runner/work/cxbox-code-samples/cxbox-code-samples/target/videos/1742893212151.98.png\nPage source: file:/home/runner/work/cxbox-code-samples/cxbox-code-samples/target/videos/1742893212151.98.html\nTimeout: 10 s.\nCaused by: NoSuchElementException: no such element: Unable to locate element: {\"method\":\"css selector\",\"selector\":\"div[data-test-widget-type=\"AssocListPopup\"]\"}","time":{"start":1742893190928,"stop":1742893214411,"duration":23483}},{"uid":"3e72b8340da1e000","reportUrl":"https://CX-Box.github.io/cxbox-code-samples/142//#testresult/3e72b8340da1e000","status":"failed","statusDetails":"Element not found {div[data-test-widget-type=\"AssocListPopup\"]}\nExpected: visible\nScreenshot: file:/home/runner/work/cxbox-code-samples/cxbox-code-samples/target/videos/1742888425534.100.png\nPage source: file:/home/runner/work/cxbox-code-samples/cxbox-code-samples/target/videos/1742888425534.100.html\nTimeout: 10 s.\nCaused by: NoSuchElementException: no such element: Unable to locate element: {\"method\":\"css selector\",\"selector\":\"div[data-test-widget-type=\"AssocListPopup\"]\"}","time":{"start":1742888404399,"stop":1742888425780,"duration":21381}},{"uid":"be25371a1d94d896","reportUrl":"https://CX-Box.github.io/cxbox-code-samples/141//#testresult/be25371a1d94d896","status":"passed","time":{"start":1742826158963,"stop":1742826180260,"duration":21297}}]},"tags":["Negative","Form","Samples"]},"source":"712ad6cb156096f1.json","parameterValues":[]}