{"uid":"db6456a4d927c63b","name":"Test to get a list of options","fullName":"application.Samples.Form.MultipleSelectOnFormTest.getListOptions","historyId":"607103938f153ea137f53514f83b72a5","time":{"start":1742916991593,"stop":1742917013506,"duration":21913},"description":"The test checks the list of options that the method returns, with the expected result","descriptionHtml":"<p>The test checks the list of options that the method returns, with the expected result</p>\n","status":"failed","statusMessage":"Element not found {div[class^=\"ant-select-dropdown MultipleSelectField__dropDownMenu\"]}\nExpected: exist\nScreenshot: file:/home/runner/work/cxbox-code-samples/cxbox-code-samples/target/videos/1742917013258.240.png\nPage source: file:/home/runner/work/cxbox-code-samples/cxbox-code-samples/target/videos/1742917013258.240.html\nTimeout: 10 s.\nCaused by: NoSuchElementException: no such element: Unable to locate element: {\"method\":\"css selector\",\"selector\":\"div[class^=\"ant-select-dropdown MultipleSelectField__dropDownMenu\"]\"}","statusTrace":"Element not found {div[class^=\"ant-select-dropdown MultipleSelectField__dropDownMenu\"]}\nExpected: exist\nScreenshot: file:/home/runner/work/cxbox-code-samples/cxbox-code-samples/target/videos/1742917013258.240.png\nPage source: file:/home/runner/work/cxbox-code-samples/cxbox-code-samples/target/videos/1742917013258.240.html\nTimeout: 10 s.\nCaused by: NoSuchElementException: no such element: Unable to locate element: {\"method\":\"css selector\",\"selector\":\"div[class^=\"ant-select-dropdown MultipleSelectField__dropDownMenu\"]\"}\n\tat com.codeborne.selenide.impl.WebElementSource.createElementNotFoundError(WebElementSource.java:68)\n\tat com.codeborne.selenide.impl.ElementFinder.createElementNotFoundError(ElementFinder.java:117)\n\tat com.codeborne.selenide.impl.WebElementSource.handleError(WebElementSource.java:119)\n\tat com.codeborne.selenide.impl.WebElementSource.checkConditionAndReturnElement(WebElementSource.java:102)\n\tat com.codeborne.selenide.impl.WebElementSource.checkCondition(WebElementSource.java:78)\n\tat com.codeborne.selenide.commands.Should.execute(Should.java:24)\n\tat com.codeborne.selenide.FluentCommand.execute(FluentCommand.java:27)\n\tat com.codeborne.selenide.FluentCommand.execute(FluentCommand.java:19)\n\tat com.codeborne.selenide.commands.Commands.execute(Commands.java:160)\n\tat com.codeborne.selenide.impl.SelenideElementProxy.dispatchAndRetry(SelenideElementProxy.java:131)\n\tat com.codeborne.selenide.impl.SelenideElementProxy.invoke(SelenideElementProxy.java:83)\n\tat jdk.proxy2/jdk.proxy2.$Proxy23.shouldBe(Unknown Source)\n\tat core.widget.form.field.multipleselect.MultipleSelect.getOptionsMultipleSelect(MultipleSelect.java:169)\n\tat core.widget.form.field.multipleselect.MultipleSelect.getOption(MultipleSelect.java:145)\n\tat core.widget.form.field.multipleselect.MultipleSelect.isSelected(MultipleSelect.java:107)\n\tat core.widget.form.field.multipleselect.MultipleSelect.lambda$addValue$2(MultipleSelect.java:76)\n\tat java.base/java.lang.Iterable.forEach(Iterable.java:75)\n\tat core.widget.form.field.multipleselect.MultipleSelect.lambda$addValue$3(MultipleSelect.java:75)\n\tat io.qameta.allure.Allure.lambda$step$3(Allure.java:152)\n\tat io.qameta.allure.Allure.step(Allure.java:181)\n\tat io.qameta.allure.Allure.step(Allure.java:150)\n\tat core.widget.form.field.multipleselect.MultipleSelect.addValue(MultipleSelect.java:70)\n\tat application.Samples.Form.MultipleSelectOnFormTest.getListOptions(MultipleSelectOnFormTest.java:238)\n\tat java.base/java.lang.reflect.Method.invoke(Method.java:569)\n\tat java.base/java.util.ArrayList.forEach(ArrayList.java:1511)\n\tat java.base/java.util.ArrayList.forEach(ArrayList.java:1511)\nCaused by: org.openqa.selenium.NoSuchElementException: no such element: Unable to locate element: {\"method\":\"css selector\",\"selector\":\"div[class^=\"ant-select-dropdown MultipleSelectField__dropDownMenu\"]\"}\n  (Session info: chrome=134.0.6998.88)\nFor documentation on this error, please visit: https://www.selenium.dev/documentation/webdriver/troubleshooting/errors#no-such-element-exception\nBuild info: version: '4.19.1', revision: 'abe0ee07dc'\nSystem info: os.name: 'Linux', os.arch: 'amd64', os.version: '6.8.0-1021-azure', java.version: '17.0.14'\nDriver info: org.openqa.selenium.chrome.ChromeDriver\nCommand: [92a41ba554788a3005e94da0aa57b7e7, findElement {value=div[class^=\"ant-select-dropdown MultipleSelectField__dropDownMenu\"], using=css selector}]\nCapabilities {acceptInsecureCerts: true, browserName: chrome, browserVersion: 134.0.6998.88, chrome: {chromedriverVersion: 134.0.6998.88 (7e3d5c978c6d..., userDataDir: /tmp/.org.chromium.Chromium...}, fedcm:accounts: true, goog:chromeOptions: {debuggerAddress: localhost:38623}, networkConnectionEnabled: false, pageLoadStrategy: normal, platformName: linux, proxy: Proxy(), se:cdp: ws://localhost:38623/devtoo..., se:cdpVersion: 134.0.6998.88, setWindowRect: true, strictFileInteractability: false, timeouts: {implicit: 0, pageLoad: 300000, script: 30000}, unhandledPromptBehavior: accept, webauthn:extension:credBlob: true, webauthn:extension:largeBlob: true, webauthn:extension:minPinLength: true, webauthn:extension:prf: true, webauthn:virtualAuthenticators: true}\nSession ID: 92a41ba554788a3005e94da0aa57b7e7\n\tat jdk.internal.reflect.GeneratedConstructorAccessor21.newInstance(Unknown Source)\n\tat java.base/jdk.internal.reflect.DelegatingConstructorAccessorImpl.newInstance(DelegatingConstructorAccessorImpl.java:45)\n\tat java.base/java.lang.reflect.Constructor.newInstanceWithCaller(Constructor.java:500)\n\tat java.base/java.lang.reflect.Constructor.newInstance(Constructor.java:481)\n\tat org.openqa.selenium.remote.ErrorCodec.decode(ErrorCodec.java:167)\n\tat org.openqa.selenium.remote.codec.w3c.W3CHttpResponseCodec.decode(W3CHttpResponseCodec.java:138)\n\tat org.openqa.selenium.remote.codec.w3c.W3CHttpResponseCodec.decode(W3CHttpResponseCodec.java:50)\n\tat org.openqa.selenium.remote.HttpCommandExecutor.execute(HttpCommandExecutor.java:190)\n\tat org.openqa.selenium.remote.service.DriverCommandExecutor.invokeExecute(DriverCommandExecutor.java:216)\n\tat org.openqa.selenium.remote.service.DriverCommandExecutor.execute(DriverCommandExecutor.java:174)\n\tat org.openqa.selenium.remote.RemoteWebDriver.execute(RemoteWebDriver.java:518)\n\tat org.openqa.selenium.remote.ElementLocation$ElementFinder$2.findElement(ElementLocation.java:165)\n\tat org.openqa.selenium.remote.ElementLocation.findElement(ElementLocation.java:59)\n\tat org.openqa.selenium.remote.RemoteWebDriver.findElement(RemoteWebDriver.java:355)\n\tat org.openqa.selenium.remote.RemoteWebDriver.findElement(RemoteWebDriver.java:349)\n\tat com.codeborne.selenide.impl.WebElementSelector.findElement(WebElementSelector.java:64)\n\tat com.codeborne.selenide.impl.WebElementSelector.findElement(WebElementSelector.java:39)\n\tat com.codeborne.selenide.impl.WebElementSelector.findElement(WebElementSelector.java:30)\n\tat com.codeborne.selenide.impl.ElementFinder.getWebElement(ElementFinder.java:101)\n\tat com.codeborne.selenide.impl.WebElementSource.checkConditionAndReturnElement(WebElementSource.java:91)\n\t... 22 more\n","flaky":false,"newFailed":false,"newBroken":false,"newPassed":false,"retriesCount":0,"retriesStatusChange":false,"beforeStages":[{"name":"setUpAllure","time":{"start":1742916891577,"stop":1742916891577,"duration":0},"status":"passed","steps":[],"attachments":[],"parameters":[],"shouldDisplayMessage":false,"stepsCount":0,"attachmentsCount":0,"hasContent":false},{"name":"setUp","time":{"start":1742916991594,"stop":1742916997262,"duration":5668},"status":"passed","steps":[{"name":"Launching the browser...","time":{"start":1742916991594,"stop":1742916997262,"duration":5668},"status":"passed","steps":[{"name":"Authorization via KeyCloak with login: demo and password","time":{"start":1742916993932,"stop":1742916997262,"duration":3330},"status":"passed","steps":[{"name":"Entering a username: demo","time":{"start":1742916993932,"stop":1742916995333,"duration":1401},"status":"passed","steps":[],"attachments":[],"parameters":[{"name":"startTime","value":"15:36:33 25-03-2025"},{"name":"login","value":"demo"}],"shouldDisplayMessage":false,"stepsCount":0,"attachmentsCount":0,"hasContent":true},{"name":"Entering a password","time":{"start":1742916995333,"stop":1742916995463,"duration":130},"status":"passed","steps":[],"attachments":[],"parameters":[{"name":"startTime","value":"15:36:35 25-03-2025"}],"shouldDisplayMessage":false,"stepsCount":0,"attachmentsCount":0,"hasContent":true},{"name":"Clicking on the Login button","time":{"start":1742916995463,"stop":1742916997062,"duration":1599},"status":"passed","steps":[],"attachments":[],"parameters":[{"name":"startTime","value":"15:36:35 25-03-2025"}],"shouldDisplayMessage":false,"stepsCount":0,"attachmentsCount":0,"hasContent":true}],"attachments":[],"parameters":[{"name":"startTime","value":"15:36:33 25-03-2025"},{"name":"login","value":"demo"}],"shouldDisplayMessage":false,"stepsCount":3,"attachmentsCount":0,"hasContent":true}],"attachments":[],"parameters":[{"name":"startTime","value":"15:36:31 25-03-2025"}],"shouldDisplayMessage":false,"stepsCount":4,"attachmentsCount":0,"hasContent":true}],"attachments":[],"parameters":[],"shouldDisplayMessage":false,"stepsCount":5,"attachmentsCount":0,"hasContent":true}],"testStage":{"description":"The test checks the list of options that the method returns, with the expected result","status":"failed","statusMessage":"Element not found {div[class^=\"ant-select-dropdown MultipleSelectField__dropDownMenu\"]}\nExpected: exist\nScreenshot: file:/home/runner/work/cxbox-code-samples/cxbox-code-samples/target/videos/1742917013258.240.png\nPage source: file:/home/runner/work/cxbox-code-samples/cxbox-code-samples/target/videos/1742917013258.240.html\nTimeout: 10 s.\nCaused by: NoSuchElementException: no such element: Unable to locate element: {\"method\":\"css selector\",\"selector\":\"div[class^=\"ant-select-dropdown MultipleSelectField__dropDownMenu\"]\"}","statusTrace":"Element not found {div[class^=\"ant-select-dropdown MultipleSelectField__dropDownMenu\"]}\nExpected: exist\nScreenshot: file:/home/runner/work/cxbox-code-samples/cxbox-code-samples/target/videos/1742917013258.240.png\nPage source: file:/home/runner/work/cxbox-code-samples/cxbox-code-samples/target/videos/1742917013258.240.html\nTimeout: 10 s.\nCaused by: NoSuchElementException: no such element: Unable to locate element: {\"method\":\"css selector\",\"selector\":\"div[class^=\"ant-select-dropdown MultipleSelectField__dropDownMenu\"]\"}\n\tat com.codeborne.selenide.impl.WebElementSource.createElementNotFoundError(WebElementSource.java:68)\n\tat com.codeborne.selenide.impl.ElementFinder.createElementNotFoundError(ElementFinder.java:117)\n\tat com.codeborne.selenide.impl.WebElementSource.handleError(WebElementSource.java:119)\n\tat com.codeborne.selenide.impl.WebElementSource.checkConditionAndReturnElement(WebElementSource.java:102)\n\tat com.codeborne.selenide.impl.WebElementSource.checkCondition(WebElementSource.java:78)\n\tat com.codeborne.selenide.commands.Should.execute(Should.java:24)\n\tat com.codeborne.selenide.FluentCommand.execute(FluentCommand.java:27)\n\tat com.codeborne.selenide.FluentCommand.execute(FluentCommand.java:19)\n\tat com.codeborne.selenide.commands.Commands.execute(Commands.java:160)\n\tat com.codeborne.selenide.impl.SelenideElementProxy.dispatchAndRetry(SelenideElementProxy.java:131)\n\tat com.codeborne.selenide.impl.SelenideElementProxy.invoke(SelenideElementProxy.java:83)\n\tat jdk.proxy2/jdk.proxy2.$Proxy23.shouldBe(Unknown Source)\n\tat core.widget.form.field.multipleselect.MultipleSelect.getOptionsMultipleSelect(MultipleSelect.java:169)\n\tat core.widget.form.field.multipleselect.MultipleSelect.getOption(MultipleSelect.java:145)\n\tat core.widget.form.field.multipleselect.MultipleSelect.isSelected(MultipleSelect.java:107)\n\tat core.widget.form.field.multipleselect.MultipleSelect.lambda$addValue$2(MultipleSelect.java:76)\n\tat java.base/java.lang.Iterable.forEach(Iterable.java:75)\n\tat core.widget.form.field.multipleselect.MultipleSelect.lambda$addValue$3(MultipleSelect.java:75)\n\tat io.qameta.allure.Allure.lambda$step$3(Allure.java:152)\n\tat io.qameta.allure.Allure.step(Allure.java:181)\n\tat io.qameta.allure.Allure.step(Allure.java:150)\n\tat core.widget.form.field.multipleselect.MultipleSelect.addValue(MultipleSelect.java:70)\n\tat application.Samples.Form.MultipleSelectOnFormTest.getListOptions(MultipleSelectOnFormTest.java:238)\n\tat java.base/java.lang.reflect.Method.invoke(Method.java:569)\n\tat java.base/java.util.ArrayList.forEach(ArrayList.java:1511)\n\tat java.base/java.util.ArrayList.forEach(ArrayList.java:1511)\nCaused by: org.openqa.selenium.NoSuchElementException: no such element: Unable to locate element: {\"method\":\"css selector\",\"selector\":\"div[class^=\"ant-select-dropdown MultipleSelectField__dropDownMenu\"]\"}\n  (Session info: chrome=134.0.6998.88)\nFor documentation on this error, please visit: https://www.selenium.dev/documentation/webdriver/troubleshooting/errors#no-such-element-exception\nBuild info: version: '4.19.1', revision: 'abe0ee07dc'\nSystem info: os.name: 'Linux', os.arch: 'amd64', os.version: '6.8.0-1021-azure', java.version: '17.0.14'\nDriver info: org.openqa.selenium.chrome.ChromeDriver\nCommand: [92a41ba554788a3005e94da0aa57b7e7, findElement {value=div[class^=\"ant-select-dropdown MultipleSelectField__dropDownMenu\"], using=css selector}]\nCapabilities {acceptInsecureCerts: true, browserName: chrome, browserVersion: 134.0.6998.88, chrome: {chromedriverVersion: 134.0.6998.88 (7e3d5c978c6d..., userDataDir: /tmp/.org.chromium.Chromium...}, fedcm:accounts: true, goog:chromeOptions: {debuggerAddress: localhost:38623}, networkConnectionEnabled: false, pageLoadStrategy: normal, platformName: linux, proxy: Proxy(), se:cdp: ws://localhost:38623/devtoo..., se:cdpVersion: 134.0.6998.88, setWindowRect: true, strictFileInteractability: false, timeouts: {implicit: 0, pageLoad: 300000, script: 30000}, unhandledPromptBehavior: accept, webauthn:extension:credBlob: true, webauthn:extension:largeBlob: true, webauthn:extension:minPinLength: true, webauthn:extension:prf: true, webauthn:virtualAuthenticators: true}\nSession ID: 92a41ba554788a3005e94da0aa57b7e7\n\tat jdk.internal.reflect.GeneratedConstructorAccessor21.newInstance(Unknown Source)\n\tat java.base/jdk.internal.reflect.DelegatingConstructorAccessorImpl.newInstance(DelegatingConstructorAccessorImpl.java:45)\n\tat java.base/java.lang.reflect.Constructor.newInstanceWithCaller(Constructor.java:500)\n\tat java.base/java.lang.reflect.Constructor.newInstance(Constructor.java:481)\n\tat org.openqa.selenium.remote.ErrorCodec.decode(ErrorCodec.java:167)\n\tat org.openqa.selenium.remote.codec.w3c.W3CHttpResponseCodec.decode(W3CHttpResponseCodec.java:138)\n\tat org.openqa.selenium.remote.codec.w3c.W3CHttpResponseCodec.decode(W3CHttpResponseCodec.java:50)\n\tat org.openqa.selenium.remote.HttpCommandExecutor.execute(HttpCommandExecutor.java:190)\n\tat org.openqa.selenium.remote.service.DriverCommandExecutor.invokeExecute(DriverCommandExecutor.java:216)\n\tat org.openqa.selenium.remote.service.DriverCommandExecutor.execute(DriverCommandExecutor.java:174)\n\tat org.openqa.selenium.remote.RemoteWebDriver.execute(RemoteWebDriver.java:518)\n\tat org.openqa.selenium.remote.ElementLocation$ElementFinder$2.findElement(ElementLocation.java:165)\n\tat org.openqa.selenium.remote.ElementLocation.findElement(ElementLocation.java:59)\n\tat org.openqa.selenium.remote.RemoteWebDriver.findElement(RemoteWebDriver.java:355)\n\tat org.openqa.selenium.remote.RemoteWebDriver.findElement(RemoteWebDriver.java:349)\n\tat com.codeborne.selenide.impl.WebElementSelector.findElement(WebElementSelector.java:64)\n\tat com.codeborne.selenide.impl.WebElementSelector.findElement(WebElementSelector.java:39)\n\tat com.codeborne.selenide.impl.WebElementSelector.findElement(WebElementSelector.java:30)\n\tat com.codeborne.selenide.impl.ElementFinder.getWebElement(ElementFinder.java:101)\n\tat com.codeborne.selenide.impl.WebElementSource.checkConditionAndReturnElement(WebElementSource.java:91)\n\t... 22 more\n","steps":[{"name":"Selecting the MultipleSelect basic section in the left menu.","time":{"start":1742916997262,"stop":1742917002768,"duration":5506},"status":"passed","steps":[],"attachments":[],"parameters":[{"name":"sectionName","value":"MultipleSelect basic"},{"name":"startTime","value":"15:36:37 25-03-2025"}],"shouldDisplayMessage":false,"stepsCount":0,"attachmentsCount":0,"hasContent":true},{"name":"Selecting a tab Form on a page","time":{"start":1742917002768,"stop":1742917002981,"duration":213},"status":"passed","steps":[],"attachments":[],"parameters":[{"name":"startTime","value":"15:36:42 25-03-2025"},{"name":"Name of tab","value":"Form"}],"shouldDisplayMessage":false,"stepsCount":0,"attachmentsCount":0,"hasContent":true},{"name":"Validation FormWidget by heading (Title) Form title","time":{"start":1742917002981,"stop":1742917003011,"duration":30},"status":"passed","steps":[],"attachments":[],"parameters":[{"name":"startTime","value":"15:36:42 25-03-2025"},{"name":"Widget title","value":"Form title"}],"shouldDisplayMessage":false,"stepsCount":0,"attachmentsCount":0,"hasContent":true},{"name":"Validation of a field with the MultipleSelect by heading Custom Field","time":{"start":1742917003011,"stop":1742917003011,"duration":0},"status":"passed","steps":[],"attachments":[],"parameters":[{"name":"startTime","value":"15:36:43 25-03-2025"},{"name":"Field heading","value":"Custom Field"}],"shouldDisplayMessage":false,"stepsCount":0,"attachmentsCount":0,"hasContent":true},{"name":"Setting the [Middle] in the field","time":{"start":1742917003011,"stop":1742917013429,"duration":10418},"status":"failed","statusMessage":"Element not found {div[class^=\"ant-select-dropdown MultipleSelectField__dropDownMenu\"]}\nExpected: exist\nScreenshot: file:/home/runner/work/cxbox-code-samples/cxbox-code-samples/target/videos/1742917013258.240.png\nPage source: file:/home/runner/work/cxbox-code-samples/cxbox-code-samples/target/videos/1742917013258.240.html\nTimeout: 10 s.\nCaused by: NoSuchElementException: no such element: Unable to locate element: {\"method\":\"css selector\",\"selector\":\"div[class^=\"ant-select-dropdown MultipleSelectField__dropDownMenu\"]\"}","statusTrace":"Element not found {div[class^=\"ant-select-dropdown MultipleSelectField__dropDownMenu\"]}\nExpected: exist\nScreenshot: file:/home/runner/work/cxbox-code-samples/cxbox-code-samples/target/videos/1742917013258.240.png\nPage source: file:/home/runner/work/cxbox-code-samples/cxbox-code-samples/target/videos/1742917013258.240.html\nTimeout: 10 s.\nCaused by: NoSuchElementException: no such element: Unable to locate element: {\"method\":\"css selector\",\"selector\":\"div[class^=\"ant-select-dropdown MultipleSelectField__dropDownMenu\"]\"}\n\tat com.codeborne.selenide.impl.WebElementSource.createElementNotFoundError(WebElementSource.java:68)\n\tat com.codeborne.selenide.impl.ElementFinder.createElementNotFoundError(ElementFinder.java:117)\n\tat com.codeborne.selenide.impl.WebElementSource.handleError(WebElementSource.java:119)\n\tat com.codeborne.selenide.impl.WebElementSource.checkConditionAndReturnElement(WebElementSource.java:102)\n\tat com.codeborne.selenide.impl.WebElementSource.checkCondition(WebElementSource.java:78)\n\tat com.codeborne.selenide.commands.Should.execute(Should.java:24)\n\tat com.codeborne.selenide.FluentCommand.execute(FluentCommand.java:27)\n\tat com.codeborne.selenide.FluentCommand.execute(FluentCommand.java:19)\n\tat com.codeborne.selenide.commands.Commands.execute(Commands.java:160)\n\tat com.codeborne.selenide.impl.SelenideElementProxy.dispatchAndRetry(SelenideElementProxy.java:131)\n\tat com.codeborne.selenide.impl.SelenideElementProxy.invoke(SelenideElementProxy.java:83)\n\tat jdk.proxy2/jdk.proxy2.$Proxy23.shouldBe(Unknown Source)\n\tat core.widget.form.field.multipleselect.MultipleSelect.getOptionsMultipleSelect(MultipleSelect.java:169)\n\tat core.widget.form.field.multipleselect.MultipleSelect.getOption(MultipleSelect.java:145)\n\tat core.widget.form.field.multipleselect.MultipleSelect.isSelected(MultipleSelect.java:107)\n\tat core.widget.form.field.multipleselect.MultipleSelect.lambda$addValue$2(MultipleSelect.java:76)\n\tat java.base/java.lang.Iterable.forEach(Iterable.java:75)\n\tat core.widget.form.field.multipleselect.MultipleSelect.lambda$addValue$3(MultipleSelect.java:75)\n\tat io.qameta.allure.Allure.lambda$step$3(Allure.java:152)\n\tat io.qameta.allure.Allure.step(Allure.java:181)\n\tat io.qameta.allure.Allure.step(Allure.java:150)\n\tat core.widget.form.field.multipleselect.MultipleSelect.addValue(MultipleSelect.java:70)\n\tat application.Samples.Form.MultipleSelectOnFormTest.getListOptions(MultipleSelectOnFormTest.java:238)\n\tat java.base/jdk.internal.reflect.NativeMethodAccessorImpl.invoke0(Native Method)\n\tat java.base/jdk.internal.reflect.NativeMethodAccessorImpl.invoke(NativeMethodAccessorImpl.java:77)\n\tat java.base/jdk.internal.reflect.DelegatingMethodAccessorImpl.invoke(DelegatingMethodAccessorImpl.java:43)\n\tat java.base/java.lang.reflect.Method.invoke(Method.java:569)\n\tat org.junit.platform.commons.util.ReflectionUtils.invokeMethod(ReflectionUtils.java:728)\n\tat org.junit.jupiter.engine.execution.MethodInvocation.proceed(MethodInvocation.java:60)\n\tat org.junit.jupiter.engine.execution.InvocationInterceptorChain$ValidatingInvocation.proceed(InvocationInterceptorChain.java:131)\n\tat org.junit.jupiter.api.extension.InvocationInterceptor.interceptTestMethod(InvocationInterceptor.java:119)\n\tat org.junit.jupiter.engine.execution.InterceptingExecutableInvoker$ReflectiveInterceptorCall.lambda$ofVoidMethod$0(InterceptingExecutableInvoker.java:103)\n\tat org.junit.jupiter.engine.execution.InterceptingExecutableInvoker.lambda$invoke$0(InterceptingExecutableInvoker.java:93)\n\tat org.junit.jupiter.engine.execution.InvocationInterceptorChain$InterceptedInvocation.proceed(InvocationInterceptorChain.java:106)\n\tat org.junit.jupiter.engine.extension.TimeoutExtension.intercept(TimeoutExtension.java:156)\n\tat org.junit.jupiter.engine.extension.TimeoutExtension.interceptTestableMethod(TimeoutExtension.java:147)\n\tat org.junit.jupiter.engine.extension.TimeoutExtension.interceptTestMethod(TimeoutExtension.java:86)\n\tat org.junit.jupiter.engine.execution.InterceptingExecutableInvoker$ReflectiveInterceptorCall.lambda$ofVoidMethod$0(InterceptingExecutableInvoker.java:103)\n\tat org.junit.jupiter.engine.execution.InterceptingExecutableInvoker.lambda$invoke$0(InterceptingExecutableInvoker.java:93)\n\tat org.junit.jupiter.engine.execution.InvocationInterceptorChain$InterceptedInvocation.proceed(InvocationInterceptorChain.java:106)\n\tat org.junit.jupiter.engine.execution.InvocationInterceptorChain.proceed(InvocationInterceptorChain.java:64)\n\tat org.junit.jupiter.engine.execution.InvocationInterceptorChain.chainAndInvoke(InvocationInterceptorChain.java:45)\n\tat org.junit.jupiter.engine.execution.InvocationInterceptorChain.invoke(InvocationInterceptorChain.java:37)\n\tat org.junit.jupiter.engine.execution.InterceptingExecutableInvoker.invoke(InterceptingExecutableInvoker.java:92)\n\tat org.junit.jupiter.engine.execution.InterceptingExecutableInvoker.invoke(InterceptingExecutableInvoker.java:86)\n\tat org.junit.jupiter.engine.descriptor.TestMethodTestDescriptor.lambda$invokeTestMethod$7(TestMethodTestDescriptor.java:218)\n\tat org.junit.platform.engine.support.hierarchical.ThrowableCollector.execute(ThrowableCollector.java:73)\n\tat org.junit.jupiter.engine.descriptor.TestMethodTestDescriptor.invokeTestMethod(TestMethodTestDescriptor.java:214)\n\tat org.junit.jupiter.engine.descriptor.TestMethodTestDescriptor.execute(TestMethodTestDescriptor.java:139)\n\tat org.junit.jupiter.engine.descriptor.TestMethodTestDescriptor.execute(TestMethodTestDescriptor.java:69)\n\tat org.junit.platform.engine.support.hierarchical.NodeTestTask.lambda$executeRecursively$6(NodeTestTask.java:156)\n\tat org.junit.platform.engine.support.hierarchical.ThrowableCollector.execute(ThrowableCollector.java:73)\n\tat org.junit.platform.engine.support.hierarchical.NodeTestTask.lambda$executeRecursively$8(NodeTestTask.java:146)\n\tat org.junit.platform.engine.support.hierarchical.Node.around(Node.java:137)\n\tat org.junit.platform.engine.support.hierarchical.NodeTestTask.lambda$executeRecursively$9(NodeTestTask.java:144)\n\tat org.junit.platform.engine.support.hierarchical.ThrowableCollector.execute(ThrowableCollector.java:73)\n\tat org.junit.platform.engine.support.hierarchical.NodeTestTask.executeRecursively(NodeTestTask.java:143)\n\tat org.junit.platform.engine.support.hierarchical.NodeTestTask.execute(NodeTestTask.java:100)\n\tat java.base/java.util.ArrayList.forEach(ArrayList.java:1511)\n\tat org.junit.platform.engine.support.hierarchical.SameThreadHierarchicalTestExecutorService.invokeAll(SameThreadHierarchicalTestExecutorService.java:41)\n\tat org.junit.platform.engine.support.hierarchical.NodeTestTask.lambda$executeRecursively$6(NodeTestTask.java:160)\n\tat org.junit.platform.engine.support.hierarchical.ThrowableCollector.execute(ThrowableCollector.java:73)\n\tat org.junit.platform.engine.support.hierarchical.NodeTestTask.lambda$executeRecursively$8(NodeTestTask.java:146)\n\tat org.junit.platform.engine.support.hierarchical.Node.around(Node.java:137)\n\tat org.junit.platform.engine.support.hierarchical.NodeTestTask.lambda$executeRecursively$9(NodeTestTask.java:144)\n\tat org.junit.platform.engine.support.hierarchical.ThrowableCollector.execute(ThrowableCollector.java:73)\n\tat org.junit.platform.engine.support.hierarchical.NodeTestTask.executeRecursively(NodeTestTask.java:143)\n\tat org.junit.platform.engine.support.hierarchical.NodeTestTask.execute(NodeTestTask.java:100)\n\tat java.base/java.util.ArrayList.forEach(ArrayList.java:1511)\n\tat org.junit.platform.engine.support.hierarchical.SameThreadHierarchicalTestExecutorService.invokeAll(SameThreadHierarchicalTestExecutorService.java:41)\n\tat org.junit.platform.engine.support.hierarchical.NodeTestTask.lambda$executeRecursively$6(NodeTestTask.java:160)\n\tat org.junit.platform.engine.support.hierarchical.ThrowableCollector.execute(ThrowableCollector.java:73)\n\tat org.junit.platform.engine.support.hierarchical.NodeTestTask.lambda$executeRecursively$8(NodeTestTask.java:146)\n\tat org.junit.platform.engine.support.hierarchical.Node.around(Node.java:137)\n\tat org.junit.platform.engine.support.hierarchical.NodeTestTask.lambda$executeRecursively$9(NodeTestTask.java:144)\n\tat org.junit.platform.engine.support.hierarchical.ThrowableCollector.execute(ThrowableCollector.java:73)\n\tat org.junit.platform.engine.support.hierarchical.NodeTestTask.executeRecursively(NodeTestTask.java:143)\n\tat org.junit.platform.engine.support.hierarchical.NodeTestTask.execute(NodeTestTask.java:100)\n\tat org.junit.platform.engine.support.hierarchical.SameThreadHierarchicalTestExecutorService.submit(SameThreadHierarchicalTestExecutorService.java:35)\n\tat org.junit.platform.engine.support.hierarchical.HierarchicalTestExecutor.execute(HierarchicalTestExecutor.java:57)\n\tat org.junit.platform.engine.support.hierarchical.HierarchicalTestEngine.execute(HierarchicalTestEngine.java:54)\n\tat org.junit.platform.launcher.core.EngineExecutionOrchestrator.execute(EngineExecutionOrchestrator.java:198)\n\tat org.junit.platform.launcher.core.EngineExecutionOrchestrator.execute(EngineExecutionOrchestrator.java:169)\n\tat org.junit.platform.launcher.core.EngineExecutionOrchestrator.execute(EngineExecutionOrchestrator.java:93)\n\tat org.junit.platform.launcher.core.EngineExecutionOrchestrator.lambda$execute$0(EngineExecutionOrchestrator.java:58)\n\tat org.junit.platform.launcher.core.EngineExecutionOrchestrator.withInterceptedStreams(EngineExecutionOrchestrator.java:141)\n\tat org.junit.platform.launcher.core.EngineExecutionOrchestrator.execute(EngineExecutionOrchestrator.java:57)\n\tat org.junit.platform.launcher.core.DefaultLauncher.execute(DefaultLauncher.java:103)\n\tat org.junit.platform.launcher.core.DefaultLauncher.execute(DefaultLauncher.java:85)\n\tat org.junit.platform.launcher.core.DelegatingLauncher.execute(DelegatingLauncher.java:47)\n\tat org.apache.maven.surefire.junitplatform.LazyLauncher.execute(LazyLauncher.java:56)\n\tat org.apache.maven.surefire.junitplatform.JUnitPlatformProvider.invokeAllTests(JUnitPlatformProvider.java:162)\n\tat org.apache.maven.surefire.junitplatform.JUnitPlatformProvider.invoke(JUnitPlatformProvider.java:122)\n\tat org.apache.maven.surefire.booter.ForkedBooter.runSuitesInProcess(ForkedBooter.java:385)\n\tat org.apache.maven.surefire.booter.ForkedBooter.execute(ForkedBooter.java:162)\n\tat org.apache.maven.surefire.booter.ForkedBooter.run(ForkedBooter.java:507)\n\tat org.apache.maven.surefire.booter.ForkedBooter.main(ForkedBooter.java:495)\nCaused by: org.openqa.selenium.NoSuchElementException: no such element: Unable to locate element: {\"method\":\"css selector\",\"selector\":\"div[class^=\"ant-select-dropdown MultipleSelectField__dropDownMenu\"]\"}\n  (Session info: chrome=134.0.6998.88)\nFor documentation on this error, please visit: https://www.selenium.dev/documentation/webdriver/troubleshooting/errors#no-such-element-exception\nBuild info: version: '4.19.1', revision: 'abe0ee07dc'\nSystem info: os.name: 'Linux', os.arch: 'amd64', os.version: '6.8.0-1021-azure', java.version: '17.0.14'\nDriver info: org.openqa.selenium.chrome.ChromeDriver\nCommand: [92a41ba554788a3005e94da0aa57b7e7, findElement {value=div[class^=\"ant-select-dropdown MultipleSelectField__dropDownMenu\"], using=css selector}]\nCapabilities {acceptInsecureCerts: true, browserName: chrome, browserVersion: 134.0.6998.88, chrome: {chromedriverVersion: 134.0.6998.88 (7e3d5c978c6d..., userDataDir: /tmp/.org.chromium.Chromium...}, fedcm:accounts: true, goog:chromeOptions: {debuggerAddress: localhost:38623}, networkConnectionEnabled: false, pageLoadStrategy: normal, platformName: linux, proxy: Proxy(), se:cdp: ws://localhost:38623/devtoo..., se:cdpVersion: 134.0.6998.88, setWindowRect: true, strictFileInteractability: false, timeouts: {implicit: 0, pageLoad: 300000, script: 30000}, unhandledPromptBehavior: accept, webauthn:extension:credBlob: true, webauthn:extension:largeBlob: true, webauthn:extension:minPinLength: true, webauthn:extension:prf: true, webauthn:virtualAuthenticators: true}\nSession ID: 92a41ba554788a3005e94da0aa57b7e7\n\tat jdk.internal.reflect.GeneratedConstructorAccessor21.newInstance(Unknown Source)\n\tat java.base/jdk.internal.reflect.DelegatingConstructorAccessorImpl.newInstance(DelegatingConstructorAccessorImpl.java:45)\n\tat java.base/java.lang.reflect.Constructor.newInstanceWithCaller(Constructor.java:500)\n\tat java.base/java.lang.reflect.Constructor.newInstance(Constructor.java:481)\n\tat org.openqa.selenium.remote.ErrorCodec.decode(ErrorCodec.java:167)\n\tat org.openqa.selenium.remote.codec.w3c.W3CHttpResponseCodec.decode(W3CHttpResponseCodec.java:138)\n\tat org.openqa.selenium.remote.codec.w3c.W3CHttpResponseCodec.decode(W3CHttpResponseCodec.java:50)\n\tat org.openqa.selenium.remote.HttpCommandExecutor.execute(HttpCommandExecutor.java:190)\n\tat org.openqa.selenium.remote.service.DriverCommandExecutor.invokeExecute(DriverCommandExecutor.java:216)\n\tat org.openqa.selenium.remote.service.DriverCommandExecutor.execute(DriverCommandExecutor.java:174)\n\tat org.openqa.selenium.remote.RemoteWebDriver.execute(RemoteWebDriver.java:518)\n\tat org.openqa.selenium.remote.ElementLocation$ElementFinder$2.findElement(ElementLocation.java:165)\n\tat org.openqa.selenium.remote.ElementLocation.findElement(ElementLocation.java:59)\n\tat org.openqa.selenium.remote.RemoteWebDriver.findElement(RemoteWebDriver.java:355)\n\tat org.openqa.selenium.remote.RemoteWebDriver.findElement(RemoteWebDriver.java:349)\n\tat com.codeborne.selenide.impl.WebElementSelector.findElement(WebElementSelector.java:64)\n\tat com.codeborne.selenide.impl.WebElementSelector.findElement(WebElementSelector.java:39)\n\tat com.codeborne.selenide.impl.WebElementSelector.findElement(WebElementSelector.java:30)\n\tat com.codeborne.selenide.impl.ElementFinder.getWebElement(ElementFinder.java:101)\n\tat com.codeborne.selenide.impl.WebElementSource.checkConditionAndReturnElement(WebElementSource.java:91)\n\t... 93 more\n","steps":[],"attachments":[{"uid":"90b4308968de9356","name":"Screenshot","source":"90b4308968de9356.png","type":"image/png","size":49396},{"uid":"d77d4203f82f787b","name":"Page source","source":"d77d4203f82f787b.html","type":"text/html","size":377606}],"parameters":[{"name":"startTime","value":"15:36:43 25-03-2025"},{"name":"values","value":"[Middle]"}],"shouldDisplayMessage":true,"stepsCount":0,"attachmentsCount":2,"hasContent":true}],"attachments":[],"parameters":[],"shouldDisplayMessage":false,"stepsCount":5,"attachmentsCount":2,"hasContent":true},"afterStages":[{"name":"printLogs","time":{"start":1742917013429,"stop":1742917013429,"duration":0},"status":"passed","steps":[],"attachments":[],"parameters":[],"shouldDisplayMessage":false,"stepsCount":0,"attachmentsCount":0,"hasContent":false},{"name":"tearDown","time":{"start":1742917013429,"stop":1742917013506,"duration":77},"status":"passed","steps":[{"name":"Closing the browser window","time":{"start":1742917013429,"stop":1742917013506,"duration":77},"status":"passed","steps":[],"attachments":[],"parameters":[{"name":"startTime","value":"15:36:53 25-03-2025"}],"shouldDisplayMessage":false,"stepsCount":0,"attachmentsCount":0,"hasContent":true}],"attachments":[],"parameters":[],"shouldDisplayMessage":false,"stepsCount":1,"attachmentsCount":0,"hasContent":true},{"name":"createZipLog","time":{"start":1742917144685,"stop":1742917144685,"duration":0},"status":"passed","steps":[],"attachments":[],"parameters":[],"shouldDisplayMessage":false,"stepsCount":0,"attachmentsCount":0,"hasContent":false}],"labels":[{"name":"tag","value":"Positive"},{"name":"tag","value":"application/Samples"},{"name":"tag","value":"Form"},{"name":"junit.platform.uniqueid","value":"[engine:junit-jupiter]/[class:application.Samples.Form.MultipleSelectOnFormTest]/[method:getListOptions()]"},{"name":"epic","value":"application/Samples"},{"name":"host","value":"fv-az1674-423"},{"name":"thread","value":"2311@fv-az1674-423.main(1)"},{"name":"framework","value":"junit-platform"},{"name":"language","value":"java"},{"name":"package","value":"application.Samples.Form.MultipleSelectOnFormTest"},{"name":"testClass","value":"application.Samples.Form.MultipleSelectOnFormTest"},{"name":"testMethod","value":"getListOptions"},{"name":"suite","value":"Form. Checking the basic functions for the MultipleSelect in the widget Form"},{"name":"severity","value":"minor"},{"name":"resultFormat","value":"allure2"}],"parameters":[],"links":[],"hidden":true,"retry":true,"extra":{"categories":[],"tags":["application/Samples","Positive","Form"]},"source":"db6456a4d927c63b.json","parameterValues":[]}