{"uid":"c858520c687a1a1c","name":"Test for getting the Placeholder value","fullName":"application.Samples.Form.TextOnFormTest.placeholder","historyId":"9e06a7c36d20f59ee51ddcae0c77e7fb","time":{"start":1743588556398,"stop":1743588573227,"duration":16829},"description":"The test gets the value from the placeholder attribute and returns it in String format","descriptionHtml":"<p>The test gets the value from the placeholder attribute and returns it in String format</p>\n","status":"failed","statusMessage":"Element not found {aside[data-test='LEFT_SIDER']/ul[data-test='MAIN_MENU']/li[data-test='MAIN_MENU_ITEM'].findBy(exact text \"Text placeholder\")}\nExpected: enabled\nScreenshot: file:/home/runner/work/cxbox-code-samples/cxbox-code-samples/target/videos/1743588570898.9.png\nPage source: file:/home/runner/work/cxbox-code-samples/cxbox-code-samples/target/videos/1743588570898.9.html\nTimeout: 10 s.\nCaused by: NoSuchElementException: no such element: Unable to locate element: {\"method\":\"css selector\",\"selector\":\"aside[data-test='LEFT_SIDER']\"}","statusTrace":"Element not found {aside[data-test='LEFT_SIDER']/ul[data-test='MAIN_MENU']/li[data-test='MAIN_MENU_ITEM'].findBy(exact text \"Text placeholder\")}\nExpected: enabled\nScreenshot: file:/home/runner/work/cxbox-code-samples/cxbox-code-samples/target/videos/1743588570898.9.png\nPage source: file:/home/runner/work/cxbox-code-samples/cxbox-code-samples/target/videos/1743588570898.9.html\nTimeout: 10 s.\nCaused by: NoSuchElementException: no such element: Unable to locate element: {\"method\":\"css selector\",\"selector\":\"aside[data-test='LEFT_SIDER']\"}\n\tat com.codeborne.selenide.impl.WebElementSource.createElementNotFoundError(WebElementSource.java:68)\n\tat com.codeborne.selenide.impl.WebElementSource.handleError(WebElementSource.java:119)\n\tat com.codeborne.selenide.impl.WebElementSource.checkConditionAndReturnElement(WebElementSource.java:102)\n\tat com.codeborne.selenide.impl.WebElementSource.checkCondition(WebElementSource.java:78)\n\tat com.codeborne.selenide.commands.Should.execute(Should.java:24)\n\tat com.codeborne.selenide.FluentCommand.execute(FluentCommand.java:27)\n\tat com.codeborne.selenide.FluentCommand.execute(FluentCommand.java:19)\n\tat com.codeborne.selenide.commands.Commands.execute(Commands.java:160)\n\tat com.codeborne.selenide.impl.SelenideElementProxy.dispatchAndRetry(SelenideElementProxy.java:131)\n\tat com.codeborne.selenide.impl.SelenideElementProxy.invoke(SelenideElementProxy.java:83)\n\tat jdk.proxy2/jdk.proxy2.$Proxy28.shouldBe(Unknown Source)\n\tat core.MainPages.lambda$click$0(MainPages.java:38)\n\tat io.qameta.allure.Allure.lambda$step$3(Allure.java:152)\n\tat io.qameta.allure.Allure.step(Allure.java:181)\n\tat io.qameta.allure.Allure.step(Allure.java:150)\n\tat core.MainPages.click(MainPages.java:33)\n\tat application.Samples.Form.TextOnFormTest.placeholder(TextOnFormTest.java:35)\n\tat java.base/java.lang.reflect.Method.invoke(Method.java:569)\n\tat java.base/java.util.ArrayList.forEach(ArrayList.java:1511)\n\tat java.base/java.util.ArrayList.forEach(ArrayList.java:1511)\nCaused by: org.openqa.selenium.NoSuchElementException: no such element: Unable to locate element: {\"method\":\"css selector\",\"selector\":\"aside[data-test='LEFT_SIDER']\"}\n  (Session info: chrome=134.0.6998.165)\nFor documentation on this error, please visit: https://www.selenium.dev/documentation/webdriver/troubleshooting/errors#no-such-element-exception\nBuild info: version: '4.19.1', revision: 'abe0ee07dc'\nSystem info: os.name: 'Linux', os.arch: 'amd64', os.version: '6.8.0-1021-azure', java.version: '17.0.14'\nDriver info: org.openqa.selenium.chrome.ChromeDriver\nCommand: [6a66530bf549d81a649a3039d22f8cfd, findElement {value=aside[data-test='LEFT_SIDER'], using=css selector}]\nCapabilities {acceptInsecureCerts: true, browserName: chrome, browserVersion: 134.0.6998.165, chrome: {chromedriverVersion: 134.0.6998.165 (fd886e2cb29..., userDataDir: /tmp/.org.chromium.Chromium...}, fedcm:accounts: true, goog:chromeOptions: {debuggerAddress: localhost:35509}, networkConnectionEnabled: false, pageLoadStrategy: normal, platformName: linux, proxy: Proxy(manual, http=10.1.0.2..., se:cdp: ws://localhost:35509/devtoo..., se:cdpVersion: 134.0.6998.165, setWindowRect: true, strictFileInteractability: false, timeouts: {implicit: 0, pageLoad: 300000, script: 30000}, unhandledPromptBehavior: accept, webauthn:extension:credBlob: true, webauthn:extension:largeBlob: true, webauthn:extension:minPinLength: true, webauthn:extension:prf: true, webauthn:virtualAuthenticators: true}\nSession ID: 6a66530bf549d81a649a3039d22f8cfd\n\tat jdk.internal.reflect.GeneratedConstructorAccessor25.newInstance(Unknown Source)\n\tat java.base/jdk.internal.reflect.DelegatingConstructorAccessorImpl.newInstance(DelegatingConstructorAccessorImpl.java:45)\n\tat java.base/java.lang.reflect.Constructor.newInstanceWithCaller(Constructor.java:500)\n\tat java.base/java.lang.reflect.Constructor.newInstance(Constructor.java:481)\n\tat org.openqa.selenium.remote.ErrorCodec.decode(ErrorCodec.java:167)\n\tat org.openqa.selenium.remote.codec.w3c.W3CHttpResponseCodec.decode(W3CHttpResponseCodec.java:138)\n\tat org.openqa.selenium.remote.codec.w3c.W3CHttpResponseCodec.decode(W3CHttpResponseCodec.java:50)\n\tat org.openqa.selenium.remote.HttpCommandExecutor.execute(HttpCommandExecutor.java:190)\n\tat org.openqa.selenium.remote.service.DriverCommandExecutor.invokeExecute(DriverCommandExecutor.java:216)\n\tat org.openqa.selenium.remote.service.DriverCommandExecutor.execute(DriverCommandExecutor.java:174)\n\tat org.openqa.selenium.remote.RemoteWebDriver.execute(RemoteWebDriver.java:518)\n\tat org.openqa.selenium.remote.ElementLocation$ElementFinder$2.findElement(ElementLocation.java:165)\n\tat org.openqa.selenium.remote.ElementLocation.findElement(ElementLocation.java:59)\n\tat org.openqa.selenium.remote.RemoteWebDriver.findElement(RemoteWebDriver.java:355)\n\tat org.openqa.selenium.remote.RemoteWebDriver.findElement(RemoteWebDriver.java:349)\n\tat com.codeborne.selenide.impl.WebElementSelector.findElement(WebElementSelector.java:64)\n\tat com.codeborne.selenide.impl.WebElementSelector.findElement(WebElementSelector.java:39)\n\tat com.codeborne.selenide.impl.WebElementSelector.findElement(WebElementSelector.java:30)\n\tat com.codeborne.selenide.impl.ElementFinder.getWebElement(ElementFinder.java:101)\n\tat com.codeborne.selenide.impl.WebElementSelector.findElement(WebElementSelector.java:35)\n\tat com.codeborne.selenide.impl.WebElementSelector.findElement(WebElementSelector.java:30)\n\tat com.codeborne.selenide.impl.ElementFinder.getWebElement(ElementFinder.java:101)\n\tat com.codeborne.selenide.impl.WebElementSelector.findElements(WebElementSelector.java:50)\n\tat com.codeborne.selenide.impl.BySelectorCollection.getElements(BySelectorCollection.java:35)\n\tat com.codeborne.selenide.impl.CollectionElementByCondition.getWebElement(CollectionElementByCondition.java:37)\n\tat com.codeborne.selenide.impl.WebElementSource.checkConditionAndReturnElement(WebElementSource.java:91)\n\t... 17 more\n","flaky":false,"newFailed":true,"newBroken":false,"newPassed":false,"retriesCount":0,"retriesStatusChange":false,"beforeStages":[{"name":"setUp","time":{"start":1743588556411,"stop":1743588560697,"duration":4286},"status":"passed","steps":[{"name":"Launching the browser...","time":{"start":1743588556411,"stop":1743588560696,"duration":4285},"status":"passed","steps":[{"name":"Authorization via KeyCloak with login: demo and password","time":{"start":1743588559130,"stop":1743588560696,"duration":1566},"status":"passed","steps":[{"name":"Entering a username: demo","time":{"start":1743588559130,"stop":1743588559385,"duration":255},"status":"passed","steps":[],"attachments":[],"parameters":[{"name":"startTime","value":"10:09:19 02-04-2025"},{"name":"login","value":"demo"}],"shouldDisplayMessage":false,"stepsCount":0,"attachmentsCount":0,"hasContent":true,"attachmentStep":false},{"name":"Entering a password","time":{"start":1743588559385,"stop":1743588559512,"duration":127},"status":"passed","steps":[],"attachments":[],"parameters":[{"name":"startTime","value":"10:09:19 02-04-2025"}],"shouldDisplayMessage":false,"stepsCount":0,"attachmentsCount":0,"hasContent":true,"attachmentStep":false},{"name":"Clicking on the Login button","time":{"start":1743588559512,"stop":1743588560496,"duration":984},"status":"passed","steps":[],"attachments":[],"parameters":[{"name":"startTime","value":"10:09:19 02-04-2025"}],"shouldDisplayMessage":false,"stepsCount":0,"attachmentsCount":0,"hasContent":true,"attachmentStep":false}],"attachments":[],"parameters":[{"name":"startTime","value":"10:09:19 02-04-2025"},{"name":"login","value":"demo"}],"shouldDisplayMessage":false,"stepsCount":3,"attachmentsCount":0,"hasContent":true,"attachmentStep":false}],"attachments":[],"parameters":[{"name":"startTime","value":"10:09:16 02-04-2025"}],"shouldDisplayMessage":false,"stepsCount":4,"attachmentsCount":0,"hasContent":true,"attachmentStep":false}],"attachments":[],"parameters":[],"shouldDisplayMessage":false,"stepsCount":5,"attachmentsCount":0,"hasContent":true,"attachmentStep":false}],"testStage":{"description":"The test gets the value from the placeholder attribute and returns it in String format","status":"failed","statusMessage":"Element not found {aside[data-test='LEFT_SIDER']/ul[data-test='MAIN_MENU']/li[data-test='MAIN_MENU_ITEM'].findBy(exact text \"Text placeholder\")}\nExpected: enabled\nScreenshot: file:/home/runner/work/cxbox-code-samples/cxbox-code-samples/target/videos/1743588570898.9.png\nPage source: file:/home/runner/work/cxbox-code-samples/cxbox-code-samples/target/videos/1743588570898.9.html\nTimeout: 10 s.\nCaused by: NoSuchElementException: no such element: Unable to locate element: {\"method\":\"css selector\",\"selector\":\"aside[data-test='LEFT_SIDER']\"}","statusTrace":"Element not found {aside[data-test='LEFT_SIDER']/ul[data-test='MAIN_MENU']/li[data-test='MAIN_MENU_ITEM'].findBy(exact text \"Text placeholder\")}\nExpected: enabled\nScreenshot: file:/home/runner/work/cxbox-code-samples/cxbox-code-samples/target/videos/1743588570898.9.png\nPage source: file:/home/runner/work/cxbox-code-samples/cxbox-code-samples/target/videos/1743588570898.9.html\nTimeout: 10 s.\nCaused by: NoSuchElementException: no such element: Unable to locate element: {\"method\":\"css selector\",\"selector\":\"aside[data-test='LEFT_SIDER']\"}\n\tat com.codeborne.selenide.impl.WebElementSource.createElementNotFoundError(WebElementSource.java:68)\n\tat com.codeborne.selenide.impl.WebElementSource.handleError(WebElementSource.java:119)\n\tat com.codeborne.selenide.impl.WebElementSource.checkConditionAndReturnElement(WebElementSource.java:102)\n\tat com.codeborne.selenide.impl.WebElementSource.checkCondition(WebElementSource.java:78)\n\tat com.codeborne.selenide.commands.Should.execute(Should.java:24)\n\tat com.codeborne.selenide.FluentCommand.execute(FluentCommand.java:27)\n\tat com.codeborne.selenide.FluentCommand.execute(FluentCommand.java:19)\n\tat com.codeborne.selenide.commands.Commands.execute(Commands.java:160)\n\tat com.codeborne.selenide.impl.SelenideElementProxy.dispatchAndRetry(SelenideElementProxy.java:131)\n\tat com.codeborne.selenide.impl.SelenideElementProxy.invoke(SelenideElementProxy.java:83)\n\tat jdk.proxy2/jdk.proxy2.$Proxy28.shouldBe(Unknown Source)\n\tat core.MainPages.lambda$click$0(MainPages.java:38)\n\tat io.qameta.allure.Allure.lambda$step$3(Allure.java:152)\n\tat io.qameta.allure.Allure.step(Allure.java:181)\n\tat io.qameta.allure.Allure.step(Allure.java:150)\n\tat core.MainPages.click(MainPages.java:33)\n\tat application.Samples.Form.TextOnFormTest.placeholder(TextOnFormTest.java:35)\n\tat java.base/java.lang.reflect.Method.invoke(Method.java:569)\n\tat java.base/java.util.ArrayList.forEach(ArrayList.java:1511)\n\tat java.base/java.util.ArrayList.forEach(ArrayList.java:1511)\nCaused by: org.openqa.selenium.NoSuchElementException: no such element: Unable to locate element: {\"method\":\"css selector\",\"selector\":\"aside[data-test='LEFT_SIDER']\"}\n  (Session info: chrome=134.0.6998.165)\nFor documentation on this error, please visit: https://www.selenium.dev/documentation/webdriver/troubleshooting/errors#no-such-element-exception\nBuild info: version: '4.19.1', revision: 'abe0ee07dc'\nSystem info: os.name: 'Linux', os.arch: 'amd64', os.version: '6.8.0-1021-azure', java.version: '17.0.14'\nDriver info: org.openqa.selenium.chrome.ChromeDriver\nCommand: [6a66530bf549d81a649a3039d22f8cfd, findElement {value=aside[data-test='LEFT_SIDER'], using=css selector}]\nCapabilities {acceptInsecureCerts: true, browserName: chrome, browserVersion: 134.0.6998.165, chrome: {chromedriverVersion: 134.0.6998.165 (fd886e2cb29..., userDataDir: /tmp/.org.chromium.Chromium...}, fedcm:accounts: true, goog:chromeOptions: {debuggerAddress: localhost:35509}, networkConnectionEnabled: false, pageLoadStrategy: normal, platformName: linux, proxy: Proxy(manual, http=10.1.0.2..., se:cdp: ws://localhost:35509/devtoo..., se:cdpVersion: 134.0.6998.165, setWindowRect: true, strictFileInteractability: false, timeouts: {implicit: 0, pageLoad: 300000, script: 30000}, unhandledPromptBehavior: accept, webauthn:extension:credBlob: true, webauthn:extension:largeBlob: true, webauthn:extension:minPinLength: true, webauthn:extension:prf: true, webauthn:virtualAuthenticators: true}\nSession ID: 6a66530bf549d81a649a3039d22f8cfd\n\tat jdk.internal.reflect.GeneratedConstructorAccessor25.newInstance(Unknown Source)\n\tat java.base/jdk.internal.reflect.DelegatingConstructorAccessorImpl.newInstance(DelegatingConstructorAccessorImpl.java:45)\n\tat java.base/java.lang.reflect.Constructor.newInstanceWithCaller(Constructor.java:500)\n\tat java.base/java.lang.reflect.Constructor.newInstance(Constructor.java:481)\n\tat org.openqa.selenium.remote.ErrorCodec.decode(ErrorCodec.java:167)\n\tat org.openqa.selenium.remote.codec.w3c.W3CHttpResponseCodec.decode(W3CHttpResponseCodec.java:138)\n\tat org.openqa.selenium.remote.codec.w3c.W3CHttpResponseCodec.decode(W3CHttpResponseCodec.java:50)\n\tat org.openqa.selenium.remote.HttpCommandExecutor.execute(HttpCommandExecutor.java:190)\n\tat org.openqa.selenium.remote.service.DriverCommandExecutor.invokeExecute(DriverCommandExecutor.java:216)\n\tat org.openqa.selenium.remote.service.DriverCommandExecutor.execute(DriverCommandExecutor.java:174)\n\tat org.openqa.selenium.remote.RemoteWebDriver.execute(RemoteWebDriver.java:518)\n\tat org.openqa.selenium.remote.ElementLocation$ElementFinder$2.findElement(ElementLocation.java:165)\n\tat org.openqa.selenium.remote.ElementLocation.findElement(ElementLocation.java:59)\n\tat org.openqa.selenium.remote.RemoteWebDriver.findElement(RemoteWebDriver.java:355)\n\tat org.openqa.selenium.remote.RemoteWebDriver.findElement(RemoteWebDriver.java:349)\n\tat com.codeborne.selenide.impl.WebElementSelector.findElement(WebElementSelector.java:64)\n\tat com.codeborne.selenide.impl.WebElementSelector.findElement(WebElementSelector.java:39)\n\tat com.codeborne.selenide.impl.WebElementSelector.findElement(WebElementSelector.java:30)\n\tat com.codeborne.selenide.impl.ElementFinder.getWebElement(ElementFinder.java:101)\n\tat com.codeborne.selenide.impl.WebElementSelector.findElement(WebElementSelector.java:35)\n\tat com.codeborne.selenide.impl.WebElementSelector.findElement(WebElementSelector.java:30)\n\tat com.codeborne.selenide.impl.ElementFinder.getWebElement(ElementFinder.java:101)\n\tat com.codeborne.selenide.impl.WebElementSelector.findElements(WebElementSelector.java:50)\n\tat com.codeborne.selenide.impl.BySelectorCollection.getElements(BySelectorCollection.java:35)\n\tat com.codeborne.selenide.impl.CollectionElementByCondition.getWebElement(CollectionElementByCondition.java:37)\n\tat com.codeborne.selenide.impl.WebElementSource.checkConditionAndReturnElement(WebElementSource.java:91)\n\t... 17 more\n","steps":[{"name":"Selecting the Text placeholder section in the left menu.","time":{"start":1743588560698,"stop":1743588571117,"duration":10419},"status":"failed","statusMessage":"Element not found {aside[data-test='LEFT_SIDER']/ul[data-test='MAIN_MENU']/li[data-test='MAIN_MENU_ITEM'].findBy(exact text \"Text placeholder\")}\nExpected: enabled\nScreenshot: file:/home/runner/work/cxbox-code-samples/cxbox-code-samples/target/videos/1743588570898.9.png\nPage source: file:/home/runner/work/cxbox-code-samples/cxbox-code-samples/target/videos/1743588570898.9.html\nTimeout: 10 s.\nCaused by: NoSuchElementException: no such element: Unable to locate element: {\"method\":\"css selector\",\"selector\":\"aside[data-test='LEFT_SIDER']\"}","statusTrace":"Element not found {aside[data-test='LEFT_SIDER']/ul[data-test='MAIN_MENU']/li[data-test='MAIN_MENU_ITEM'].findBy(exact text \"Text placeholder\")}\nExpected: enabled\nScreenshot: file:/home/runner/work/cxbox-code-samples/cxbox-code-samples/target/videos/1743588570898.9.png\nPage source: file:/home/runner/work/cxbox-code-samples/cxbox-code-samples/target/videos/1743588570898.9.html\nTimeout: 10 s.\nCaused by: NoSuchElementException: no such element: Unable to locate element: {\"method\":\"css selector\",\"selector\":\"aside[data-test='LEFT_SIDER']\"}\n\tat com.codeborne.selenide.impl.WebElementSource.createElementNotFoundError(WebElementSource.java:68)\n\tat com.codeborne.selenide.impl.WebElementSource.handleError(WebElementSource.java:119)\n\tat com.codeborne.selenide.impl.WebElementSource.checkConditionAndReturnElement(WebElementSource.java:102)\n\tat com.codeborne.selenide.impl.WebElementSource.checkCondition(WebElementSource.java:78)\n\tat com.codeborne.selenide.commands.Should.execute(Should.java:24)\n\tat com.codeborne.selenide.FluentCommand.execute(FluentCommand.java:27)\n\tat com.codeborne.selenide.FluentCommand.execute(FluentCommand.java:19)\n\tat com.codeborne.selenide.commands.Commands.execute(Commands.java:160)\n\tat com.codeborne.selenide.impl.SelenideElementProxy.dispatchAndRetry(SelenideElementProxy.java:131)\n\tat com.codeborne.selenide.impl.SelenideElementProxy.invoke(SelenideElementProxy.java:83)\n\tat jdk.proxy2/jdk.proxy2.$Proxy28.shouldBe(Unknown Source)\n\tat core.MainPages.lambda$click$0(MainPages.java:38)\n\tat io.qameta.allure.Allure.lambda$step$3(Allure.java:152)\n\tat io.qameta.allure.Allure.step(Allure.java:181)\n\tat io.qameta.allure.Allure.step(Allure.java:150)\n\tat core.MainPages.click(MainPages.java:33)\n\tat application.Samples.Form.TextOnFormTest.placeholder(TextOnFormTest.java:35)\n\tat java.base/jdk.internal.reflect.NativeMethodAccessorImpl.invoke0(Native Method)\n\tat java.base/jdk.internal.reflect.NativeMethodAccessorImpl.invoke(NativeMethodAccessorImpl.java:77)\n\tat java.base/jdk.internal.reflect.DelegatingMethodAccessorImpl.invoke(DelegatingMethodAccessorImpl.java:43)\n\tat java.base/java.lang.reflect.Method.invoke(Method.java:569)\n\tat org.junit.platform.commons.util.ReflectionUtils.invokeMethod(ReflectionUtils.java:728)\n\tat org.junit.jupiter.engine.execution.MethodInvocation.proceed(MethodInvocation.java:60)\n\tat org.junit.jupiter.engine.execution.InvocationInterceptorChain$ValidatingInvocation.proceed(InvocationInterceptorChain.java:131)\n\tat org.junit.jupiter.api.extension.InvocationInterceptor.interceptTestMethod(InvocationInterceptor.java:119)\n\tat org.junit.jupiter.engine.execution.InterceptingExecutableInvoker$ReflectiveInterceptorCall.lambda$ofVoidMethod$0(InterceptingExecutableInvoker.java:103)\n\tat org.junit.jupiter.engine.execution.InterceptingExecutableInvoker.lambda$invoke$0(InterceptingExecutableInvoker.java:93)\n\tat org.junit.jupiter.engine.execution.InvocationInterceptorChain$InterceptedInvocation.proceed(InvocationInterceptorChain.java:106)\n\tat org.junit.jupiter.engine.extension.TimeoutExtension.intercept(TimeoutExtension.java:156)\n\tat org.junit.jupiter.engine.extension.TimeoutExtension.interceptTestableMethod(TimeoutExtension.java:147)\n\tat org.junit.jupiter.engine.extension.TimeoutExtension.interceptTestMethod(TimeoutExtension.java:86)\n\tat org.junit.jupiter.engine.execution.InterceptingExecutableInvoker$ReflectiveInterceptorCall.lambda$ofVoidMethod$0(InterceptingExecutableInvoker.java:103)\n\tat org.junit.jupiter.engine.execution.InterceptingExecutableInvoker.lambda$invoke$0(InterceptingExecutableInvoker.java:93)\n\tat org.junit.jupiter.engine.execution.InvocationInterceptorChain$InterceptedInvocation.proceed(InvocationInterceptorChain.java:106)\n\tat org.junit.jupiter.engine.execution.InvocationInterceptorChain.proceed(InvocationInterceptorChain.java:64)\n\tat org.junit.jupiter.engine.execution.InvocationInterceptorChain.chainAndInvoke(InvocationInterceptorChain.java:45)\n\tat org.junit.jupiter.engine.execution.InvocationInterceptorChain.invoke(InvocationInterceptorChain.java:37)\n\tat org.junit.jupiter.engine.execution.InterceptingExecutableInvoker.invoke(InterceptingExecutableInvoker.java:92)\n\tat org.junit.jupiter.engine.execution.InterceptingExecutableInvoker.invoke(InterceptingExecutableInvoker.java:86)\n\tat org.junit.jupiter.engine.descriptor.TestMethodTestDescriptor.lambda$invokeTestMethod$7(TestMethodTestDescriptor.java:218)\n\tat org.junit.platform.engine.support.hierarchical.ThrowableCollector.execute(ThrowableCollector.java:73)\n\tat org.junit.jupiter.engine.descriptor.TestMethodTestDescriptor.invokeTestMethod(TestMethodTestDescriptor.java:214)\n\tat org.junit.jupiter.engine.descriptor.TestMethodTestDescriptor.execute(TestMethodTestDescriptor.java:139)\n\tat org.junit.jupiter.engine.descriptor.TestMethodTestDescriptor.execute(TestMethodTestDescriptor.java:69)\n\tat org.junit.platform.engine.support.hierarchical.NodeTestTask.lambda$executeRecursively$6(NodeTestTask.java:156)\n\tat org.junit.platform.engine.support.hierarchical.ThrowableCollector.execute(ThrowableCollector.java:73)\n\tat org.junit.platform.engine.support.hierarchical.NodeTestTask.lambda$executeRecursively$8(NodeTestTask.java:146)\n\tat org.junit.platform.engine.support.hierarchical.Node.around(Node.java:137)\n\tat org.junit.platform.engine.support.hierarchical.NodeTestTask.lambda$executeRecursively$9(NodeTestTask.java:144)\n\tat org.junit.platform.engine.support.hierarchical.ThrowableCollector.execute(ThrowableCollector.java:73)\n\tat org.junit.platform.engine.support.hierarchical.NodeTestTask.executeRecursively(NodeTestTask.java:143)\n\tat org.junit.platform.engine.support.hierarchical.NodeTestTask.execute(NodeTestTask.java:100)\n\tat java.base/java.util.ArrayList.forEach(ArrayList.java:1511)\n\tat org.junit.platform.engine.support.hierarchical.SameThreadHierarchicalTestExecutorService.invokeAll(SameThreadHierarchicalTestExecutorService.java:41)\n\tat org.junit.platform.engine.support.hierarchical.NodeTestTask.lambda$executeRecursively$6(NodeTestTask.java:160)\n\tat org.junit.platform.engine.support.hierarchical.ThrowableCollector.execute(ThrowableCollector.java:73)\n\tat org.junit.platform.engine.support.hierarchical.NodeTestTask.lambda$executeRecursively$8(NodeTestTask.java:146)\n\tat org.junit.platform.engine.support.hierarchical.Node.around(Node.java:137)\n\tat org.junit.platform.engine.support.hierarchical.NodeTestTask.lambda$executeRecursively$9(NodeTestTask.java:144)\n\tat org.junit.platform.engine.support.hierarchical.ThrowableCollector.execute(ThrowableCollector.java:73)\n\tat org.junit.platform.engine.support.hierarchical.NodeTestTask.executeRecursively(NodeTestTask.java:143)\n\tat org.junit.platform.engine.support.hierarchical.NodeTestTask.execute(NodeTestTask.java:100)\n\tat java.base/java.util.ArrayList.forEach(ArrayList.java:1511)\n\tat org.junit.platform.engine.support.hierarchical.SameThreadHierarchicalTestExecutorService.invokeAll(SameThreadHierarchicalTestExecutorService.java:41)\n\tat org.junit.platform.engine.support.hierarchical.NodeTestTask.lambda$executeRecursively$6(NodeTestTask.java:160)\n\tat org.junit.platform.engine.support.hierarchical.ThrowableCollector.execute(ThrowableCollector.java:73)\n\tat org.junit.platform.engine.support.hierarchical.NodeTestTask.lambda$executeRecursively$8(NodeTestTask.java:146)\n\tat org.junit.platform.engine.support.hierarchical.Node.around(Node.java:137)\n\tat org.junit.platform.engine.support.hierarchical.NodeTestTask.lambda$executeRecursively$9(NodeTestTask.java:144)\n\tat org.junit.platform.engine.support.hierarchical.ThrowableCollector.execute(ThrowableCollector.java:73)\n\tat org.junit.platform.engine.support.hierarchical.NodeTestTask.executeRecursively(NodeTestTask.java:143)\n\tat org.junit.platform.engine.support.hierarchical.NodeTestTask.execute(NodeTestTask.java:100)\n\tat org.junit.platform.engine.support.hierarchical.SameThreadHierarchicalTestExecutorService.submit(SameThreadHierarchicalTestExecutorService.java:35)\n\tat org.junit.platform.engine.support.hierarchical.HierarchicalTestExecutor.execute(HierarchicalTestExecutor.java:57)\n\tat org.junit.platform.engine.support.hierarchical.HierarchicalTestEngine.execute(HierarchicalTestEngine.java:54)\n\tat org.junit.platform.launcher.core.EngineExecutionOrchestrator.execute(EngineExecutionOrchestrator.java:198)\n\tat org.junit.platform.launcher.core.EngineExecutionOrchestrator.execute(EngineExecutionOrchestrator.java:169)\n\tat org.junit.platform.launcher.core.EngineExecutionOrchestrator.execute(EngineExecutionOrchestrator.java:93)\n\tat org.junit.platform.launcher.core.EngineExecutionOrchestrator.lambda$execute$0(EngineExecutionOrchestrator.java:58)\n\tat org.junit.platform.launcher.core.EngineExecutionOrchestrator.withInterceptedStreams(EngineExecutionOrchestrator.java:141)\n\tat org.junit.platform.launcher.core.EngineExecutionOrchestrator.execute(EngineExecutionOrchestrator.java:57)\n\tat org.junit.platform.launcher.core.DefaultLauncher.execute(DefaultLauncher.java:103)\n\tat org.junit.platform.launcher.core.DefaultLauncher.execute(DefaultLauncher.java:85)\n\tat org.junit.platform.launcher.core.DelegatingLauncher.execute(DelegatingLauncher.java:47)\n\tat org.apache.maven.surefire.junitplatform.LazyLauncher.execute(LazyLauncher.java:56)\n\tat org.apache.maven.surefire.junitplatform.JUnitPlatformProvider.execute(JUnitPlatformProvider.java:184)\n\tat org.apache.maven.surefire.junitplatform.JUnitPlatformProvider.invokeAllTests(JUnitPlatformProvider.java:148)\n\tat org.apache.maven.surefire.junitplatform.JUnitPlatformProvider.invoke(JUnitPlatformProvider.java:120)\n\tat org.apache.maven.surefire.booter.ForkedBooter.runSuitesInProcess(ForkedBooter.java:385)\n\tat org.apache.maven.surefire.booter.ForkedBooter.execute(ForkedBooter.java:162)\n\tat org.apache.maven.surefire.booter.ForkedBooter.run(ForkedBooter.java:507)\n\tat org.apache.maven.surefire.booter.ForkedBooter.main(ForkedBooter.java:495)\nCaused by: org.openqa.selenium.NoSuchElementException: no such element: Unable to locate element: {\"method\":\"css selector\",\"selector\":\"aside[data-test='LEFT_SIDER']\"}\n  (Session info: chrome=134.0.6998.165)\nFor documentation on this error, please visit: https://www.selenium.dev/documentation/webdriver/troubleshooting/errors#no-such-element-exception\nBuild info: version: '4.19.1', revision: 'abe0ee07dc'\nSystem info: os.name: 'Linux', os.arch: 'amd64', os.version: '6.8.0-1021-azure', java.version: '17.0.14'\nDriver info: org.openqa.selenium.chrome.ChromeDriver\nCommand: [6a66530bf549d81a649a3039d22f8cfd, findElement {value=aside[data-test='LEFT_SIDER'], using=css selector}]\nCapabilities {acceptInsecureCerts: true, browserName: chrome, browserVersion: 134.0.6998.165, chrome: {chromedriverVersion: 134.0.6998.165 (fd886e2cb29..., userDataDir: /tmp/.org.chromium.Chromium...}, fedcm:accounts: true, goog:chromeOptions: {debuggerAddress: localhost:35509}, networkConnectionEnabled: false, pageLoadStrategy: normal, platformName: linux, proxy: Proxy(manual, http=10.1.0.2..., se:cdp: ws://localhost:35509/devtoo..., se:cdpVersion: 134.0.6998.165, setWindowRect: true, strictFileInteractability: false, timeouts: {implicit: 0, pageLoad: 300000, script: 30000}, unhandledPromptBehavior: accept, webauthn:extension:credBlob: true, webauthn:extension:largeBlob: true, webauthn:extension:minPinLength: true, webauthn:extension:prf: true, webauthn:virtualAuthenticators: true}\nSession ID: 6a66530bf549d81a649a3039d22f8cfd\n\tat jdk.internal.reflect.GeneratedConstructorAccessor25.newInstance(Unknown Source)\n\tat java.base/jdk.internal.reflect.DelegatingConstructorAccessorImpl.newInstance(DelegatingConstructorAccessorImpl.java:45)\n\tat java.base/java.lang.reflect.Constructor.newInstanceWithCaller(Constructor.java:500)\n\tat java.base/java.lang.reflect.Constructor.newInstance(Constructor.java:481)\n\tat org.openqa.selenium.remote.ErrorCodec.decode(ErrorCodec.java:167)\n\tat org.openqa.selenium.remote.codec.w3c.W3CHttpResponseCodec.decode(W3CHttpResponseCodec.java:138)\n\tat org.openqa.selenium.remote.codec.w3c.W3CHttpResponseCodec.decode(W3CHttpResponseCodec.java:50)\n\tat org.openqa.selenium.remote.HttpCommandExecutor.execute(HttpCommandExecutor.java:190)\n\tat org.openqa.selenium.remote.service.DriverCommandExecutor.invokeExecute(DriverCommandExecutor.java:216)\n\tat org.openqa.selenium.remote.service.DriverCommandExecutor.execute(DriverCommandExecutor.java:174)\n\tat org.openqa.selenium.remote.RemoteWebDriver.execute(RemoteWebDriver.java:518)\n\tat org.openqa.selenium.remote.ElementLocation$ElementFinder$2.findElement(ElementLocation.java:165)\n\tat org.openqa.selenium.remote.ElementLocation.findElement(ElementLocation.java:59)\n\tat org.openqa.selenium.remote.RemoteWebDriver.findElement(RemoteWebDriver.java:355)\n\tat org.openqa.selenium.remote.RemoteWebDriver.findElement(RemoteWebDriver.java:349)\n\tat com.codeborne.selenide.impl.WebElementSelector.findElement(WebElementSelector.java:64)\n\tat com.codeborne.selenide.impl.WebElementSelector.findElement(WebElementSelector.java:39)\n\tat com.codeborne.selenide.impl.WebElementSelector.findElement(WebElementSelector.java:30)\n\tat com.codeborne.selenide.impl.ElementFinder.getWebElement(ElementFinder.java:101)\n\tat com.codeborne.selenide.impl.WebElementSelector.findElement(WebElementSelector.java:35)\n\tat com.codeborne.selenide.impl.WebElementSelector.findElement(WebElementSelector.java:30)\n\tat com.codeborne.selenide.impl.ElementFinder.getWebElement(ElementFinder.java:101)\n\tat com.codeborne.selenide.impl.WebElementSelector.findElements(WebElementSelector.java:50)\n\tat com.codeborne.selenide.impl.BySelectorCollection.getElements(BySelectorCollection.java:35)\n\tat com.codeborne.selenide.impl.CollectionElementByCondition.getWebElement(CollectionElementByCondition.java:37)\n\tat com.codeborne.selenide.impl.WebElementSource.checkConditionAndReturnElement(WebElementSource.java:91)\n\t... 89 more\n","steps":[],"attachments":[{"uid":"58ae931ba8855cd7","name":"Screenshot","source":"58ae931ba8855cd7.png","type":"image/png","size":5233},{"uid":"cfc8c96cabf4f666","name":"Page source","source":"cfc8c96cabf4f666.html","type":"text/html","size":1106}],"parameters":[{"name":"sectionName","value":"Text placeholder"},{"name":"startTime","value":"10:09:20 02-04-2025"}],"shouldDisplayMessage":true,"stepsCount":0,"attachmentsCount":2,"hasContent":true,"attachmentStep":false}],"attachments":[],"parameters":[],"shouldDisplayMessage":false,"stepsCount":1,"attachmentsCount":2,"hasContent":true,"attachmentStep":false},"afterStages":[{"name":"printLogs","time":{"start":1743588571118,"stop":1743588571121,"duration":3},"status":"passed","steps":[{"name":"Print browser logs and response...","time":{"start":1743588571118,"stop":1743588571121,"duration":3},"status":"passed","steps":[],"attachments":[{"uid":"45433118bdd9df51","name":"Browser Logs","source":"45433118bdd9df51.txt","type":"text/plain","size":624},{"uid":"659d1a0dac238cd","name":"Browser network","source":"659d1a0dac238cd.txt","type":"text/plain","size":4395},{"uid":"4400ee433c03c744","name":"Login network logs","source":"4400ee433c03c744.zip","type":"application/zip","size":140}],"parameters":[{"name":"startTime","value":"10:09:31 02-04-2025"}],"shouldDisplayMessage":false,"stepsCount":0,"attachmentsCount":3,"hasContent":true,"attachmentStep":false}],"attachments":[],"parameters":[],"shouldDisplayMessage":false,"stepsCount":1,"attachmentsCount":3,"hasContent":true,"attachmentStep":false},{"name":"tearDown","time":{"start":1743588571121,"stop":1743588573225,"duration":2104},"status":"passed","steps":[{"name":"Closing the browser window","time":{"start":1743588571121,"stop":1743588573225,"duration":2104},"status":"passed","steps":[],"attachments":[],"parameters":[{"name":"startTime","value":"10:09:31 02-04-2025"}],"shouldDisplayMessage":false,"stepsCount":0,"attachmentsCount":0,"hasContent":true,"attachmentStep":false}],"attachments":[],"parameters":[],"shouldDisplayMessage":false,"stepsCount":1,"attachmentsCount":0,"hasContent":true,"attachmentStep":false}],"labels":[{"name":"tag","value":"Positive"},{"name":"tag","value":"application/Samples"},{"name":"tag","value":"Form"},{"name":"junit.platform.uniqueid","value":"[engine:junit-jupiter]/[class:application.Samples.Form.TextOnFormTest]/[method:placeholder()]"},{"name":"epic","value":"application/Samples"},{"name":"host","value":"fv-az1314-362"},{"name":"thread","value":"14646@fv-az1314-362.main(1)"},{"name":"framework","value":"junit-platform"},{"name":"language","value":"java"},{"name":"package","value":"application.Samples.Form.TextOnFormTest"},{"name":"testClass","value":"application.Samples.Form.TextOnFormTest"},{"name":"testMethod","value":"placeholder"},{"name":"suite","value":"Form. Checking the basic functions for the Text in the widget Form"},{"name":"resultFormat","value":"allure2"}],"parameters":[],"links":[],"hidden":false,"retry":false,"extra":{"severity":"normal","retries":[],"categories":[{"name":"Product defects","matchedStatuses":[],"flaky":false}],"history":{"statistic":{"failed":1,"broken":0,"skipped":0,"passed":21,"unknown":0,"total":22},"items":[{"uid":"d09547b00c8e9218","reportUrl":"https://CX-Box.github.io/cxbox-code-samples/14215989622/#testresult/d09547b00c8e9218","status":"passed","time":{"start":1743586079469,"stop":1743586097490,"duration":18021}},{"uid":"59280996abbff74c","reportUrl":"https://CX-Box.github.io/cxbox-code-samples/14214758508/#testresult/59280996abbff74c","status":"passed","time":{"start":1743582124756,"stop":1743582135002,"duration":10246}},{"uid":"d0594269053a506","reportUrl":"https://CX-Box.github.io/cxbox-code-samples/14214022460/#testresult/d0594269053a506","status":"passed","time":{"start":1743579729033,"stop":1743579747454,"duration":18421}},{"uid":"4ce8c4d96f829c98","reportUrl":"https://CX-Box.github.io/cxbox-code-samples/14198748372/#testresult/4ce8c4d96f829c98","status":"passed","time":{"start":1743519344386,"stop":1743519354506,"duration":10120}},{"uid":"dfb091bdd53d453","reportUrl":"https://CX-Box.github.io/cxbox-code-samples/14172841914/#testresult/dfb091bdd53d453","status":"passed","time":{"start":1743429062776,"stop":1743429107117,"duration":44341}},{"uid":"d8d5dbeca720aefd","reportUrl":"https://CX-Box.github.io/cxbox-code-samples/14172741973/#testresult/d8d5dbeca720aefd","status":"passed","time":{"start":1743428825831,"stop":1743428959052,"duration":133221}},{"uid":"ec7f2b80fa17f30f","reportUrl":"https://CX-Box.github.io/cxbox-code-samples/14135820361/#testresult/ec7f2b80fa17f30f","status":"passed","time":{"start":1743188150889,"stop":1743188161466,"duration":10577}},{"uid":"389c8822d053b310","reportUrl":"https://CX-Box.github.io/cxbox-code-samples/14129265762/#testresult/389c8822d053b310","status":"passed","time":{"start":1743166721695,"stop":1743166732454,"duration":10759}},{"uid":"3fef163d18659f7c","reportUrl":"https://CX-Box.github.io/cxbox-code-samples/14129027580/#testresult/3fef163d18659f7c","status":"passed","time":{"start":1743165771793,"stop":1743165782513,"duration":10720}},{"uid":"a1497365ac40f31c","reportUrl":"https://CX-Box.github.io/cxbox-code-samples/14126735706/#testresult/a1497365ac40f31c","status":"passed","time":{"start":1743157508012,"stop":1743157518507,"duration":10495}},{"uid":"2ca3a602d03b7c58","reportUrl":"https://CX-Box.github.io/cxbox-code-samples/14123068074/#testresult/2ca3a602d03b7c58","status":"passed","time":{"start":1743142725268,"stop":1743142735792,"duration":10524}},{"uid":"33bb19113234f05","reportUrl":"https://CX-Box.github.io/cxbox-code-samples/14115975566/#testresult/33bb19113234f05","status":"passed","time":{"start":1743107437334,"stop":1743107447764,"duration":10430}},{"uid":"18b1798fdc5ea6b9","reportUrl":"https://CX-Box.github.io/cxbox-code-samples/14102743428/#testresult/18b1798fdc5ea6b9","status":"passed","time":{"start":1743066924648,"stop":1743066935078,"duration":10430}},{"uid":"2fda17f7625a7dba","reportUrl":"https://CX-Box.github.io/cxbox-code-samples/14100713159/#testresult/2fda17f7625a7dba","status":"passed","time":{"start":1743059359079,"stop":1743059369382,"duration":10303}},{"uid":"614a63135f71208b","reportUrl":"https://CX-Box.github.io/cxbox-code-samples/14098804501/#testresult/614a63135f71208b","status":"passed","time":{"start":1743049866564,"stop":1743049877316,"duration":10752}},{"uid":"be21e4b97fecf408","reportUrl":"https://CX-Box.github.io/cxbox-code-samples/14098767077/#testresult/be21e4b97fecf408","status":"passed","time":{"start":1743049633896,"stop":1743049644263,"duration":10367}},{"uid":"c7a25de858683575","reportUrl":"https://CX-Box.github.io/cxbox-code-samples/14083922277/#testresult/c7a25de858683575","status":"passed","time":{"start":1742994595167,"stop":1742994606346,"duration":11179}},{"uid":"5f1927a3ccedbda9","reportUrl":"https://CX-Box.github.io/cxbox-code-samples/14083277667/#testresult/5f1927a3ccedbda9","status":"passed","time":{"start":1742992666587,"stop":1742992676635,"duration":10048}},{"uid":"5c1cb778b1f85be","reportUrl":"https://CX-Box.github.io/cxbox-code-samples/14081661492/#testresult/5c1cb778b1f85be","status":"passed","time":{"start":1742987420341,"stop":1742987429699,"duration":9358}},{"uid":"25772e0a5773c971","reportUrl":"https://CX-Box.github.io/cxbox-code-samples/14031995360/#testresult/25772e0a5773c971","status":"passed","time":{"start":1742809884633,"stop":1742809895777,"duration":11144}}]},"tags":["application/Samples","Positive","Form"]},"source":"c858520c687a1a1c.json","parameterValues":[]}